IQ-TREE multicore version 2.0.7 for Linux 64-bit built Jan 21 2022
Developed by Bui Quang Minh, Nguyen Lam Tung, Olga Chernomor,
Heiko Schmidt, Dominik Schrempf, Michael Woodhams.

Host:    DESKTOP-P8M0AUR (AVX2, FMA3, 3 GB RAM)
Command: iqtree2 -s fr10_all_aligned.fasta -redo -o CAJIMM010022611 -B 1000
Seed:    663498 (Using SPRNG - Scalable Parallel Random Number Generator)
Time:    Wed Jan 17 16:24:04 2024
Kernel:  AVX+FMA - 1 threads (8 CPU cores detected)

HINT: Use -nt option to specify number of threads because your CPU has 8 cores!
HINT: -nt AUTO will automatically determine the best number of threads to use.

Reading alignment file fr10_all_aligned.fasta ... Fasta format detected
Alignment most likely contains DNA/RNA sequences
Alignment has 136 sequences with 499 columns, 413 distinct patterns
178 parsimony-informative, 104 singleton sites, 217 constant sites
                 Gap/Ambiguity  Composition  p-value
   1  JAQSEC010000013   12.02%    passed     95.59%
   2  LIAG020987184     27.66%    passed     68.04%
   3  CAJIML010011253   12.22%    passed     90.40%
   4  VIAC01347839      27.66%    passed     87.64%
   5  JARGYO010000011   11.42%    passed     82.12%
   6  JAJQKJ010002606   11.82%    passed     78.59%
   7  BLSH010535194     25.45%    passed     80.93%
   8  LIAG021239457     84.17%    passed     31.75%
   9  BLSH010011145     84.17%    passed     53.80%
  10  CATNWA010016741   29.86%    passed     30.37%
  11  PZQJ01000012      84.17%    passed     87.59%
  12  DYDO01000683      84.17%    passed     87.59%
  13  JYOU01101346      84.17%    passed     77.44%
  14  VIAC01175670      85.37%    passed     78.40%
  15  JAEOBE010182360   86.97%    passed     51.38%
  16  JARQOC010000012   88.18%    passed     52.78%
  17  CAJIMM010022611   89.38%    passed     40.25%
  18  JAKJJM010311780   88.98%    passed     87.22%
  19  JAQIHN010000115   89.38%    passed     29.15%
  20  ONZH01005954      89.38%    passed     47.65%
  21  JAQIHO010000097   89.38%    passed     29.15%
  22  JAKVIS010000011   89.38%    passed     43.08%
  23  JABAHN010000008   89.38%    passed     39.94%
  24  AAMC04000008      89.38%    passed     39.94%
  25  JARQOD010000001   89.58%    passed     34.32%
  26  CAJIMM010020206   89.78%    failed      0.19%
  27  JAEUXP010000007   89.38%    passed      9.22%
  28  DAJOPU010000013   89.38%    passed      9.22%
  29  RXON01000007      89.38%    passed      9.22%
  30  JAWCTU010000002   89.58%    passed     52.44%
  31  CAUEEQ010006196   89.58%    passed     52.44%
  32  JAVFLC010000018   89.38%    passed     71.73%
  33  JAVFLB010000013   89.38%    passed     71.73%
  34  CAMRHE010000551   89.38%    passed     66.50%
  35  JARJJA010000011   89.38%    passed     61.95%
  36  JARJIZ010000060   89.38%    passed     61.95%
  37  GDDO01096559      10.02%    passed     99.95%
  38  LH353456          10.02%    passed     99.02%
  39  LH353453          10.02%    passed     99.02%
  40  LH353452          10.02%    passed     99.02%
  41  LH353449          10.02%    passed     99.02%
  42  LH353448          10.02%    passed     99.02%
  43  LH353447          10.02%    passed     99.02%
  44  LH353446          10.02%    passed     99.02%
  45  LH353444          10.02%    passed     99.02%
  46  LH353443          10.02%    passed     99.02%
  47  LH353441          10.02%    passed     99.02%
  48  LH353436          10.02%    passed     99.02%
  49  LH353433          10.02%    passed     99.02%
  50  LH353432          10.02%    passed     99.02%
  51  LH353428          10.02%    passed     99.02%
  52  LH353427          10.02%    passed     99.02%
  53  LH353426          10.02%    passed     99.02%
  54  LH353425          10.02%    passed     99.02%
  55  LH353423          10.02%    passed     99.02%
  56  LH353422          10.02%    passed     99.02%
  57  LH353420          10.02%    passed     99.02%
  58  LH353415          10.02%    passed     99.02%
  59  LH353412          10.02%    passed     99.02%
  60  LH353411          10.02%    passed     99.02%
  61  LH353408          10.02%    passed     99.02%
  62  LH353407          10.02%    passed     99.02%
  63  LH353406          10.02%    passed     99.02%
  64  LH353405          10.02%    passed     99.02%
  65  LH353403          10.02%    passed     99.02%
  66  LH353402          10.02%    passed     99.02%
  67  LH353400          10.02%    passed     99.02%
  68  LH246510          10.02%    passed     99.02%
  69  GDDO01098429      10.02%    passed     99.02%
  70  GDDO01098681      10.42%    passed     99.48%
  71  GDDO01104399      10.22%    passed     99.22%
  72  GGNS01048791      10.02%    passed     96.29%
  73  GKLC01412017       8.42%    passed     85.98%
  74  LH380687          10.82%    passed     96.02%
  75  GJEE01021557      10.02%    passed     81.46%
  76  GJEE01021554      10.02%    passed     81.46%
  77  GGLB01156041      12.83%    passed     93.74%
  78  GAEG01030218      12.02%    passed     92.48%
  79  LH381201          28.86%    passed     83.34%
  80  GFBS01545641      27.66%    passed     68.04%
  81  GDDO01105572      14.03%    passed     84.40%
  82  GGLB01186709      28.26%    passed     79.58%
  83  LH381261          37.68%    passed     32.09%
  84  GDDO01091471      41.68%    passed     21.57%
  85  GDDO01100612      40.48%    passed     78.66%
  86  GDDO01093386      41.48%    passed     85.21%
  87  GDDO01098165      38.28%    passed     10.08%
  88  GDDO01105559      44.09%    passed     49.05%
  89  GDDO01001601      51.70%    passed     63.15%
  90  GDDO01001845      37.68%    passed     68.99%
  91  GDDO01098381      26.85%    passed     91.67%
  92  GGLB01055383      60.32%    passed     58.12%
  93  GJEE01021552      10.02%    passed     81.46%
  94  GEGG01042616      12.02%    passed     72.88%
  95  GDDO01000997      57.11%    passed     29.38%
  96  GJEE01021551      27.66%    passed     51.46%
  97  GJEE01021549      27.66%    passed     51.46%
  98  GDDO01099720      60.52%    failed      1.33%
  99  GGLB01080741      52.30%    passed     47.63%
 100  LH376471          68.34%    passed     82.13%
 101  GHMZ01002711      55.11%    passed     35.83%
 102  ICLD02020573      37.68%    passed     26.86%
 103  GEGH01045879      11.02%    passed     12.00%
 104  GDDO01001687      65.33%    failed      4.71%
 105  GDDO01001682      65.33%    failed      4.71%
 106  GGLB01209186      53.31%    passed     51.74%
 107  GDDO01207728      68.14%    failed      3.91%
 108  GGLB01080739      60.32%    passed     63.71%
 109  GGLB01055384      75.75%    passed     50.39%
 110  GEGI01020907      57.72%    passed     10.59%
 111  GDDO01001399      73.75%    failed      0.20%
 112  GDDO01303518      73.75%    failed      0.20%
 113  LH362425          70.94%    passed      5.92%
 114  GDDO01105241      75.75%    passed     15.78%
 115  GDDO01102209      63.53%    passed     10.25%
 116  GEGI01020926      66.33%    failed      0.99%
 117  GDDO01255378      65.93%    passed     32.96%
 118  GDDO01322251      84.17%    passed     31.75%
 119  GDDO01229544      84.17%    passed     31.75%
 120  GDDO01208094      84.17%    passed     31.75%
 121  GAEG01010914      84.17%    passed     31.75%
 122  GDDO01332011      84.17%    passed     31.75%
 123  GDDO01279950      84.17%    passed     31.75%
 124  GJEE01021556      81.96%    passed     79.10%
 125  GGLB01203822      84.17%    passed     43.22%
 126  GDDO01207905      85.77%    passed     26.11%
 127  GDDO01138345      86.17%    passed     22.21%
 128  GJEE01021544      84.17%    passed     80.71%
 129  GDDO01278460      86.57%    passed     30.28%
 130  GDDO01180955      84.77%    passed     25.89%
 131  LH381524          86.97%    passed     62.41%
 132  GDDO01348827      74.35%    passed     81.67%
 133  GDDO01318238      87.17%    passed     37.87%
 134  ICLD02027861      84.17%    passed     87.59%
 135  GDDO01335937      87.78%    passed     24.42%
 136  GDDO01315100      87.78%    passed     24.42%
WARNING: 68 sequences contain more than 50% gaps/ambiguity
****  TOTAL             48.05%  8 sequences failed composition chi2 test (p-value<5%; df=3)
NOTE: GFBS01545641 is identical to LIAG020987184 but kept for subsequent analysis
NOTE: GDDO01322251 is identical to LIAG021239457 but kept for subsequent analysis
NOTE: DYDO01000683 is identical to PZQJ01000012 but kept for subsequent analysis
NOTE: JAQIHO010000097 is identical to JAQIHN010000115 but kept for subsequent analysis
NOTE: AAMC04000008 is identical to JABAHN010000008 but kept for subsequent analysis
NOTE: DAJOPU010000013 is identical to JAEUXP010000007 but kept for subsequent analysis
NOTE: CAUEEQ010006196 is identical to JAWCTU010000002 but kept for subsequent analysis
NOTE: JAVFLB010000013 is identical to JAVFLC010000018 but kept for subsequent analysis
NOTE: JARJIZ010000060 is identical to JARJJA010000011 but kept for subsequent analysis
NOTE: LH353453 is identical to LH353456 but kept for subsequent analysis
NOTE: GJEE01021554 is identical to GJEE01021557 but kept for subsequent analysis
NOTE: GJEE01021549 is identical to GJEE01021551 but kept for subsequent analysis
NOTE: GDDO01001682 is identical to GDDO01001687 but kept for subsequent analysis
NOTE: GDDO01303518 is identical to GDDO01001399 but kept for subsequent analysis
NOTE: GDDO01315100 is identical to GDDO01335937 but kept for subsequent analysis
NOTE: 38 identical sequences (see below) will be ignored for subsequent analysis
NOTE: GDDO01229544 (identical to LIAG021239457) is ignored but added at the end
NOTE: GDDO01208094 (identical to LIAG021239457) is ignored but added at the end
NOTE: GAEG01010914 (identical to LIAG021239457) is ignored but added at the end
NOTE: GDDO01332011 (identical to LIAG021239457) is ignored but added at the end
NOTE: GDDO01279950 (identical to LIAG021239457) is ignored but added at the end
NOTE: ICLD02027861 (identical to PZQJ01000012) is ignored but added at the end
NOTE: RXON01000007 (identical to JAEUXP010000007) is ignored but added at the end
NOTE: LH353452 (identical to LH353456) is ignored but added at the end
NOTE: LH353449 (identical to LH353456) is ignored but added at the end
NOTE: LH353448 (identical to LH353456) is ignored but added at the end
NOTE: LH353447 (identical to LH353456) is ignored but added at the end
NOTE: LH353446 (identical to LH353456) is ignored but added at the end
NOTE: LH353444 (identical to LH353456) is ignored but added at the end
NOTE: LH353443 (identical to LH353456) is ignored but added at the end
NOTE: LH353441 (identical to LH353456) is ignored but added at the end
NOTE: LH353436 (identical to LH353456) is ignored but added at the end
NOTE: LH353433 (identical to LH353456) is ignored but added at the end
NOTE: LH353432 (identical to LH353456) is ignored but added at the end
NOTE: LH353428 (identical to LH353456) is ignored but added at the end
NOTE: LH353427 (identical to LH353456) is ignored but added at the end
NOTE: LH353426 (identical to LH353456) is ignored but added at the end
NOTE: LH353425 (identical to LH353456) is ignored but added at the end
NOTE: LH353423 (identical to LH353456) is ignored but added at the end
NOTE: LH353422 (identical to LH353456) is ignored but added at the end
NOTE: LH353420 (identical to LH353456) is ignored but added at the end
NOTE: LH353415 (identical to LH353456) is ignored but added at the end
NOTE: LH353412 (identical to LH353456) is ignored but added at the end
NOTE: LH353411 (identical to LH353456) is ignored but added at the end
NOTE: LH353408 (identical to LH353456) is ignored but added at the end
NOTE: LH353407 (identical to LH353456) is ignored but added at the end
NOTE: LH353406 (identical to LH353456) is ignored but added at the end
NOTE: LH353405 (identical to LH353456) is ignored but added at the end
NOTE: LH353403 (identical to LH353456) is ignored but added at the end
NOTE: LH353402 (identical to LH353456) is ignored but added at the end
NOTE: LH353400 (identical to LH353456) is ignored but added at the end
NOTE: LH246510 (identical to LH353456) is ignored but added at the end
NOTE: GDDO01098429 (identical to LH353456) is ignored but added at the end
NOTE: GJEE01021552 (identical to GJEE01021557) is ignored but added at the end
Alignment was printed to fr10_all_aligned.fasta.uniqueseq.phy

For your convenience alignment with unique sequences printed to fr10_all_aligned.fasta.uniqueseq.phy


Create initial parsimony tree by phylogenetic likelihood library (PLL)... 0.020 seconds
Perform fast likelihood tree search using GTR+I+G model...
Estimate model parameters (epsilon = 5.000)
Perform nearest neighbor interchange...
Estimate model parameters (epsilon = 1.000)
1. Initial log-likelihood: -3483.813
Optimal log-likelihood: -3483.380
Rate parameters:  A-C: 1.36306  A-G: 3.13092  A-T: 1.39929  C-G: 0.77325  C-T: 2.96528  G-T: 1.00000
Base frequencies:  A: 0.261  C: 0.285  G: 0.222  T: 0.233
Proportion of invariable sites: 0.173
Gamma shape alpha: 1.537
Parameters optimization took 1 rounds (0.137 sec)
Time for fast ML tree search: 2.369 seconds

NOTE: ModelFinder requires 14 MB RAM!
ModelFinder will test up to 286 DNA models (sample size: 499) ...
 No. Model         -LnL         df  AIC          AICc         BIC
  1  GTR+F         3558.337     201 7518.673     7792.087     8365.407
  2  GTR+F+I       3508.330     202 7420.660     7697.728     8271.607
  3  GTR+F+G4      3481.189     202 7366.378     7643.446     8217.324
  4  GTR+F+I+G4    3482.302     203 7370.604     7651.363     8225.763
  5  GTR+F+R2      3482.802     203 7371.603     7652.363     8226.763
  6  GTR+F+R3      3480.588     205 7371.176     7659.436     8234.760
 16  SYM+G4        3486.314     199 7370.628     7636.848     8208.936
 17  SYM+I+G4      3487.535     200 7375.069     7644.868     8217.590
 18  SYM+R2        3487.375     200 7374.749     7644.548     8217.271
 29  TVM+F+G4      3481.188     201 7364.375     7637.789     8211.109
 30  TVM+F+I+G4    3482.355     202 7368.709     7645.777     8219.655
 31  TVM+F+R2      3482.844     202 7369.688     7646.756     8220.635
 42  TVMe+G4       3486.301     198 7368.602     7631.282     8202.698
 43  TVMe+I+G4     3487.544     199 7373.088     7639.309     8211.396
 44  TVMe+R2       3487.388     199 7372.776     7638.997     8211.085
 55  TIM3+F+G4     3486.202     200 7372.404     7642.203     8214.925
 56  TIM3+F+I+G4   3487.249     201 7376.497     7649.911     8223.231
 57  TIM3+F+R2     3488.316     201 7378.631     7652.045     8225.365
 68  TIM3e+G4      3494.430     197 7382.859     7642.035     8212.743
 69  TIM3e+I+G4    3495.589     198 7387.179     7649.859     8221.275
 70  TIM3e+R2      3496.225     198 7388.451     7651.131     8222.547
 81  TIM2+F+G4     3481.565     200 7363.131     7632.930     8205.652
 82  TIM2+F+I+G4   3482.741     201 7367.482     7640.896     8214.216
 83  TIM2+F+R2     3483.253     201 7368.505     7641.919     8215.239
 94  TIM2e+G4      3486.536     197 7367.071     7626.248     8196.955
 95  TIM2e+I+G4    3487.784     198 7371.568     7634.248     8205.664
 96  TIM2e+R2      3487.650     198 7371.301     7633.981     8205.397
107  TIM+F+G4      3485.767     200 7371.533     7641.332     8214.055
108  TIM+F+I+G4    3486.837     201 7375.675     7649.089     8222.409
109  TIM+F+R2      3487.851     201 7377.703     7651.117     8224.436
120  TIMe+G4       3493.638     197 7381.276     7640.452     8211.159
121  TIMe+I+G4     3494.785     198 7385.570     7648.250     8219.666
122  TIMe+R2       3495.459     198 7386.918     7649.598     8221.014
133  TPM3u+F+G4    3486.243     199 7370.485     7636.706     8208.794
134  TPM3u+F+I+G4  3487.301     200 7374.602     7644.401     8217.123
135  TPM3u+F+R2    3488.344     200 7376.689     7646.487     8219.210
146  TPM3+F+G4     3486.243     199 7370.485     7636.706     8208.794
147  TPM3+F+I+G4   3487.301     200 7374.602     7644.401     8217.123
148  TPM3+F+R2     3488.344     200 7376.689     7646.487     8219.210
159  TPM2u+F+G4    3481.602     199 7361.204     7627.425     8199.513
160  TPM2u+F+I+G4  3482.792     200 7365.584     7635.383     8208.105
161  TPM2u+F+R2    3483.289     200 7366.578     7636.377     8209.099
172  TPM2+F+G4     3481.602     199 7361.204     7627.425     8199.513
173  TPM2+F+I+G4   3482.792     200 7365.584     7635.383     8208.105
174  TPM2+F+R2     3483.289     200 7366.578     7636.377     8209.099
185  K3Pu+F+G4     3485.806     199 7369.613     7635.833     8207.921
186  K3Pu+F+I+G4   3486.887     200 7373.775     7643.574     8216.296
187  K3Pu+F+R2     3487.878     200 7375.756     7645.555     8218.277
198  K3P+G4        3493.666     196 7379.332     7635.041     8205.003
199  K3P+I+G4      3494.806     197 7383.612     7642.789     8213.496
200  K3P+R2        3495.502     197 7385.004     7644.180     8214.887
211  TN+F+G4       3486.394     199 7370.787     7637.008     8209.096
212  TN+F+I+G4     3487.465     200 7374.931     7644.729     8217.452
213  TN+F+R2       3488.540     200 7377.080     7646.879     8219.602
224  TNe+G4        3494.481     196 7380.961     7636.670     8206.632
225  TNe+I+G4      3495.643     197 7385.285     7644.461     8215.169
226  TNe+R2        3496.353     197 7386.707     7645.883     8216.590
237  HKY+F+G4      3486.433     198 7368.866     7631.546     8202.962
238  HKY+F+I+G4    3487.514     199 7373.028     7639.248     8211.336
239  HKY+F+R2      3488.567     199 7375.134     7641.355     8213.443
250  K2P+G4        3494.511     195 7379.023     7631.300     8200.481
251  K2P+I+G4      3495.666     196 7383.331     7639.040     8209.002
252  K2P+R2        3496.397     196 7384.794     7640.503     8210.465
263  F81+F+G4      3544.231     197 7482.461     7741.637     8312.345
264  F81+F+I+G4    3545.381     198 7486.761     7749.441     8320.857
265  F81+F+R2      3545.804     198 7487.607     7750.287     8321.703
276  JC+G4         3551.200     194 7490.400     7739.281     8307.645
277  JC+I+G4       3552.367     195 7494.734     7747.011     8316.192
278  JC+R2         3552.669     195 7495.338     7747.615     8316.796
Akaike Information Criterion:           TPM2u+F+G4
Corrected Akaike Information Criterion: TIM2e+G4
Bayesian Information Criterion:         TIM2e+G4
Best-fit model: TIM2e+G4 chosen according to BIC

All model information printed to fr10_all_aligned.fasta.model.gz
CPU time for ModelFinder: 18.356 seconds (0h:0m:18s)
Wall-clock time for ModelFinder: 20.204 seconds (0h:0m:20s)
Generating 1000 samples for ultrafast bootstrap (seed: 663498)...

NOTE: 6 MB RAM (0 GB) is required!
Estimate model parameters (epsilon = 0.100)
1. Initial log-likelihood: -3486.536
Optimal log-likelihood: -3486.521
Rate parameters:  A-C: 1.86455  A-G: 3.75300  A-T: 1.86455  C-G: 1.00000  C-T: 3.82420  G-T: 1.00000
Base frequencies:  A: 0.250  C: 0.250  G: 0.250  T: 0.250
Gamma shape alpha: 0.855
Parameters optimization took 1 rounds (0.054 sec)
Computing ML distances based on estimated model parameters... 0.081 sec
WARNING: Some pairwise ML distances are too long (saturated)
Computing BIONJ tree...
0.009 seconds
Log-likelihood of BIONJ tree: -4421.087
--------------------------------------------------------------------
|             INITIALIZING CANDIDATE TREE SET                      |
--------------------------------------------------------------------
Generating 98 parsimony trees... 1.001 second
Computing log-likelihood of 98 initial trees ... 1.282 seconds
Current best score: -3479.481

Do NNI search on 20 best initial trees
Estimate model parameters (epsilon = 0.100)
BETTER TREE FOUND at iteration 1: -3468.615
Estimate model parameters (epsilon = 0.100)
BETTER TREE FOUND at iteration 2: -3468.165
Estimate model parameters (epsilon = 0.100)
BETTER TREE FOUND at iteration 3: -3468.122
Estimate model parameters (epsilon = 0.100)
BETTER TREE FOUND at iteration 8: -3467.933
Iteration 10 / LogL: -3477.774 / Time: 0h:0m:10s
Estimate model parameters (epsilon = 0.100)
BETTER TREE FOUND at iteration 16: -3465.338
Iteration 20 / LogL: -3487.845 / Time: 0h:0m:17s
Finish initializing candidate tree set (20)
Current best tree score: -3465.338 / CPU time: 17.226
Number of iterations: 20
--------------------------------------------------------------------
|               OPTIMIZING CANDIDATE TREE SET                      |
--------------------------------------------------------------------
Iteration 30 / LogL: -3465.404 / Time: 0h:0m:26s (0h:1m:18s left)
Iteration 40 / LogL: -3469.091 / Time: 0h:0m:33s (0h:1m:5s left)
BETTER TREE FOUND at iteration 42: -3465.336
Estimate model parameters (epsilon = 0.100)
BETTER TREE FOUND at iteration 47: -3464.382
Iteration 50 / LogL: -3464.803 / Time: 0h:0m:39s (0h:1m:17s left)
Log-likelihood cutoff on original alignment: -3495.352
Estimate model parameters (epsilon = 0.100)
BETTER TREE FOUND at iteration 59: -3463.826
Iteration 60 / LogL: -3467.376 / Time: 0h:0m:45s (0h:1m:16s left)
Estimate model parameters (epsilon = 0.100)
BETTER TREE FOUND at iteration 63: -3463.805
Estimate model parameters (epsilon = 0.100)
BETTER TREE FOUND at iteration 68: -3463.709
Iteration 70 / LogL: -3464.410 / Time: 0h:0m:52s (0h:1m:13s left)
Estimate model parameters (epsilon = 0.100)
BETTER TREE FOUND at iteration 78: -3463.693
Iteration 80 / LogL: -3482.835 / Time: 0h:0m:57s (0h:1m:10s left)
Iteration 90 / LogL: -3464.662 / Time: 0h:1m:2s (0h:1m:2s left)
Iteration 100 / LogL: -3464.660 / Time: 0h:1m:9s (0h:0m:54s left)
Log-likelihood cutoff on original alignment: -3495.352
NOTE: Bootstrap correlation coefficient of split occurrence frequencies: 0.973
NOTE: UFBoot does not converge, continue at least 100 more iterations
Iteration 110 / LogL: -3467.177 / Time: 0h:1m:15s (0h:1m:2s left)
Iteration 120 / LogL: -3463.721 / Time: 0h:1m:21s (0h:0m:54s left)
BETTER TREE FOUND at iteration 122: -3463.692
Iteration 130 / LogL: -3466.236 / Time: 0h:1m:27s (0h:1m:2s left)
BETTER TREE FOUND at iteration 135: -3463.691
Iteration 140 / LogL: -3463.811 / Time: 0h:1m:33s (0h:1m:4s left)
Iteration 150 / LogL: -3465.012 / Time: 0h:1m:40s (0h:0m:57s left)
Log-likelihood cutoff on original alignment: -3495.352
Iteration 160 / LogL: -3463.815 / Time: 0h:1m:46s (0h:0m:50s left)
BETTER TREE FOUND at iteration 169: -3463.691
Iteration 170 / LogL: -3463.693 / Time: 0h:1m:52s (0h:1m:5s left)
Iteration 180 / LogL: -3464.506 / Time: 0h:1m:58s (0h:0m:58s left)
Iteration 190 / LogL: -3463.697 / Time: 0h:2m:4s (0h:0m:52s left)
Iteration 200 / LogL: -3464.657 / Time: 0h:2m:10s (0h:0m:45s left)
Log-likelihood cutoff on original alignment: -3496.102
NOTE: Bootstrap correlation coefficient of split occurrence frequencies: 0.992
Iteration 210 / LogL: -3464.650 / Time: 0h:2m:17s (0h:0m:59s left)
Iteration 220 / LogL: -3487.148 / Time: 0h:2m:23s (0h:0m:52s left)
Iteration 230 / LogL: -3463.693 / Time: 0h:2m:29s (0h:0m:45s left)
Iteration 240 / LogL: -3486.069 / Time: 0h:2m:35s (0h:0m:39s left)
Estimate model parameters (epsilon = 0.100)
BETTER TREE FOUND at iteration 243: -3462.601
Iteration 250 / LogL: -3463.828 / Time: 0h:2m:42s (0h:1m:0s left)
Log-likelihood cutoff on original alignment: -3496.102
Iteration 260 / LogL: -3463.812 / Time: 0h:2m:48s (0h:0m:54s left)
Iteration 270 / LogL: -3463.570 / Time: 0h:2m:55s (0h:0m:47s left)
Iteration 280 / LogL: -3463.396 / Time: 0h:3m:1s (0h:0m:40s left)
Estimate model parameters (epsilon = 0.100)
BETTER TREE FOUND at iteration 283: -3462.574
BETTER TREE FOUND at iteration 289: -3462.573
Iteration 290 / LogL: -3462.575 / Time: 0h:3m:9s (0h:1m:4s left)
Iteration 300 / LogL: -3462.601 / Time: 0h:3m:16s (0h:0m:58s left)
Log-likelihood cutoff on original alignment: -3496.102
NOTE: Bootstrap correlation coefficient of split occurrence frequencies: 0.985
NOTE: UFBoot does not converge, continue at least 100 more iterations
Iteration 310 / LogL: -3462.604 / Time: 0h:3m:24s (0h:0m:59s left)
BETTER TREE FOUND at iteration 315: -3462.571
Iteration 320 / LogL: -3464.396 / Time: 0h:3m:31s (0h:1m:3s left)
BETTER TREE FOUND at iteration 322: -3462.570
Iteration 330 / LogL: -3462.686 / Time: 0h:3m:38s (0h:1m:1s left)
Estimate model parameters (epsilon = 0.100)
BETTER TREE FOUND at iteration 337: -3462.451
Estimate model parameters (epsilon = 0.100)
BETTER TREE FOUND at iteration 338: -3462.436
Estimate model parameters (epsilon = 0.100)
BETTER TREE FOUND at iteration 340: -3462.421
Iteration 340 / LogL: -3462.421 / Time: 0h:3m:46s (0h:1m:6s left)
Iteration 350 / LogL: -3463.734 / Time: 0h:3m:53s (0h:1m:0s left)
Log-likelihood cutoff on original alignment: -3496.102
Iteration 360 / LogL: -3463.480 / Time: 0h:4m:0s (0h:0m:53s left)
Iteration 370 / LogL: -3466.651 / Time: 0h:4m:7s (0h:0m:46s left)
BETTER TREE FOUND at iteration 373: -3462.418
Iteration 380 / LogL: -3462.435 / Time: 0h:4m:14s (0h:1m:2s left)
Iteration 390 / LogL: -3463.927 / Time: 0h:4m:21s (0h:0m:55s left)
Iteration 400 / LogL: -3467.254 / Time: 0h:4m:29s (0h:0m:49s left)
Log-likelihood cutoff on original alignment: -3496.102
NOTE: Bootstrap correlation coefficient of split occurrence frequencies: 0.975
NOTE: UFBoot does not converge, continue at least 100 more iterations
Estimate model parameters (epsilon = 0.100)
BETTER TREE FOUND at iteration 404: -3462.349
Iteration 410 / LogL: -3463.667 / Time: 0h:4m:37s (0h:1m:3s left)
Iteration 420 / LogL: -3463.030 / Time: 0h:4m:44s (0h:0m:56s left)
Iteration 430 / LogL: -3462.399 / Time: 0h:4m:51s (0h:0m:50s left)
Iteration 440 / LogL: -3462.354 / Time: 0h:4m:58s (0h:0m:43s left)
Iteration 450 / LogL: -3463.247 / Time: 0h:5m:5s (0h:0m:36s left)
Log-likelihood cutoff on original alignment: -3496.102
Iteration 460 / LogL: -3464.148 / Time: 0h:5m:13s (0h:0m:30s left)
Iteration 470 / LogL: -3463.406 / Time: 0h:5m:20s (0h:0m:23s left)
Iteration 480 / LogL: -3463.627 / Time: 0h:5m:27s (0h:0m:16s left)
Iteration 490 / LogL: -3463.629 / Time: 0h:5m:36s (0h:0m:9s left)
Iteration 500 / LogL: -3463.234 / Time: 0h:5m:43s (0h:0m:2s left)
Log-likelihood cutoff on original alignment: -3496.102
NOTE: Bootstrap correlation coefficient of split occurrence frequencies: 0.948
NOTE: UFBoot does not converge, continue at least 100 more iterations
Estimate model parameters (epsilon = 0.100)
BETTER TREE FOUND at iteration 510: -3462.338
Iteration 510 / LogL: -3462.338 / Time: 0h:5m:51s (0h:1m:9s left)
Iteration 520 / LogL: -3465.384 / Time: 0h:5m:58s (0h:1m:2s left)
BETTER TREE FOUND at iteration 526: -3462.336
Iteration 530 / LogL: -3463.418 / Time: 0h:6m:6s (0h:1m:6s left)
BETTER TREE FOUND at iteration 536: -3462.336
Iteration 540 / LogL: -3462.368 / Time: 0h:6m:12s (0h:1m:6s left)
Iteration 550 / LogL: -3463.538 / Time: 0h:6m:20s (0h:0m:59s left)
Log-likelihood cutoff on original alignment: -3496.102
Iteration 560 / LogL: -3463.248 / Time: 0h:6m:28s (0h:0m:52s left)
BETTER TREE FOUND at iteration 566: -3462.333
Iteration 570 / LogL: -3462.348 / Time: 0h:6m:35s (0h:1m:6s left)
Iteration 580 / LogL: -3462.839 / Time: 0h:6m:42s (0h:0m:59s left)
Iteration 590 / LogL: -3462.370 / Time: 0h:6m:50s (0h:0m:52s left)
Iteration 600 / LogL: -3463.226 / Time: 0h:6m:57s (0h:0m:45s left)
Log-likelihood cutoff on original alignment: -3496.102
NOTE: Bootstrap correlation coefficient of split occurrence frequencies: 0.939
NOTE: UFBoot does not converge, continue at least 100 more iterations
Iteration 610 / LogL: -3462.426 / Time: 0h:7m:6s (0h:1m:2s left)
Iteration 620 / LogL: -3483.730 / Time: 0h:7m:14s (0h:0m:56s left)
Iteration 630 / LogL: -3462.940 / Time: 0h:7m:21s (0h:0m:49s left)
Iteration 640 / LogL: -3462.337 / Time: 0h:7m:29s (0h:0m:42s left)
Iteration 650 / LogL: -3462.356 / Time: 0h:7m:37s (0h:0m:35s left)
Log-likelihood cutoff on original alignment: -3496.102
Iteration 660 / LogL: -3463.236 / Time: 0h:7m:45s (0h:0m:28s left)
Iteration 670 / LogL: -3462.421 / Time: 0h:7m:54s (0h:0m:21s left)
Iteration 680 / LogL: -3463.307 / Time: 0h:8m:2s (0h:0m:14s left)
Iteration 690 / LogL: -3462.354 / Time: 0h:8m:10s (0h:0m:7s left)
Iteration 700 / LogL: -3462.910 / Time: 0h:8m:18s (0h:0m:0s left)
Log-likelihood cutoff on original alignment: -3496.102
NOTE: Bootstrap correlation coefficient of split occurrence frequencies: 0.940
NOTE: UFBoot does not converge, continue at least 100 more iterations
Iteration 710 / LogL: -3462.338 / Time: 0h:8m:26s (0h:1m:4s left)
Iteration 720 / LogL: -3462.953 / Time: 0h:8m:34s (0h:0m:57s left)
Iteration 730 / LogL: -3463.628 / Time: 0h:8m:42s (0h:0m:50s left)
Iteration 740 / LogL: -3462.336 / Time: 0h:8m:49s (0h:0m:43s left)
Iteration 750 / LogL: -3463.235 / Time: 0h:8m:57s (0h:0m:35s left)
Log-likelihood cutoff on original alignment: -3496.102
Iteration 760 / LogL: -3464.140 / Time: 0h:9m:5s (0h:0m:28s left)
Iteration 770 / LogL: -3464.363 / Time: 0h:9m:13s (0h:0m:21s left)
Iteration 780 / LogL: -3462.744 / Time: 0h:9m:23s (0h:0m:14s left)
BETTER TREE FOUND at iteration 783: -3462.333
Iteration 790 / LogL: -3464.655 / Time: 0h:9m:31s (0h:1m:7s left)
Iteration 800 / LogL: -3473.869 / Time: 0h:9m:39s (0h:1m:0s left)
Log-likelihood cutoff on original alignment: -3496.102
NOTE: Bootstrap correlation coefficient of split occurrence frequencies: 0.940
NOTE: UFBoot does not converge, continue at least 100 more iterations
Iteration 810 / LogL: -3462.333 / Time: 0h:9m:48s (0h:1m:5s left)
Iteration 820 / LogL: -3481.331 / Time: 0h:9m:55s (0h:0m:58s left)
Iteration 830 / LogL: -3462.849 / Time: 0h:10m:3s (0h:0m:50s left)
Iteration 840 / LogL: -3462.493 / Time: 0h:10m:11s (0h:0m:43s left)
Iteration 850 / LogL: -3462.929 / Time: 0h:10m:19s (0h:0m:36s left)
Log-likelihood cutoff on original alignment: -3496.102
Iteration 860 / LogL: -3462.336 / Time: 0h:10m:27s (0h:0m:29s left)
Iteration 870 / LogL: -3463.233 / Time: 0h:10m:35s (0h:0m:21s left)
BETTER TREE FOUND at iteration 876: -3462.332
Iteration 880 / LogL: -3463.250 / Time: 0h:10m:44s (0h:1m:10s left)
Iteration 890 / LogL: -3462.354 / Time: 0h:10m:53s (0h:1m:3s left)
Iteration 900 / LogL: -3462.349 / Time: 0h:11m:1s (0h:0m:55s left)
Log-likelihood cutoff on original alignment: -3496.102
NOTE: Bootstrap correlation coefficient of split occurrence frequencies: 0.957
NOTE: UFBoot does not converge, continue at least 100 more iterations
Iteration 910 / LogL: -3462.345 / Time: 0h:11m:9s (0h:1m:6s left)
Iteration 920 / LogL: -3463.028 / Time: 0h:11m:18s (0h:0m:59s left)
Iteration 930 / LogL: -3463.428 / Time: 0h:11m:26s (0h:0m:51s left)
Iteration 940 / LogL: -3462.352 / Time: 0h:11m:35s (0h:0m:44s left)
Iteration 950 / LogL: -3463.291 / Time: 0h:11m:43s (0h:0m:37s left)
Log-likelihood cutoff on original alignment: -3496.102
Iteration 960 / LogL: -3462.339 / Time: 0h:11m:52s (0h:0m:29s left)
Iteration 970 / LogL: -3465.574 / Time: 0h:12m:1s (0h:0m:22s left)
Iteration 980 / LogL: -3463.631 / Time: 0h:12m:10s (0h:0m:14s left)
Iteration 990 / LogL: -3463.030 / Time: 0h:12m:20s (0h:0m:7s left)
Iteration 1000 / LogL: -3466.567 / Time: 0h:12m:29s (0h:0m:0s left)
Log-likelihood cutoff on original alignment: -3496.102
NOTE: Bootstrap correlation coefficient of split occurrence frequencies: 0.953
NOTE: UFBoot does not converge, continue at least 100 more iterations
WARNING: bootstrap analysis did not converge. You should rerun with higher number of iterations (-nm option)
TREE SEARCH COMPLETED AFTER 1001 ITERATIONS / Time: 0h:12m:30s

--------------------------------------------------------------------
|                    FINALIZING TREE SEARCH                        |
--------------------------------------------------------------------
Performs final model parameters optimization
Estimate model parameters (epsilon = 0.010)
1. Initial log-likelihood: -3462.332
Optimal log-likelihood: -3462.332
Rate parameters:  A-C: 1.82701  A-G: 3.69651  A-T: 1.82701  C-G: 1.00000  C-T: 3.72914  G-T: 1.00000
Base frequencies:  A: 0.250  C: 0.250  G: 0.250  T: 0.250
Gamma shape alpha: 0.870
Parameters optimization took 1 rounds (0.053 sec)
BEST SCORE FOUND : -3462.332
Creating bootstrap support values...
Split supports printed to NEXUS file fr10_all_aligned.fasta.splits.nex
Total tree length: 3.762

Total number of iterations: 1001
CPU time used for tree search: 677.451 sec (0h:11m:17s)
Wall-clock time used for tree search: 750.118 sec (0h:12m:30s)
Total CPU time used: 678.532 sec (0h:11m:18s)
Total wall-clock time used: 751.320 sec (0h:12m:31s)

Computing bootstrap consensus tree...
Reading input file fr10_all_aligned.fasta.splits.nex...
98 taxa and 4437 splits.
Consensus tree written to fr10_all_aligned.fasta.contree
Reading input trees file fr10_all_aligned.fasta.contree
Log-likelihood of consensus tree: -3462.635

Analysis results written to: 
  IQ-TREE report:                fr10_all_aligned.fasta.iqtree
  Maximum-likelihood tree:       fr10_all_aligned.fasta.treefile
  Likelihood distances:          fr10_all_aligned.fasta.mldist

Ultrafast bootstrap approximation results written to:
  Split support values:          fr10_all_aligned.fasta.splits.nex
  Consensus tree:                fr10_all_aligned.fasta.contree
  Screen log file:               fr10_all_aligned.fasta.log

Date and Time: Wed Jan 17 16:36:57 2024
