IQ-TREE multicore version 2.0.7 for Linux 64-bit built Jan 21 2022
Developed by Bui Quang Minh, Nguyen Lam Tung, Olga Chernomor,
Heiko Schmidt, Dominik Schrempf, Michael Woodhams.

Host:    DESKTOP-P8M0AUR (AVX2, FMA3, 3 GB RAM)
Command: iqtree2 -s apo-drp10_alignments/ApoA-IV_aligned.fa -B 1000 -redo
Seed:    357254 (Using SPRNG - Scalable Parallel Random Number Generator)
Time:    Thu Feb  1 11:46:09 2024
Kernel:  AVX+FMA - 1 threads (8 CPU cores detected)

HINT: Use -nt option to specify number of threads because your CPU has 8 cores!
HINT: -nt AUTO will automatically determine the best number of threads to use.

Reading alignment file apo-drp10_alignments/ApoA-IV_aligned.fa ... Fasta format detected
Alignment most likely contains protein sequences
Alignment has 26 sequences with 538 columns, 460 distinct patterns
350 parsimony-informative, 47 singleton sites, 141 constant sites
                Gap/Ambiguity  Composition  p-value
   1  NP_001164881.1   27.51%    passed     88.80%
   2  NP_036869.1      27.32%    passed     18.57%
   3  NP_031494.2      26.58%    passed     28.84%
   4  XP_001380874.1   31.04%    passed     16.79%
   5  XP_007659797.1   30.86%    passed     10.36%
   6  XP_008121793.1   31.41%    failed      4.55%
   7  NP_990269.1      31.97%    passed      8.41%
   8  XP_003212771.1   31.97%    passed     10.83%
   9  XP_005299800.1   31.78%    passed     92.10%
  10  NP_001008099.1   31.60%    failed      0.79%
  11  XP_005987289.2   20.26%    failed      0.00%
  12  NP_001072059.1   52.79%    passed     13.88%
  13  XP_004074170.1   52.79%    passed     46.04%
  14  NP_001073330.1   52.60%    passed     50.40%
  15  XP_015191905.1   52.97%    failed      1.03%
  16  XP_020377459.1   33.46%    failed      1.49%
  17  XP_007910038.1   48.88%    passed     48.90%
  18  NP_000473.2      26.39%    passed     97.58%
  19  XP_522192.2      26.39%    passed     96.98%
  20  XP_004052227.1   26.39%    passed     97.32%
  21  XP_009185615.1   22.49%    passed     90.57%
  22  XP_001090730.2   18.22%    passed     14.62%
  23  XP_009245367.1   22.68%    passed     88.04%
  24  XP_546510.3      28.62%    passed     97.40%
  25  XP_003992503.1   29.00%    passed     58.11%
  26  GJQV01093856     82.90%    failed      3.76%
WARNING: 5 sequences contain more than 50% gaps/ambiguity
****  TOTAL            34.57%  6 sequences failed composition chi2 test (p-value<5%; df=19)


Create initial parsimony tree by phylogenetic likelihood library (PLL)... 0.017 seconds
Perform fast likelihood tree search using LG+I+G model...
Estimate model parameters (epsilon = 5.000)
Perform nearest neighbor interchange...
Estimate model parameters (epsilon = 1.000)
1. Initial log-likelihood: -11090.538
Optimal log-likelihood: -11089.695
Proportion of invariable sites: 0.006
Gamma shape alpha: 5.175
Parameters optimization took 1 rounds (0.256 sec)
Time for fast ML tree search: 2.229 seconds

NOTE: ModelFinder requires 21 MB RAM!
ModelFinder will test up to 546 protein models (sample size: 538) ...
 No. Model         -LnL         df  AIC          AICc         BIC
  1  LG            11132.286    49  22362.571    22372.612    22572.676
  2  LG+I          11129.323    50  22358.646    22369.118    22573.039
  3  LG+G4         11089.383    50  22278.766    22289.239    22493.159
  4  LG+I+G4       11089.280    51  22280.559    22291.473    22499.240
  5  LG+R2         11089.157    51  22280.313    22291.227    22498.994
  6  LG+R3         11088.709    53  22283.418    22295.244    22510.674
 16  LG+F+G4       11007.209    69  22152.417    22173.058    22448.280
 17  LG+F+I+G4     11006.822    70  22153.644    22174.929    22453.794
 18  LG+F+R2       11007.730    70  22155.460    22176.745    22455.610
 29  WAG+G4        11188.307    50  22476.614    22487.086    22691.007
 30  WAG+I+G4      11188.399    51  22478.798    22489.712    22697.479
 31  WAG+R2        11186.865    51  22475.730    22486.643    22694.410
 42  WAG+F+G4      11136.382    69  22410.764    22431.405    22706.626
 43  WAG+F+I+G4    11136.475    70  22412.949    22434.234    22713.100
 44  WAG+F+R2      11135.515    70  22411.030    22432.314    22711.180
 55  JTT+G4        11068.998    50  22237.995    22248.467    22452.388
 56  JTT+I+G4      11068.493    51  22238.986    22249.900    22457.667
 57  JTT+R2        11067.181    51  22236.362    22247.276    22455.043
 68  JTT+F+G4      10934.109    69  22006.217    22026.858    22302.079
 69  JTT+F+I+G4    10932.485    70  22004.970    22026.255    22305.120
 70  JTT+F+R2      10932.230    70  22004.461    22025.746    22304.611
 81  JTTDCMut+G4   11071.125    50  22242.249    22252.722    22456.642
 82  JTTDCMut+I+G4 11070.723    51  22243.446    22254.360    22462.127
 83  JTTDCMut+R2   11069.342    51  22240.685    22251.599    22459.366
 94  JTTDCMut+F+G4 10943.557    69  22025.114    22045.755    22320.976
 95  JTTDCMut+F+I+G4 10942.078    70  22024.157    22045.442    22324.307
 96  JTTDCMut+F+R2 10941.760    70  22023.520    22044.805    22323.670
107  DCMut+G4      11248.171    50  22596.343    22606.815    22810.735
108  DCMut+I+G4    11248.020    51  22598.041    22608.954    22816.722
109  DCMut+R2      11248.904    51  22599.809    22610.722    22818.489
120  DCMut+F+G4    11128.420    69  22394.839    22415.480    22690.702
121  DCMut+F+I+G4  11128.112    70  22396.224    22417.509    22696.374
122  DCMut+F+R2    11130.019    70  22400.037    22421.322    22700.187
133  VT+G4         11216.541    50  22533.083    22543.555    22747.476
134  VT+I+G4       11216.488    51  22534.976    22545.890    22753.657
135  VT+R2         11214.146    51  22530.293    22541.206    22748.974
146  VT+F+G4       11129.110    69  22396.221    22416.862    22692.083
147  VT+F+I+G4     11128.686    70  22397.373    22418.657    22697.523
148  VT+F+R2       11126.906    70  22393.811    22415.096    22693.961
159  PMB+G4        11437.865    50  22975.730    22986.202    23190.123
160  PMB+I+G4      11437.757    51  22977.514    22988.428    23196.195
161  PMB+R2        11435.753    51  22973.506    22984.419    23192.186
172  PMB+F+G4      11311.035    69  22760.071    22780.712    23055.933
173  PMB+F+I+G4    11310.800    70  22761.601    22782.885    23061.751
174  PMB+F+R2      11310.131    70  22760.261    22781.546    23060.411
185  Blosum62+G4   11422.429    50  22944.858    22955.331    23159.251
186  Blosum62+I+G4 11422.352    51  22946.703    22957.617    23165.384
187  Blosum62+R2   11420.709    51  22943.417    22954.331    23162.098
198  Blosum62+F+G4 11312.763    69  22763.526    22784.167    23059.389
199  Blosum62+F+I+G4 11312.581    70  22765.162    22786.447    23065.312
200  Blosum62+F+R2 11311.738    70  22763.476    22784.761    23063.626
211  Dayhoff+G4    11246.796    50  22593.593    22604.065    22807.986
212  Dayhoff+I+G4  11246.657    51  22595.313    22606.227    22813.994
213  Dayhoff+R2    11247.573    51  22597.145    22608.059    22815.826
224  Dayhoff+F+G4  11127.629    69  22393.258    22413.899    22689.121
225  Dayhoff+F+I+G4 11127.333    70  22394.666    22415.950    22694.816
226  Dayhoff+F+R2  11129.265    70  22398.531    22419.816    22698.681
237  mtREV+G4      11852.260    50  23804.521    23814.993    24018.914
238  mtREV+I+G4    11851.004    51  23804.007    23814.921    24022.688
239  mtREV+R2      11860.446    51  23822.893    23833.806    24041.573
250  mtREV+F+G4    11196.184    69  22530.368    22551.009    22826.230
251  mtREV+F+I+G4  11195.556    70  22531.113    22552.398    22831.263
252  mtREV+F+R2    11202.144    70  22544.288    22565.573    22844.439
263  mtART+G4      12000.784    50  24101.568    24112.040    24315.961
264  mtART+I+G4    11999.724    51  24101.448    24112.361    24320.128
265  mtART+R2      12027.441    51  24156.882    24167.795    24375.563
276  mtART+F+G4    11205.304    69  22548.608    22569.249    22844.471
277  mtART+F+I+G4  11203.572    70  22547.145    22568.430    22847.295
278  mtART+F+R2    11212.771    70  22565.542    22586.827    22865.692
289  mtZOA+G4      11684.328    50  23468.656    23479.128    23683.049
290  mtZOA+I+G4    11683.567    51  23469.134    23480.048    23687.815
291  mtZOA+R2      11692.626    51  23487.251    23498.165    23705.932
302  mtZOA+F+G4    11068.951    69  22275.902    22296.543    22571.764
303  mtZOA+F+I+G4  11068.413    70  22276.825    22298.110    22576.975
304  mtZOA+F+R2    11072.019    70  22284.039    22305.324    22584.189
315  mtMet+G4      11794.727    50  23689.454    23699.926    23903.847
316  mtMet+I+G4    11794.484    51  23690.968    23701.881    23909.649
317  mtMet+R2      11799.597    51  23701.193    23712.107    23919.874
328  mtMet+F+G4    10973.648    69  22085.295    22105.936    22381.158
329  mtMet+F+I+G4  10973.334    70  22086.668    22107.953    22386.818
330  mtMet+F+R2    10976.182    70  22092.364    22113.648    22392.514
341  mtVer+G4      11726.577    50  23553.154    23563.627    23767.547
342  mtVer+I+G4    11726.027    51  23554.054    23564.968    23772.735
343  mtVer+R2      11736.956    51  23575.913    23586.826    23794.593
354  mtVer+F+G4    11049.263    69  22236.525    22257.166    22532.388
355  mtVer+F+I+G4  11048.929    70  22237.858    22259.143    22538.008
356  mtVer+F+R2    11053.789    70  22247.579    22268.864    22547.729
367  mtInv+G4      11986.472    50  24072.944    24083.416    24287.336
368  mtInv+I+G4    11986.351    51  24074.701    24085.615    24293.382
369  mtInv+R2      11990.028    51  24082.055    24092.969    24300.736
380  mtInv+F+G4    10992.137    69  22122.274    22142.915    22418.136
381  mtInv+F+I+G4  10992.031    70  22124.061    22145.346    22424.211
382  mtInv+F+R2    10994.122    70  22128.245    22149.529    22428.395
393  mtMAM+G4      11943.279    50  23986.557    23997.030    24200.950
394  mtMAM+I+G4    11942.358    51  23986.715    23997.629    24205.396
395  mtMAM+R2      11970.177    51  24042.354    24053.268    24261.035
406  mtMAM+F+G4    11234.860    69  22607.720    22628.361    22903.582
407  mtMAM+F+I+G4  11233.171    70  22606.342    22627.627    22906.493
408  mtMAM+F+R2    11243.451    70  22626.903    22648.187    22927.053
419  HIVb+G4       11141.475    50  22382.950    22393.422    22597.343
420  HIVb+I+G4     11141.137    51  22384.274    22395.188    22602.955
421  HIVb+R2       11143.502    51  22389.004    22399.918    22607.685
432  HIVb+F+G4     10936.999    69  22011.998    22032.639    22307.860
433  HIVb+F+I+G4   10935.080    70  22010.160    22031.445    22310.310
434  HIVb+F+R2     10940.424    70  22020.848    22042.133    22320.998
445  HIVw+G4       11633.089    50  23366.178    23376.650    23580.571
446  HIVw+I+G4     11633.221    51  23368.442    23379.355    23587.123
447  HIVw+R2       11636.915    51  23375.829    23386.743    23594.510
458  HIVw+F+G4     11232.716    69  22603.432    22624.073    22899.294
459  HIVw+F+I+G4   11231.208    70  22602.416    22623.701    22902.566
460  HIVw+F+R2     11237.142    70  22614.283    22635.568    22914.433
471  FLU+G4        11253.807    50  22607.614    22618.087    22822.007
472  FLU+I+G4      11253.118    51  22608.236    22619.150    22826.917
473  FLU+R2        11252.371    51  22606.742    22617.655    22825.422
484  FLU+F+G4      10960.397    69  22058.793    22079.434    22354.656
485  FLU+F+I+G4    10959.710    70  22059.419    22080.704    22359.569
486  FLU+F+R2      10960.105    70  22060.210    22081.495    22360.360
497  rtREV+G4      11181.303    50  22462.606    22473.078    22676.999
498  rtREV+I+G4    11180.641    51  22463.282    22474.196    22681.963
499  rtREV+R2      11181.135    51  22464.271    22475.184    22682.951
510  rtREV+F+G4    11081.316    69  22300.631    22321.272    22596.493
511  rtREV+F+I+G4  11080.612    70  22301.224    22322.509    22601.374
512  rtREV+F+R2    11082.237    70  22304.474    22325.759    22604.624
523  cpREV+G4      11242.686    50  22585.372    22595.844    22799.765
524  cpREV+I+G4    11242.734    51  22587.468    22598.381    22806.148
525  cpREV+R2      11243.111    51  22588.221    22599.135    22806.902
536  cpREV+F+G4    11197.780    69  22533.559    22554.200    22829.422
537  cpREV+F+I+G4  11197.756    70  22535.512    22556.797    22835.662
538  cpREV+F+R2    11201.704    70  22543.408    22564.693    22843.558
Akaike Information Criterion:           JTT+F+R2
Corrected Akaike Information Criterion: JTT+F+R2
Bayesian Information Criterion:         JTT+F+G4
Best-fit model: JTT+F+G4 chosen according to BIC

All model information printed to apo-drp10_alignments/ApoA-IV_aligned.fa.model.gz
CPU time for ModelFinder: 118.431 seconds (0h:1m:58s)
Wall-clock time for ModelFinder: 128.503 seconds (0h:2m:8s)
Generating 1000 samples for ultrafast bootstrap (seed: 357254)...

NOTE: 9 MB RAM (0 GB) is required!
Estimate model parameters (epsilon = 0.100)
1. Initial log-likelihood: -10934.109
Optimal log-likelihood: -10934.108
Gamma shape alpha: 5.594
Parameters optimization took 1 rounds (0.194 sec)
Computing ML distances based on estimated model parameters... 0.093 sec
Computing BIONJ tree...
0.001 seconds
Log-likelihood of BIONJ tree: -10951.193
--------------------------------------------------------------------
|             INITIALIZING CANDIDATE TREE SET                      |
--------------------------------------------------------------------
Generating 98 parsimony trees... 0.801 second
Computing log-likelihood of 98 initial trees ... 6.623 seconds
Current best score: -10934.108

Do NNI search on 20 best initial trees
Estimate model parameters (epsilon = 0.100)
BETTER TREE FOUND at iteration 1: -10923.658
Estimate model parameters (epsilon = 0.100)
BETTER TREE FOUND at iteration 2: -10921.642
Iteration 10 / LogL: -10925.094 / Time: 0h:0m:18s
Iteration 20 / LogL: -10922.948 / Time: 0h:0m:28s
Finish initializing candidate tree set (4)
Current best tree score: -10921.642 / CPU time: 27.958
Number of iterations: 20
--------------------------------------------------------------------
|               OPTIMIZING CANDIDATE TREE SET                      |
--------------------------------------------------------------------
Estimate model parameters (epsilon = 0.100)
UPDATE BEST LOG-LIKELIHOOD: -10921.594
Iteration 30 / LogL: -10925.011 / Time: 0h:0m:40s (0h:1m:40s left)
Iteration 40 / LogL: -10924.297 / Time: 0h:0m:51s (0h:1m:22s left)
Iteration 50 / LogL: -10926.661 / Time: 0h:1m:3s (0h:1m:7s left)
Log-likelihood cutoff on original alignment: -10957.095
UPDATE BEST LOG-LIKELIHOOD: -10921.593
Iteration 60 / LogL: -10923.515 / Time: 0h:1m:15s (0h:0m:53s left)
UPDATE BEST LOG-LIKELIHOOD: -10921.592
Iteration 70 / LogL: -10921.592 / Time: 0h:1m:29s (0h:0m:41s left)
UPDATE BEST LOG-LIKELIHOOD: -10921.592
Iteration 80 / LogL: -10921.896 / Time: 0h:1m:43s (0h:0m:28s left)
Iteration 90 / LogL: -10922.196 / Time: 0h:1m:56s (0h:0m:15s left)
Iteration 100 / LogL: -10939.420 / Time: 0h:2m:8s (0h:0m:2s left)
Log-likelihood cutoff on original alignment: -10957.095
NOTE: Bootstrap correlation coefficient of split occurrence frequencies: 0.999
TREE SEARCH COMPLETED AFTER 103 ITERATIONS / Time: 0h:2m:11s

--------------------------------------------------------------------
|                    FINALIZING TREE SEARCH                        |
--------------------------------------------------------------------
Performs final model parameters optimization
Estimate model parameters (epsilon = 0.010)
1. Initial log-likelihood: -10921.592
Optimal log-likelihood: -10921.589
Gamma shape alpha: 5.672
Parameters optimization took 1 rounds (0.210 sec)
BEST SCORE FOUND : -10921.589
Creating bootstrap support values...
Split supports printed to NEXUS file apo-drp10_alignments/ApoA-IV_aligned.fa.splits.nex
Total tree length: 10.990

Total number of iterations: 103
CPU time used for tree search: 120.697 sec (0h:2m:0s)
Wall-clock time used for tree search: 131.211 sec (0h:2m:11s)
Total CPU time used: 121.557 sec (0h:2m:1s)
Total wall-clock time used: 132.153 sec (0h:2m:12s)

Computing bootstrap consensus tree...
Reading input file apo-drp10_alignments/ApoA-IV_aligned.fa.splits.nex...
26 taxa and 136 splits.
Consensus tree written to apo-drp10_alignments/ApoA-IV_aligned.fa.contree
Reading input trees file apo-drp10_alignments/ApoA-IV_aligned.fa.contree
Log-likelihood of consensus tree: -10921.590

Analysis results written to: 
  IQ-TREE report:                apo-drp10_alignments/ApoA-IV_aligned.fa.iqtree
  Maximum-likelihood tree:       apo-drp10_alignments/ApoA-IV_aligned.fa.treefile
  Likelihood distances:          apo-drp10_alignments/ApoA-IV_aligned.fa.mldist

Ultrafast bootstrap approximation results written to:
  Split support values:          apo-drp10_alignments/ApoA-IV_aligned.fa.splits.nex
  Consensus tree:                apo-drp10_alignments/ApoA-IV_aligned.fa.contree
  Screen log file:               apo-drp10_alignments/ApoA-IV_aligned.fa.log

Date and Time: Thu Feb  1 11:50:30 2024
