IQ-TREE multicore version 2.0.7 for Linux 64-bit built Jan 21 2022
Developed by Bui Quang Minh, Nguyen Lam Tung, Olga Chernomor,
Heiko Schmidt, Dominik Schrempf, Michael Woodhams.

Host:    DESKTOP-P8M0AUR (AVX2, FMA3, 3 GB RAM)
Command: iqtree2 -s apo-drp10_alignments/ApoA-I_aligned.fa -B 1000 -redo
Seed:    439358 (Using SPRNG - Scalable Parallel Random Number Generator)
Time:    Thu Feb  1 11:40:12 2024
Kernel:  AVX+FMA - 1 threads (8 CPU cores detected)

HINT: Use -nt option to specify number of threads because your CPU has 8 cores!
HINT: -nt AUTO will automatically determine the best number of threads to use.

Reading alignment file apo-drp10_alignments/ApoA-I_aligned.fa ... Fasta format detected
Alignment most likely contains protein sequences
Alignment has 29 sequences with 309 columns, 289 distinct patterns
239 parsimony-informative, 25 singleton sites, 45 constant sites
                Gap/Ambiguity  Composition  p-value
   1  XP_005271597.1   13.59%    passed     97.06%
   2  XP_004052232.1   13.59%    passed     97.06%
   3  XP_508770.1      13.59%    passed     97.06%
   4  NP_001106116.1   13.59%    passed     87.33%
   5  XP_001090774.1   13.59%    passed     87.33%
   6  XP_009245368.1   13.59%    passed     95.25%
   7  XP_536564.2      13.92%    passed     80.97%
   8  XP_003992505.2    1.29%    failed      0.00%
   9  NP_036870.1      16.18%    passed     13.16%
  10  NP_033822.2      14.56%    passed     84.97%
  11  NP_001095157.1   14.24%    passed     98.47%
  12  NP_999563.1      14.56%    passed     96.90%
  13  NP_776667.2      14.24%    passed     98.90%
  14  XP_005689684.1   33.98%    passed     99.74%
  15  XP_005611649.1   13.92%    passed     82.77%
  16  XP_001517346.1   13.92%    passed     89.63%
  17  NP_990856.1      14.56%    passed     99.22%
  18  XP_003212772.1   14.56%    passed     96.35%
  19  XP_005299801.1   15.21%    passed     75.23%
  20  XP_001380867.1   14.56%    failed      0.80%
  21  NP_001005127.1   15.53%    passed     13.55%
  22  XP_005987291.1   23.30%    failed      0.08%
  23  XP_004076021.1   14.89%    failed      3.18%
  24  NP_001072100.1   14.89%    failed      0.21%
  25  NP_571203.1      15.21%    failed      1.91%
  26  XP_006642342.1   14.56%    passed     72.65%
  27  XP_020389622.1   16.18%    failed      0.00%
  28  XP_007905508.1   15.53%    failed      3.79%
  29  GJQV01093856     70.23%    passed     13.74%
WARNING: 1 sequences contain more than 50% gaps/ambiguity
****  TOTAL            16.95%  8 sequences failed composition chi2 test (p-value<5%; df=19)
NOTE: XP_004052232.1 is identical to XP_005271597.1 but kept for subsequent analysis
NOTE: XP_001090774.1 is identical to NP_001106116.1 but kept for subsequent analysis
NOTE: 1 identical sequences (see below) will be ignored for subsequent analysis
NOTE: XP_508770.1 (identical to XP_005271597.1) is ignored but added at the end
Alignment was printed to apo-drp10_alignments/ApoA-I_aligned.fa.uniqueseq.phy

For your convenience alignment with unique sequences printed to apo-drp10_alignments/ApoA-I_aligned.fa.uniqueseq.phy


Create initial parsimony tree by phylogenetic likelihood library (PLL)... 0.008 seconds
Perform fast likelihood tree search using LG+I+G model...
Estimate model parameters (epsilon = 5.000)
Perform nearest neighbor interchange...
Estimate model parameters (epsilon = 1.000)
1. Initial log-likelihood: -8476.613
Optimal log-likelihood: -8476.516
Proportion of invariable sites: 0.005
Gamma shape alpha: 4.743
Parameters optimization took 1 rounds (0.248 sec)
Time for fast ML tree search: 2.082 seconds

NOTE: ModelFinder requires 14 MB RAM!
ModelFinder will test up to 546 protein models (sample size: 309) ...
 No. Model         -LnL         df  AIC          AICc         BIC
  1  LG            8527.172     53  17160.343    17182.791    17358.211
  2  LG+I          8517.319     54  17142.638    17166.024    17344.238
  3  LG+G4         8480.016     54  17068.031    17091.417    17269.632
  4  LG+I+G4       8476.479     55  17062.958    17087.306    17268.292
  5  LG+R2         8481.387     55  17072.775    17097.123    17278.109
  6  LG+R3         8478.978     57  17071.956    17098.298    17284.756
 16  LG+F+G4       8488.797     73  17123.594    17169.568    17396.127
 17  LG+F+I+G4     8485.036     74  17118.072    17165.507    17394.339
 18  LG+F+R2       8490.692     74  17129.383    17176.819    17405.651
 29  WAG+G4        8565.524     54  17239.048    17262.434    17440.648
 30  WAG+I+G4      8563.727     55  17237.454    17261.802    17442.788
 31  WAG+R2        8567.265     55  17244.530    17268.878    17449.864
 42  WAG+F+G4      8607.379     73  17360.757    17406.732    17633.291
 43  WAG+F+I+G4    8605.498     74  17358.996    17406.432    17635.263
 44  WAG+F+R2      8609.917     74  17367.833    17415.269    17644.100
 55  JTT+G4        8558.724     54  17225.447    17248.833    17427.048
 56  JTT+I+G4      8556.864     55  17223.728    17248.076    17429.062
 57  JTT+R2        8560.125     55  17230.251    17254.599    17435.585
 68  JTT+F+G4      8532.778     73  17211.556    17257.530    17484.089
 69  JTT+F+I+G4    8530.927     74  17209.854    17257.290    17486.122
 70  JTT+F+R2      8534.724     74  17217.449    17264.884    17493.716
 81  JTTDCMut+G4   8558.214     54  17224.428    17247.814    17426.028
 82  JTTDCMut+I+G4 8556.504     55  17223.009    17247.356    17428.342
 83  JTTDCMut+R2   8559.769     55  17229.538    17253.886    17434.872
 94  JTTDCMut+F+G4 8536.198     73  17218.397    17264.371    17490.931
 95  JTTDCMut+F+I+G4 8534.495     74  17216.989    17264.425    17493.256
 96  JTTDCMut+F+R2 8538.339     74  17224.677    17272.113    17500.945
107  DCMut+G4      8615.219     54  17338.438    17361.824    17540.038
108  DCMut+I+G4    8613.456     55  17336.912    17361.260    17542.246
109  DCMut+R2      8617.297     55  17344.594    17368.942    17549.928
120  DCMut+F+G4    8584.442     73  17314.884    17360.859    17587.418
121  DCMut+F+I+G4  8582.102     74  17312.204    17359.640    17588.471
122  DCMut+F+R2    8587.309     74  17322.619    17370.055    17598.886
133  VT+G4         8599.695     54  17307.390    17330.776    17508.991
134  VT+I+G4       8597.914     55  17305.827    17330.175    17511.161
135  VT+R2         8600.517     55  17311.035    17335.382    17516.368
146  VT+F+G4       8615.473     73  17376.946    17422.920    17649.480
147  VT+F+I+G4     8613.674     74  17375.347    17422.783    17651.614
148  VT+F+R2       8616.391     74  17380.782    17428.218    17657.049
159  PMB+G4        8723.559     54  17555.117    17578.503    17756.717
160  PMB+I+G4      8721.075     55  17552.151    17576.499    17757.485
161  PMB+R2        8724.132     55  17558.264    17582.612    17763.598
172  PMB+F+G4      8715.188     73  17576.377    17622.351    17848.911
173  PMB+F+I+G4    8712.767     74  17573.534    17620.970    17849.801
174  PMB+F+R2      8716.836     74  17581.672    17629.108    17857.939
185  Blosum62+G4   8713.486     54  17534.973    17558.359    17736.573
186  Blosum62+I+G4 8710.750     55  17531.500    17555.848    17736.834
187  Blosum62+R2   8714.482     55  17538.964    17563.312    17744.297
198  Blosum62+F+G4 8720.148     73  17586.295    17632.270    17858.829
199  Blosum62+F+I+G4 8717.380     74  17582.760    17630.196    17859.027
200  Blosum62+F+R2 8721.737     74  17591.473    17638.909    17867.740
211  Dayhoff+G4    8614.177     54  17336.355    17359.740    17537.955
212  Dayhoff+I+G4  8612.415     55  17334.830    17359.177    17540.163
213  Dayhoff+R2    8616.273     55  17342.546    17366.894    17547.880
224  Dayhoff+F+G4  8583.778     73  17313.556    17359.530    17586.090
225  Dayhoff+F+I+G4 8581.440     74  17310.880    17358.316    17587.147
226  Dayhoff+F+R2  8586.670     74  17321.341    17368.777    17597.608
237  mtREV+G4      9047.357     54  18202.713    18226.099    18404.314
238  mtREV+I+G4    9040.471     55  18190.943    18215.291    18396.277
239  mtREV+R2      9048.029     55  18206.057    18230.405    18411.391
250  mtREV+F+G4    8670.509     73  17487.019    17532.993    17759.553
251  mtREV+F+I+G4  8665.474     74  17478.948    17526.384    17755.215
252  mtREV+F+R2    8674.401     74  17496.802    17544.238    17773.069
263  mtART+G4      9111.417     54  18330.834    18354.220    18532.434
264  mtART+I+G4    9103.701     55  18317.402    18341.749    18522.735
265  mtART+R2      9119.785     55  18349.569    18373.917    18554.903
276  mtART+F+G4    8619.176     73  17384.353    17430.327    17656.887
277  mtART+F+I+G4  8610.872     74  17369.745    17417.181    17646.012
278  mtART+F+R2    8625.818     74  17399.635    17447.071    17675.902
289  mtZOA+G4      8855.215     54  17818.429    17841.815    18020.030
290  mtZOA+I+G4    8848.600     55  17807.199    17831.547    18012.533
291  mtZOA+R2      8857.082     55  17824.164    17848.512    18029.498
302  mtZOA+F+G4    8511.116     73  17168.232    17214.206    17440.766
303  mtZOA+F+I+G4  8505.622     74  17159.244    17206.680    17435.512
304  mtZOA+F+R2    8511.940     74  17171.880    17219.316    17448.148
315  mtMet+G4      9011.276     54  18130.553    18153.938    18332.153
316  mtMet+I+G4    9006.729     55  18123.458    18147.805    18328.791
317  mtMet+R2      9014.186     55  18138.372    18162.720    18343.706
328  mtMet+F+G4    8560.007     73  17266.015    17311.989    17538.549
329  mtMet+F+I+G4  8555.858     74  17259.716    17307.152    17535.983
330  mtMet+F+R2    8560.708     74  17269.416    17316.852    17545.683
341  mtVer+G4      9063.541     54  18235.083    18258.468    18436.683
342  mtVer+I+G4    9058.273     55  18226.546    18250.893    18431.879
343  mtVer+R2      9073.588     55  18257.176    18281.524    18462.510
354  mtVer+F+G4    8686.842     73  17519.684    17565.658    17792.218
355  mtVer+F+I+G4  8682.702     74  17513.405    17560.841    17789.672
356  mtVer+F+R2    8691.327     74  17530.654    17578.090    17806.921
367  mtInv+G4      9086.450     54  18280.900    18304.286    18482.500
368  mtInv+I+G4    9082.553     55  18275.105    18299.453    18480.439
369  mtInv+R2      9086.392     55  18282.785    18307.133    18488.119
380  mtInv+F+G4    8513.491     73  17172.982    17218.956    17445.516
381  mtInv+F+I+G4  8510.209     74  17168.419    17215.855    17444.686
382  mtInv+F+R2    8513.627     74  17175.253    17222.689    17451.520
393  mtMAM+G4      9210.920     54  18529.839    18553.225    18731.440
394  mtMAM+I+G4    9203.949     55  18517.899    18542.247    18723.233
395  mtMAM+R2      9226.246     55  18562.492    18586.840    18767.826
406  mtMAM+F+G4    8783.257     73  17712.513    17758.488    17985.047
407  mtMAM+F+I+G4  8774.813     74  17697.627    17745.063    17973.894
408  mtMAM+F+R2    8793.384     74  17734.767    17782.203    18011.034
419  HIVb+G4       8736.812     54  17581.623    17605.009    17783.224
420  HIVb+I+G4     8735.173     55  17580.347    17604.695    17785.681
421  HIVb+R2       8740.200     55  17590.401    17614.749    17795.735
432  HIVb+F+G4     8637.164     73  17420.329    17466.303    17692.863
433  HIVb+F+I+G4   8636.082     74  17420.164    17467.600    17696.431
434  HIVb+F+R2     8640.225     74  17428.451    17475.887    17704.718
445  HIVw+G4       9175.111     54  18458.222    18481.608    18659.823
446  HIVw+I+G4     9174.006     55  18458.011    18482.359    18663.345
447  HIVw+R2       9180.932     55  18471.865    18496.212    18677.198
458  HIVw+F+G4     8928.936     73  18003.873    18049.847    18276.407
459  HIVw+F+I+G4   8927.900     74  18003.800    18051.236    18280.068
460  HIVw+F+R2     8936.649     74  18021.298    18068.734    18297.565
471  FLU+G4        8741.206     54  17590.412    17613.798    17792.013
472  FLU+I+G4      8737.038     55  17584.076    17608.424    17789.410
473  FLU+R2        8745.042     55  17600.084    17624.432    17805.418
484  FLU+F+G4      8640.793     73  17427.585    17473.560    17700.119
485  FLU+F+I+G4    8636.854     74  17421.707    17469.143    17697.974
486  FLU+F+R2      8643.263     74  17434.527    17481.963    17710.794
497  rtREV+G4      8568.698     54  17245.396    17268.782    17446.997
498  rtREV+I+G4    8564.031     55  17238.061    17262.409    17443.395
499  rtREV+R2      8570.015     55  17250.029    17274.377    17455.363
510  rtREV+F+G4    8533.665     73  17213.330    17259.304    17485.864
511  rtREV+F+I+G4  8529.147     74  17206.293    17253.729    17482.561
512  rtREV+F+R2    8535.435     74  17218.871    17266.307    17495.138
523  cpREV+G4      8661.460     54  17430.921    17454.306    17632.521
524  cpREV+I+G4    8661.537     55  17433.074    17457.422    17638.408
525  cpREV+R2      8662.493     55  17434.987    17459.335    17640.321
536  cpREV+F+G4    8685.037     73  17516.075    17562.049    17788.608
537  cpREV+F+I+G4  8685.104     74  17518.208    17565.644    17794.475
538  cpREV+F+R2    8689.255     74  17526.509    17573.945    17802.777
Akaike Information Criterion:           LG+I+G4
Corrected Akaike Information Criterion: LG+I+G4
Bayesian Information Criterion:         LG+I+G4
Best-fit model: LG+I+G4 chosen according to BIC

All model information printed to apo-drp10_alignments/ApoA-I_aligned.fa.model.gz
CPU time for ModelFinder: 73.780 seconds (0h:1m:13s)
Wall-clock time for ModelFinder: 80.325 seconds (0h:1m:20s)
Generating 1000 samples for ultrafast bootstrap (seed: 439358)...

NOTE: 6 MB RAM (0 GB) is required!
Estimate model parameters (epsilon = 0.100)
Thoroughly optimizing +I+G parameters from 10 start values...
Init pinv, alpha: 0.000, 4.751 / Estimate: 0.004, 4.740 / LogL: -8476.481
Init pinv, alpha: 0.016, 4.751 / Estimate: 0.005, 4.749 / LogL: -8476.480
Init pinv, alpha: 0.032, 4.751 / Estimate: 0.005, 4.751 / LogL: -8476.485
Init pinv, alpha: 0.049, 4.751 / Estimate: 0.005, 4.750 / LogL: -8476.480
Init pinv, alpha: 0.065, 4.751 / Estimate: 0.005, 4.748 / LogL: -8476.481
Init pinv, alpha: 0.081, 4.751 / Estimate: 0.005, 4.748 / LogL: -8476.482
Init pinv, alpha: 0.097, 4.751 / Estimate: 0.005, 4.749 / LogL: -8476.482
Init pinv, alpha: 0.113, 4.751 / Estimate: 0.005, 4.750 / LogL: -8476.483
Init pinv, alpha: 0.129, 4.751 / Estimate: 0.005, 4.750 / LogL: -8476.484
Init pinv, alpha: 0.146, 4.751 / Estimate: 0.005, 4.751 / LogL: -8476.485
Optimal pinv,alpha: 0.005, 4.750 / LogL: -8476.480

Parameters optimization took 6.473 sec
Computing ML distances based on estimated model parameters... 0.125 sec
Computing BIONJ tree...
0.001 seconds
Log-likelihood of BIONJ tree: -8480.837
--------------------------------------------------------------------
|             INITIALIZING CANDIDATE TREE SET                      |
--------------------------------------------------------------------
Generating 98 parsimony trees... 0.655 second
Computing log-likelihood of 98 initial trees ... 4.477 seconds
Current best score: -8476.480

Do NNI search on 20 best initial trees
Estimate model parameters (epsilon = 0.100)
BETTER TREE FOUND at iteration 1: -8476.479
Iteration 10 / LogL: -8484.238 / Time: 0h:0m:17s
Iteration 20 / LogL: -8483.948 / Time: 0h:0m:23s
Finish initializing candidate tree set (6)
Current best tree score: -8476.479 / CPU time: 16.102
Number of iterations: 20
--------------------------------------------------------------------
|               OPTIMIZING CANDIDATE TREE SET                      |
--------------------------------------------------------------------
Iteration 30 / LogL: -8476.762 / Time: 0h:0m:31s (0h:1m:18s left)
Iteration 40 / LogL: -8476.859 / Time: 0h:0m:40s (0h:1m:3s left)
Iteration 50 / LogL: -8476.547 / Time: 0h:0m:50s (0h:0m:52s left)
Log-likelihood cutoff on original alignment: -8505.754
Iteration 60 / LogL: -8476.811 / Time: 0h:1m:1s (0h:0m:42s left)
Iteration 70 / LogL: -8476.508 / Time: 0h:1m:8s (0h:0m:30s left)
Iteration 80 / LogL: -8484.179 / Time: 0h:1m:17s (0h:0m:20s left)
Iteration 90 / LogL: -8476.887 / Time: 0h:1m:26s (0h:0m:10s left)
Iteration 100 / LogL: -8476.595 / Time: 0h:1m:37s (0h:0m:0s left)
Log-likelihood cutoff on original alignment: -8505.867
NOTE: Bootstrap correlation coefficient of split occurrence frequencies: 0.999
TREE SEARCH COMPLETED AFTER 102 ITERATIONS / Time: 0h:1m:38s

--------------------------------------------------------------------
|                    FINALIZING TREE SEARCH                        |
--------------------------------------------------------------------
Performs final model parameters optimization
Estimate model parameters (epsilon = 0.010)
1. Initial log-likelihood: -8476.479
Optimal log-likelihood: -8476.479
Proportion of invariable sites: 0.005
Gamma shape alpha: 4.745
Parameters optimization took 1 rounds (0.166 sec)
BEST SCORE FOUND : -8476.479
Creating bootstrap support values...
Split supports printed to NEXUS file apo-drp10_alignments/ApoA-I_aligned.fa.splits.nex
Total tree length: 11.678

Total number of iterations: 102
CPU time used for tree search: 84.507 sec (0h:1m:24s)
Wall-clock time used for tree search: 91.951 sec (0h:1m:31s)
Total CPU time used: 91.177 sec (0h:1m:31s)
Total wall-clock time used: 99.197 sec (0h:1m:39s)

Computing bootstrap consensus tree...
Reading input file apo-drp10_alignments/ApoA-I_aligned.fa.splits.nex...
28 taxa and 158 splits.
Consensus tree written to apo-drp10_alignments/ApoA-I_aligned.fa.contree
Reading input trees file apo-drp10_alignments/ApoA-I_aligned.fa.contree
Log-likelihood of consensus tree: -8476.887

Analysis results written to: 
  IQ-TREE report:                apo-drp10_alignments/ApoA-I_aligned.fa.iqtree
  Maximum-likelihood tree:       apo-drp10_alignments/ApoA-I_aligned.fa.treefile
  Likelihood distances:          apo-drp10_alignments/ApoA-I_aligned.fa.mldist

Ultrafast bootstrap approximation results written to:
  Split support values:          apo-drp10_alignments/ApoA-I_aligned.fa.splits.nex
  Consensus tree:                apo-drp10_alignments/ApoA-I_aligned.fa.contree
  Screen log file:               apo-drp10_alignments/ApoA-I_aligned.fa.log

Date and Time: Thu Feb  1 11:43:12 2024
