IQ-TREE multicore version 2.0.7 for Linux 64-bit built Jan 21 2022
Developed by Bui Quang Minh, Nguyen Lam Tung, Olga Chernomor,
Heiko Schmidt, Dominik Schrempf, Michael Woodhams.

Host:    DESKTOP-P8M0AUR (AVX2, FMA3, 3 GB RAM)
Command: iqtree2 -s apo-drp10_alignments/ApoC-IV_aligned.fa -B 1000 -redo
Seed:    663012 (Using SPRNG - Scalable Parallel Random Number Generator)
Time:    Thu Feb  1 11:58:42 2024
Kernel:  AVX+FMA - 1 threads (8 CPU cores detected)

HINT: Use -nt option to specify number of threads because your CPU has 8 cores!
HINT: -nt AUTO will automatically determine the best number of threads to use.

Reading alignment file apo-drp10_alignments/ApoC-IV_aligned.fa ... Fasta format detected
Alignment most likely contains protein sequences
Alignment has 17 sequences with 194 columns, 160 distinct patterns
80 parsimony-informative, 40 singleton sites, 74 constant sites
                Gap/Ambiguity  Composition  p-value
   1  NP_001637.1      34.54%    passed    100.00%
   2  XP_004060989.2   34.54%    passed     99.95%
   3  XP_003316494.1   34.54%    passed    100.00%
   4  NP_001182066.1   34.54%    passed     99.92%
   5  XP_009196974.1   34.54%    passed     99.93%
   6  XP_002829428.1   34.54%    passed    100.00%
   7  XP_001502417.1   34.54%    passed     96.76%
   8  NP_001167603.1   35.05%    passed     99.58%
   9  XP_855163.1      37.63%    passed     99.65%
  10  XP_004015362.1   20.10%    passed     69.64%
  11  XP_005701836.1   49.48%    passed     74.96%
  12  NP_001029979.1   34.54%    passed     99.20%
  13  NP_001075834.1   36.08%    passed     84.77%
  14  XP_006941182.1   19.07%    passed     67.56%
  15  NP_031411.1      36.08%    passed     90.41%
  16  NP_001102889.1   36.08%    passed     95.46%
  17  GJQV01093856     52.58%    failed      0.00%
WARNING: 1 sequences contain more than 50% gaps/ambiguity
****  TOTAL            35.20%  1 sequences failed composition chi2 test (p-value<5%; df=19)


Create initial parsimony tree by phylogenetic likelihood library (PLL)... 0.002 seconds
Perform fast likelihood tree search using LG+I+G model...
Estimate model parameters (epsilon = 5.000)
Perform nearest neighbor interchange...
Estimate model parameters (epsilon = 1.000)
1. Initial log-likelihood: -2277.543
2. Current log-likelihood: -2276.512
Optimal log-likelihood: -2276.000
Proportion of invariable sites: 0.040
Gamma shape alpha: 2.882
Parameters optimization took 2 rounds (0.202 sec)
Time for fast ML tree search: 0.509 seconds

NOTE: ModelFinder requires 5 MB RAM!
ModelFinder will test up to 546 protein models (sample size: 194) ...
 No. Model         -LnL         df  AIC          AICc         BIC
  1  LG            2287.338     31  4636.676     4648.923     4737.980
  2  LG+I          2284.425     32  4632.851     4645.969     4737.422
  3  LG+G4         2275.183     32  4614.366     4627.484     4718.938
  4  LG+I+G4       2275.391     33  4616.783     4630.808     4724.622
  5  LG+R2         2272.452     33  4610.904     4624.929     4718.744
  6  LG+R3         2272.438     35  4614.877     4630.826     4729.252
 16  LG+F+G4       2246.287     51  4594.574     4631.926     4761.235
 17  LG+F+I+G4     2246.525     52  4597.051     4636.143     4766.980
 18  LG+F+R2       2244.536     52  4593.071     4632.163     4763.000
 29  WAG+G4        2260.261     32  4584.522     4597.640     4689.093
 30  WAG+I+G4      2260.579     33  4587.157     4601.182     4694.997
 31  WAG+R2        2258.904     33  4583.808     4597.833     4691.647
 42  WAG+F+G4      2233.369     51  4568.739     4606.091     4735.400
 43  WAG+F+I+G4    2233.672     52  4571.345     4610.437     4741.273
 44  WAG+F+R2      2232.161     52  4568.323     4607.415     4738.251
 55  JTT+G4        2217.031     32  4498.063     4511.181     4602.634
 56  JTT+I+G4      2217.230     33  4500.460     4514.485     4608.299
 57  JTT+R2        2216.267     33  4498.535     4512.560     4606.374
 68  JTT+F+G4      2200.394     51  4502.787     4540.139     4669.448
 69  JTT+F+I+G4    2200.587     52  4505.173     4544.265     4675.102
 70  JTT+F+R2      2200.231     52  4504.462     4543.554     4674.391
 81  JTTDCMut+G4   2217.686     32  4499.373     4512.491     4603.944
 82  JTTDCMut+I+G4 2217.906     33  4501.811     4515.836     4609.650
 83  JTTDCMut+R2   2216.885     33  4499.769     4513.794     4607.609
 94  JTTDCMut+F+G4 2200.510     51  4503.021     4540.373     4669.682
 95  JTTDCMut+F+I+G4 2200.726     52  4505.452     4544.544     4675.381
 96  JTTDCMut+F+R2 2200.279     52  4504.558     4543.650     4674.486
107  DCMut+G4      2299.705     32  4663.410     4676.528     4767.981
108  DCMut+I+G4    2299.893     33  4665.786     4679.811     4773.625
109  DCMut+R2      2299.829     33  4665.658     4679.683     4773.497
120  DCMut+F+G4    2262.405     51  4626.811     4664.163     4793.472
121  DCMut+F+I+G4  2262.670     52  4629.340     4668.432     4799.268
122  DCMut+F+R2    2262.086     52  4628.173     4667.265     4798.101
133  VT+G4         2254.674     32  4573.348     4586.466     4677.919
134  VT+I+G4       2254.941     33  4575.882     4589.907     4683.721
135  VT+R2         2253.564     33  4573.127     4587.152     4680.967
146  VT+F+G4       2233.616     51  4569.231     4606.584     4735.892
147  VT+F+I+G4     2233.902     52  4571.804     4610.896     4741.732
148  VT+F+R2       2232.908     52  4569.815     4608.907     4739.744
159  PMB+G4        2287.191     32  4638.383     4651.501     4742.954
160  PMB+I+G4      2287.440     33  4640.880     4654.905     4748.719
161  PMB+R2        2284.949     33  4635.898     4649.923     4743.737
172  PMB+F+G4      2262.812     51  4627.624     4664.976     4794.285
173  PMB+F+I+G4    2263.110     52  4630.221     4669.313     4800.149
174  PMB+F+R2      2260.725     52  4625.451     4664.543     4795.379
185  Blosum62+G4   2300.255     32  4664.511     4677.629     4769.082
186  Blosum62+I+G4 2300.485     33  4666.970     4680.995     4774.810
187  Blosum62+R2   2297.825     33  4661.649     4675.674     4769.489
198  Blosum62+F+G4 2268.620     51  4639.241     4676.593     4805.901
199  Blosum62+F+I+G4 2268.902     52  4641.804     4680.896     4811.733
200  Blosum62+F+R2 2266.424     52  4636.849     4675.941     4806.777
211  Dayhoff+G4    2299.561     32  4663.121     4676.239     4767.693
212  Dayhoff+I+G4  2299.747     33  4665.495     4679.520     4773.334
213  Dayhoff+R2    2299.699     33  4665.397     4679.422     4773.236
224  Dayhoff+F+G4  2262.226     51  4626.452     4663.804     4793.113
225  Dayhoff+F+I+G4 2262.490     52  4628.979     4668.071     4798.908
226  Dayhoff+F+R2  2261.923     52  4627.846     4666.938     4797.774
237  mtREV+G4      2390.048     32  4844.096     4857.214     4948.668
238  mtREV+I+G4    2390.174     33  4846.349     4860.374     4954.188
239  mtREV+R2      2387.635     33  4841.269     4855.294     4949.109
250  mtREV+F+G4    2256.736     51  4615.472     4652.824     4782.133
251  mtREV+F+I+G4  2256.947     52  4617.894     4656.986     4787.823
252  mtREV+F+R2    2256.251     52  4616.503     4655.595     4786.432
263  mtART+G4      2498.495     32  5060.990     5074.108     5165.561
264  mtART+I+G4    2498.807     33  5063.614     5077.639     5171.454
265  mtART+R2      2496.409     33  5058.819     5072.844     5166.658
276  mtART+F+G4    2340.784     51  4783.568     4820.920     4950.229
277  mtART+F+I+G4  2340.881     52  4785.762     4824.854     4955.691
278  mtART+F+R2    2338.672     52  4781.344     4820.437     4951.273
289  mtZOA+G4      2408.127     32  4880.254     4893.372     4984.825
290  mtZOA+I+G4    2408.351     33  4882.701     4896.726     4990.541
291  mtZOA+R2      2405.927     33  4877.855     4891.880     4985.694
302  mtZOA+F+G4    2287.980     51  4677.961     4715.313     4844.622
303  mtZOA+F+I+G4  2288.045     52  4680.091     4719.183     4850.020
304  mtZOA+F+R2    2286.680     52  4677.361     4716.453     4847.290
315  mtMet+G4      2383.967     32  4831.935     4845.053     4936.506
316  mtMet+I+G4    2384.304     33  4834.609     4848.634     4942.448
317  mtMet+R2      2382.167     33  4830.333     4844.358     4938.173
328  mtMet+F+G4    2230.560     51  4563.120     4600.472     4729.781
329  mtMet+F+I+G4  2230.748     52  4565.496     4604.588     4735.425
330  mtMet+F+R2    2229.735     52  4563.470     4602.563     4733.399
341  mtVer+G4      2362.753     32  4789.506     4802.624     4894.078
342  mtVer+I+G4    2363.000     33  4792.000     4806.025     4899.839
343  mtVer+R2      2360.348     33  4786.697     4800.722     4894.536
354  mtVer+F+G4    2233.546     51  4569.092     4606.445     4735.753
355  mtVer+F+I+G4  2233.761     52  4571.522     4610.614     4741.450
356  mtVer+F+R2    2232.626     52  4569.252     4608.344     4739.180
367  mtInv+G4      2430.260     32  4924.520     4937.638     5029.092
368  mtInv+I+G4    2430.562     33  4927.125     4941.150     5034.964
369  mtInv+R2      2428.316     33  4922.632     4936.657     5030.472
380  mtInv+F+G4    2243.834     51  4589.667     4627.019     4756.328
381  mtInv+F+I+G4  2243.973     52  4591.947     4631.039     4761.875
382  mtInv+F+R2    2242.984     52  4589.968     4629.060     4759.897
393  mtMAM+G4      2424.502     32  4913.004     4926.122     5017.575
394  mtMAM+I+G4    2424.704     33  4915.408     4929.433     5023.248
395  mtMAM+R2      2423.173     33  4912.345     4926.370     5020.184
406  mtMAM+F+G4    2274.916     51  4651.832     4689.184     4818.492
407  mtMAM+F+I+G4  2275.063     52  4654.127     4693.219     4824.055
408  mtMAM+F+R2    2273.454     52  4650.907     4689.999     4820.836
419  HIVb+G4       2218.438     32  4500.876     4513.994     4605.448
420  HIVb+I+G4     2218.670     33  4503.341     4517.366     4611.180
421  HIVb+R2       2216.938     33  4499.876     4513.901     4607.715
432  HIVb+F+G4     2200.151     51  4502.302     4539.654     4668.963
433  HIVb+F+I+G4   2200.408     52  4504.815     4543.907     4674.744
434  HIVb+F+R2     2200.382     52  4504.763     4543.855     4674.692
445  HIVw+G4       2275.086     32  4614.173     4627.291     4718.744
446  HIVw+I+G4     2275.269     33  4616.538     4630.563     4724.378
447  HIVw+R2       2275.297     33  4616.594     4630.619     4724.433
458  HIVw+F+G4     2219.892     51  4541.784     4579.136     4708.445
459  HIVw+F+I+G4   2219.991     52  4543.982     4583.075     4713.911
460  HIVw+F+R2     2221.117     52  4546.233     4585.326     4716.162
471  FLU+G4        2269.088     32  4602.175     4615.293     4706.747
472  FLU+I+G4      2269.331     33  4604.661     4618.686     4712.501
473  FLU+R2        2265.492     33  4596.985     4611.010     4704.824
484  FLU+F+G4      2216.023     51  4534.046     4571.398     4700.707
485  FLU+F+I+G4    2216.349     52  4536.698     4575.790     4706.627
486  FLU+F+R2      2213.696     52  4531.393     4570.485     4701.321
497  rtREV+G4      2288.602     32  4641.205     4654.323     4745.776
498  rtREV+I+G4    2288.720     33  4643.441     4657.466     4751.280
499  rtREV+R2      2286.328     33  4638.656     4652.681     4746.495
510  rtREV+F+G4    2266.358     51  4634.716     4672.068     4801.376
511  rtREV+F+I+G4  2266.539     52  4637.079     4676.171     4807.008
512  rtREV+F+R2    2264.515     52  4633.030     4672.122     4802.959
523  cpREV+G4      2264.630     32  4593.260     4606.378     4697.831
524  cpREV+I+G4    2264.899     33  4595.798     4609.823     4703.637
525  cpREV+R2      2263.167     33  4592.335     4606.360     4700.174
536  cpREV+F+G4    2238.745     51  4579.491     4616.843     4746.152
537  cpREV+F+I+G4  2238.950     52  4581.900     4620.992     4751.828
538  cpREV+F+R2    2238.616     52  4581.231     4620.323     4751.160
Akaike Information Criterion:           JTT+G4
Corrected Akaike Information Criterion: JTT+G4
Bayesian Information Criterion:         JTT+G4
Best-fit model: JTT+G4 chosen according to BIC

All model information printed to apo-drp10_alignments/ApoC-IV_aligned.fa.model.gz
CPU time for ModelFinder: 25.771 seconds (0h:0m:25s)
Wall-clock time for ModelFinder: 28.062 seconds (0h:0m:28s)
Generating 1000 samples for ultrafast bootstrap (seed: 663012)...

NOTE: 2 MB RAM (0 GB) is required!
Estimate model parameters (epsilon = 0.100)
1. Initial log-likelihood: -2217.031
Optimal log-likelihood: -2217.029
Gamma shape alpha: 2.992
Parameters optimization took 1 rounds (0.067 sec)
Computing ML distances based on estimated model parameters... 0.050 sec
Computing BIONJ tree...
0.001 seconds
Log-likelihood of BIONJ tree: -2222.025
--------------------------------------------------------------------
|             INITIALIZING CANDIDATE TREE SET                      |
--------------------------------------------------------------------
Generating 98 parsimony trees... 0.197 second
Computing log-likelihood of 98 initial trees ... 1.601 seconds
Current best score: -2217.029

Do NNI search on 20 best initial trees
Estimate model parameters (epsilon = 0.100)
BETTER TREE FOUND at iteration 1: -2217.028
UPDATE BEST LOG-LIKELIHOOD: -2217.028
UPDATE BEST LOG-LIKELIHOOD: -2217.028
Iteration 10 / LogL: -2217.029 / Time: 0h:0m:3s
UPDATE BEST LOG-LIKELIHOOD: -2217.028
Iteration 20 / LogL: -2217.028 / Time: 0h:0m:6s
Finish initializing candidate tree set (4)
Current best tree score: -2217.028 / CPU time: 6.401
Number of iterations: 20
--------------------------------------------------------------------
|               OPTIMIZING CANDIDATE TREE SET                      |
--------------------------------------------------------------------
UPDATE BEST LOG-LIKELIHOOD: -2217.028
Iteration 30 / LogL: -2227.211 / Time: 0h:0m:9s (0h:0m:23s left)
UPDATE BEST LOG-LIKELIHOOD: -2217.028
UPDATE BEST LOG-LIKELIHOOD: -2217.028
UPDATE BEST LOG-LIKELIHOOD: -2217.028
Iteration 40 / LogL: -2224.502 / Time: 0h:0m:13s (0h:0m:21s left)
Iteration 50 / LogL: -2220.712 / Time: 0h:0m:16s (0h:0m:17s left)
Log-likelihood cutoff on original alignment: -2245.321
Iteration 60 / LogL: -2217.313 / Time: 0h:0m:19s (0h:0m:13s left)
Iteration 70 / LogL: -2224.515 / Time: 0h:0m:22s (0h:0m:10s left)
Iteration 80 / LogL: -2217.313 / Time: 0h:0m:25s (0h:0m:6s left)
Iteration 90 / LogL: -2220.381 / Time: 0h:0m:28s (0h:0m:3s left)
Iteration 100 / LogL: -2217.028 / Time: 0h:0m:31s (0h:0m:0s left)
Log-likelihood cutoff on original alignment: -2241.404
NOTE: Bootstrap correlation coefficient of split occurrence frequencies: 0.995
TREE SEARCH COMPLETED AFTER 102 ITERATIONS / Time: 0h:0m:32s

--------------------------------------------------------------------
|                    FINALIZING TREE SEARCH                        |
--------------------------------------------------------------------
Performs final model parameters optimization
Estimate model parameters (epsilon = 0.010)
1. Initial log-likelihood: -2217.028
Optimal log-likelihood: -2217.027
Gamma shape alpha: 2.976
Parameters optimization took 1 rounds (0.066 sec)
BEST SCORE FOUND : -2217.027
Creating bootstrap support values...
Split supports printed to NEXUS file apo-drp10_alignments/ApoC-IV_aligned.fa.splits.nex
Total tree length: 5.400

Total number of iterations: 102
CPU time used for tree search: 29.057 sec (0h:0m:29s)
Wall-clock time used for tree search: 31.791 sec (0h:0m:31s)
Total CPU time used: 29.457 sec (0h:0m:29s)
Total wall-clock time used: 32.224 sec (0h:0m:32s)

Computing bootstrap consensus tree...
Reading input file apo-drp10_alignments/ApoC-IV_aligned.fa.splits.nex...
17 taxa and 155 splits.
Consensus tree written to apo-drp10_alignments/ApoC-IV_aligned.fa.contree
Reading input trees file apo-drp10_alignments/ApoC-IV_aligned.fa.contree
Log-likelihood of consensus tree: -2217.422

Analysis results written to: 
  IQ-TREE report:                apo-drp10_alignments/ApoC-IV_aligned.fa.iqtree
  Maximum-likelihood tree:       apo-drp10_alignments/ApoC-IV_aligned.fa.treefile
  Likelihood distances:          apo-drp10_alignments/ApoC-IV_aligned.fa.mldist

Ultrafast bootstrap approximation results written to:
  Split support values:          apo-drp10_alignments/ApoC-IV_aligned.fa.splits.nex
  Consensus tree:                apo-drp10_alignments/ApoC-IV_aligned.fa.contree
  Screen log file:               apo-drp10_alignments/ApoC-IV_aligned.fa.log

Date and Time: Thu Feb  1 11:59:43 2024
