IQ-TREE multicore version 2.0.7 for Linux 64-bit built Jan 21 2022
Developed by Bui Quang Minh, Nguyen Lam Tung, Olga Chernomor,
Heiko Schmidt, Dominik Schrempf, Michael Woodhams.

Host:    DESKTOP-P8M0AUR (AVX2, FMA3, 3 GB RAM)
Command: iqtree2 -s test_make_aa/ApoA-II_aligned.fa -B 1000 -redo
Seed:    22027 (Using SPRNG - Scalable Parallel Random Number Generator)
Time:    Sat Jan 20 14:04:02 2024
Kernel:  AVX+FMA - 1 threads (8 CPU cores detected)

HINT: Use -nt option to specify number of threads because your CPU has 8 cores!
HINT: -nt AUTO will automatically determine the best number of threads to use.

Reading alignment file test_make_aa/ApoA-II_aligned.fa ... Fasta format detected
Alignment most likely contains protein sequences
Alignment has 24 sequences with 267 columns, 181 distinct patterns
81 parsimony-informative, 46 singleton sites, 140 constant sites
                                  Gap/Ambiguity  Composition  p-value
   1  XP_004950281.1                     63.67%    failed      1.90%
   2  XP_002942480.2                     65.54%    passed      7.75%
   3  NP_001038953.1                     51.31%    passed     14.02%
   4  XP_006643008.1                     45.69%    passed     47.89%
   5  XP_007656211.1                     50.56%    failed      0.00%
   6  NP_001634.1                        62.55%    passed     99.79%
   7  XP_004027815.1                     62.55%    passed     99.79%
   8  XP_009431992.1                     62.55%    passed     99.99%
   9  NP_001158123.1                     65.17%    passed     99.85%
  10  XP_003893015.1                     62.55%    passed     99.79%
  11  XP_001117975.1                     62.55%    passed     99.90%
  12  XP_001503846.1                     62.55%    passed     99.95%
  13  XP_536139.3                        62.55%    passed     99.97%
  14  XP_002715298.1                     62.55%    passed     99.45%
  15  XP_003999611.1                     62.55%    passed     99.97%
  16  NP_001173223.1                     62.55%    passed     97.43%
  17  NP_001039381.1                     62.55%    passed     99.98%
  18  XP_004002742.1                     62.55%    passed    100.00%
  19  XP_005677218.1                     37.08%    passed     80.34%
  20  XP_005293843.1                     61.80%    passed     64.42%
  21  XP_001371984.1                     62.55%    passed     89.29%
  22  XP_006496688.1                     61.80%    passed     96.30%
  23  XP_006250301.1                     61.80%    passed     98.37%
  24  CM053038.1_Lithobates_sylvaticus   66.29%    failed      0.76%
WARNING: 22 sequences contain more than 50% gaps/ambiguity
****  TOTAL                              60.16%  3 sequences failed composition chi2 test (p-value<5%; df=19)
NOTE: XP_004027815.1 is identical to NP_001634.1 but kept for subsequent analysis


Create initial parsimony tree by phylogenetic likelihood library (PLL)... 0.001 seconds
Perform fast likelihood tree search using LG+I+G model...
Estimate model parameters (epsilon = 5.000)
Perform nearest neighbor interchange...
Estimate model parameters (epsilon = 1.000)
1. Initial log-likelihood: -3093.071
2. Current log-likelihood: -3091.368
Optimal log-likelihood: -3090.465
Proportion of invariable sites: 0.034
Gamma shape alpha: 3.290
Parameters optimization took 2 rounds (0.126 sec)
Time for fast ML tree search: 0.560 seconds

NOTE: ModelFinder requires 8 MB RAM!
ModelFinder will test up to 546 protein models (sample size: 267) ...
 No. Model         -LnL         df  AIC          AICc         BIC
  1  LG            3108.653     45  6307.306     6326.039     6468.732
  2  LG+I          3106.669     46  6305.338     6324.992     6470.351
  3  LG+G4         3089.120     46  6270.240     6289.894     6435.253
  4  LG+I+G4       3089.322     47  6272.644     6293.247     6441.245
  5  LG+R2         3090.821     47  6275.641     6296.244     6444.242
  6  LG+R3         3087.907     49  6273.813     6296.394     6449.589
 16  LG+F+G4       3086.010     65  6302.019     6344.706     6535.190
 17  LG+F+I+G4     3085.563     66  6303.127     6347.347     6539.885
 18  LG+F+R2       3087.251     66  6306.503     6350.723     6543.261
 29  WAG+G4        3096.560     46  6285.120     6304.774     6450.133
 30  WAG+I+G4      3096.776     47  6287.552     6308.155     6456.153
 31  WAG+R2        3097.661     47  6289.322     6309.924     6457.922
 42  WAG+F+G4      3108.155     65  6346.310     6388.997     6579.481
 43  WAG+F+I+G4    3107.994     66  6347.988     6392.208     6584.746
 44  WAG+F+R2      3109.236     66  6350.472     6394.692     6587.231
 55  JTT+G4        3069.778     46  6231.557     6251.211     6396.570
 56  JTT+I+G4      3069.771     47  6233.542     6254.145     6402.143
 57  JTT+R2        3070.690     47  6235.379     6255.982     6403.980
 68  JTT+F+G4      3065.674     65  6261.347     6304.034     6494.518
 69  JTT+F+I+G4    3064.940     66  6261.880     6306.100     6498.639
 70  JTT+F+R2      3066.039     66  6264.079     6308.299     6500.837
 81  JTTDCMut+G4   3070.231     46  6232.461     6252.116     6397.475
 82  JTTDCMut+I+G4 3070.213     47  6234.425     6255.028     6403.026
 83  JTTDCMut+R2   3071.150     47  6236.299     6256.902     6404.900
 94  JTTDCMut+F+G4 3067.683     65  6265.365     6308.052     6498.537
 95  JTTDCMut+F+I+G4 3066.978     66  6265.957     6310.177     6502.715
 96  JTTDCMut+F+R2 3068.084     66  6268.168     6312.388     6504.926
107  DCMut+G4      3108.007     46  6308.013     6327.668     6473.027
108  DCMut+I+G4    3108.313     47  6310.626     6331.229     6479.227
109  DCMut+R2      3109.524     47  6313.048     6333.650     6481.648
120  DCMut+F+G4    3110.302     65  6350.603     6393.290     6583.774
121  DCMut+F+I+G4  3110.485     66  6352.970     6397.190     6589.728
122  DCMut+F+R2    3111.492     66  6354.985     6399.205     6591.743
133  VT+G4         3099.236     46  6290.471     6310.126     6455.485
134  VT+I+G4       3099.478     47  6292.955     6313.558     6461.556
135  VT+R2         3099.879     47  6293.758     6314.361     6462.359
146  VT+F+G4       3105.911     65  6341.822     6384.508     6574.993
147  VT+F+I+G4     3105.753     66  6343.506     6387.726     6580.265
148  VT+F+R2       3106.467     66  6344.934     6389.154     6581.693
159  PMB+G4        3144.568     46  6381.136     6400.791     6546.150
160  PMB+I+G4      3144.873     47  6383.746     6404.349     6552.347
161  PMB+R2        3145.237     47  6384.475     6405.077     6553.075
172  PMB+F+G4      3143.883     65  6417.766     6460.452     6650.937
173  PMB+F+I+G4    3143.751     66  6419.501     6463.721     6656.260
174  PMB+F+R2      3144.533     66  6421.066     6465.286     6657.825
185  Blosum62+G4   3151.311     46  6394.623     6414.277     6559.636
186  Blosum62+I+G4 3151.615     47  6397.230     6417.833     6565.831
187  Blosum62+R2   3152.058     47  6398.116     6418.719     6566.717
198  Blosum62+F+G4 3152.000     65  6433.999     6476.686     6667.171
199  Blosum62+F+I+G4 3151.918     66  6435.837     6480.057     6672.595
200  Blosum62+F+R2 3152.817     66  6437.634     6481.854     6674.393
211  Dayhoff+G4    3107.758     46  6307.515     6327.170     6472.529
212  Dayhoff+I+G4  3108.064     47  6310.128     6330.731     6478.729
213  Dayhoff+R2    3109.287     47  6312.573     6333.176     6481.174
224  Dayhoff+F+G4  3110.108     65  6350.217     6392.903     6583.388
225  Dayhoff+F+I+G4 3110.291     66  6352.583     6396.803     6589.341
226  Dayhoff+F+R2  3111.311     66  6354.621     6398.841     6591.380
237  mtREV+G4      3234.750     46  6561.501     6581.155     6726.514
238  mtREV+I+G4    3234.959     47  6563.918     6584.521     6732.519
239  mtREV+R2      3236.434     47  6566.868     6587.471     6735.469
250  mtREV+F+G4    3116.645     65  6363.290     6405.977     6596.461
251  mtREV+F+I+G4  3116.846     66  6365.692     6409.912     6602.450
252  mtREV+F+R2    3117.407     66  6366.815     6411.035     6603.573
263  mtART+G4      3275.319     46  6642.639     6662.293     6807.652
264  mtART+I+G4    3275.471     47  6644.941     6665.544     6813.542
265  mtART+R2      3279.943     47  6653.886     6674.489     6822.487
276  mtART+F+G4    3127.286     65  6384.571     6427.258     6617.743
277  mtART+F+I+G4  3127.131     66  6386.262     6430.482     6623.020
278  mtART+F+R2    3130.462     66  6392.923     6437.143     6629.682
289  mtZOA+G4      3203.017     46  6498.035     6517.689     6663.048
290  mtZOA+I+G4    3203.240     47  6500.479     6521.082     6669.080
291  mtZOA+R2      3206.795     47  6507.590     6528.192     6676.190
302  mtZOA+F+G4    3095.028     65  6320.055     6362.742     6553.226
303  mtZOA+F+I+G4  3095.218     66  6322.436     6366.656     6559.195
304  mtZOA+F+R2    3096.755     66  6325.510     6369.730     6562.268
315  mtMet+G4      3236.660     46  6565.320     6584.974     6730.333
316  mtMet+I+G4    3236.957     47  6567.913     6588.516     6736.514
317  mtMet+R2      3239.106     47  6572.212     6592.815     6740.813
328  mtMet+F+G4    3076.911     65  6283.822     6326.508     6516.993
329  mtMet+F+I+G4  3077.200     66  6286.400     6330.620     6523.158
330  mtMet+F+R2    3078.141     66  6288.283     6332.503     6525.041
341  mtVer+G4      3220.220     46  6532.439     6552.094     6697.453
342  mtVer+I+G4    3220.481     47  6534.961     6555.564     6703.562
343  mtVer+R2      3222.998     47  6539.995     6560.598     6708.596
354  mtVer+F+G4    3088.085     65  6306.170     6348.857     6539.341
355  mtVer+F+I+G4  3088.266     66  6308.532     6352.752     6545.290
356  mtVer+F+R2    3089.645     66  6311.289     6355.509     6548.048
367  mtInv+G4      3293.981     46  6679.961     6699.616     6844.975
368  mtInv+I+G4    3294.209     47  6682.417     6703.020     6851.018
369  mtInv+R2      3295.789     47  6685.579     6706.181     6854.179
380  mtInv+F+G4    3079.219     65  6288.437     6331.124     6521.608
381  mtInv+F+I+G4  3079.529     66  6291.057     6335.277     6527.816
382  mtInv+F+R2    3080.194     66  6292.388     6336.608     6529.146
393  mtMAM+G4      3270.023     46  6632.046     6651.700     6797.059
394  mtMAM+I+G4    3270.194     47  6634.387     6654.990     6802.988
395  mtMAM+R2      3274.843     47  6643.686     6664.289     6812.287
406  mtMAM+F+G4    3133.283     65  6396.567     6439.253     6629.738
407  mtMAM+F+I+G4  3133.005     66  6398.010     6442.230     6634.768
408  mtMAM+F+R2    3136.635     66  6405.271     6449.491     6642.029
419  HIVb+G4       3099.002     46  6290.003     6309.658     6455.017
420  HIVb+I+G4     3098.158     47  6290.316     6310.919     6458.917
421  HIVb+R2       3100.466     47  6294.933     6315.535     6463.533
432  HIVb+F+G4     3068.307     65  6266.614     6309.301     6499.786
433  HIVb+F+I+G4   3066.157     66  6264.314     6308.534     6501.073
434  HIVb+F+R2     3069.573     66  6271.146     6315.366     6507.904
445  HIVw+G4       3229.148     46  6550.296     6569.951     6715.309
446  HIVw+I+G4     3228.151     47  6550.302     6570.905     6718.903
447  HIVw+R2       3231.466     47  6556.932     6577.535     6725.533
458  HIVw+F+G4     3144.111     65  6418.221     6460.908     6651.392
459  HIVw+F+I+G4   3141.919     66  6415.838     6460.058     6652.596
460  HIVw+F+R2     3144.126     66  6420.252     6464.472     6657.011
471  FLU+G4        3139.299     46  6370.598     6390.253     6535.611
472  FLU+I+G4      3138.534     47  6371.067     6391.670     6539.668
473  FLU+R2        3141.754     47  6377.507     6398.110     6546.108
484  FLU+F+G4      3096.398     65  6322.795     6365.482     6555.966
485  FLU+F+I+G4    3093.401     66  6318.802     6363.022     6555.560
486  FLU+F+R2      3096.730     66  6325.461     6369.681     6562.219
497  rtREV+G4      3103.010     46  6298.021     6317.675     6463.034
498  rtREV+I+G4    3103.116     47  6300.231     6320.834     6468.832
499  rtREV+R2      3104.501     47  6303.001     6323.604     6471.602
510  rtREV+F+G4    3109.345     65  6348.689     6391.376     6581.860
511  rtREV+F+I+G4  3109.082     66  6350.164     6394.384     6586.922
512  rtREV+F+R2    3110.340     66  6352.680     6396.900     6589.438
523  cpREV+G4      3121.686     46  6335.373     6355.027     6500.386
524  cpREV+I+G4    3121.965     47  6337.929     6358.532     6506.530
525  cpREV+R2      3123.957     47  6341.914     6362.517     6510.515
536  cpREV+F+G4    3122.806     65  6375.613     6418.300     6608.784
537  cpREV+F+I+G4  3122.691     66  6377.383     6421.603     6614.141
538  cpREV+F+R2    3125.784     66  6383.568     6427.788     6620.326
Akaike Information Criterion:           JTT+G4
Corrected Akaike Information Criterion: JTT+G4
Bayesian Information Criterion:         JTT+G4
Best-fit model: JTT+G4 chosen according to BIC

All model information printed to test_make_aa/ApoA-II_aligned.fa.model.gz
CPU time for ModelFinder: 24.586 seconds (0h:0m:24s)
Wall-clock time for ModelFinder: 26.774 seconds (0h:0m:26s)
Generating 1000 samples for ultrafast bootstrap (seed: 22027)...

NOTE: 3 MB RAM (0 GB) is required!
Estimate model parameters (epsilon = 0.100)
1. Initial log-likelihood: -3069.778
Optimal log-likelihood: -3069.778
Gamma shape alpha: 3.300
Parameters optimization took 1 rounds (0.049 sec)
Computing ML distances based on estimated model parameters... 0.047 sec
Computing BIONJ tree...
0.000 seconds
Log-likelihood of BIONJ tree: -3070.280
--------------------------------------------------------------------
|             INITIALIZING CANDIDATE TREE SET                      |
--------------------------------------------------------------------
Generating 98 parsimony trees... 0.171 second
Computing log-likelihood of 98 initial trees ... 1.398 seconds
Current best score: -3069.778

Do NNI search on 20 best initial trees
Estimate model parameters (epsilon = 0.100)
BETTER TREE FOUND at iteration 1: -3069.438
Estimate model parameters (epsilon = 0.100)
BETTER TREE FOUND at iteration 2: -3068.987
Estimate model parameters (epsilon = 0.100)
BETTER TREE FOUND at iteration 3: -3067.718
Estimate model parameters (epsilon = 0.100)
BETTER TREE FOUND at iteration 4: -3065.971
Iteration 10 / LogL: -3066.661 / Time: 0h:0m:4s
Iteration 20 / LogL: -3071.038 / Time: 0h:0m:7s
Finish initializing candidate tree set (10)
Current best tree score: -3065.971 / CPU time: 7.813
Number of iterations: 20
--------------------------------------------------------------------
|               OPTIMIZING CANDIDATE TREE SET                      |
--------------------------------------------------------------------
Estimate model parameters (epsilon = 0.100)
BETTER TREE FOUND at iteration 23: -3065.789
Estimate model parameters (epsilon = 0.100)
BETTER TREE FOUND at iteration 26: -3065.737
Iteration 30 / LogL: -3065.793 / Time: 0h:0m:10s (0h:0m:35s left)
Iteration 40 / LogL: -3065.793 / Time: 0h:0m:13s (0h:0m:30s left)
Iteration 50 / LogL: -3066.655 / Time: 0h:0m:16s (0h:0m:26s left)
Log-likelihood cutoff on original alignment: -3090.238
Iteration 60 / LogL: -3065.738 / Time: 0h:0m:19s (0h:0m:22s left)
UPDATE BEST LOG-LIKELIHOOD: -3065.737
Iteration 70 / LogL: -3065.793 / Time: 0h:0m:23s (0h:0m:18s left)
UPDATE BEST LOG-LIKELIHOOD: -3065.737
Iteration 80 / LogL: -3065.737 / Time: 0h:0m:26s (0h:0m:15s left)
UPDATE BEST LOG-LIKELIHOOD: -3065.737
Iteration 90 / LogL: -3085.519 / Time: 0h:0m:29s (0h:0m:11s left)
Iteration 100 / LogL: -3065.981 / Time: 0h:0m:32s (0h:0m:8s left)
Log-likelihood cutoff on original alignment: -3091.963
NOTE: Bootstrap correlation coefficient of split occurrence frequencies: 0.999
Iteration 110 / LogL: -3072.111 / Time: 0h:0m:35s (0h:0m:29s left)
Iteration 120 / LogL: -3065.793 / Time: 0h:0m:38s (0h:0m:25s left)
TREE SEARCH COMPLETED AFTER 127 ITERATIONS / Time: 0h:0m:40s

--------------------------------------------------------------------
|                    FINALIZING TREE SEARCH                        |
--------------------------------------------------------------------
Performs final model parameters optimization
Estimate model parameters (epsilon = 0.010)
1. Initial log-likelihood: -3065.737
Optimal log-likelihood: -3065.737
Gamma shape alpha: 3.049
Parameters optimization took 1 rounds (0.048 sec)
BEST SCORE FOUND : -3065.737
Creating bootstrap support values...
Split supports printed to NEXUS file test_make_aa/ApoA-II_aligned.fa.splits.nex
Total tree length: 8.828

Total number of iterations: 127
CPU time used for tree search: 37.236 sec (0h:0m:37s)
Wall-clock time used for tree search: 40.599 sec (0h:0m:40s)
Total CPU time used: 37.483 sec (0h:0m:37s)
Total wall-clock time used: 40.867 sec (0h:0m:40s)

Computing bootstrap consensus tree...
Reading input file test_make_aa/ApoA-II_aligned.fa.splits.nex...
24 taxa and 209 splits.
Consensus tree written to test_make_aa/ApoA-II_aligned.fa.contree
Reading input trees file test_make_aa/ApoA-II_aligned.fa.contree
Log-likelihood of consensus tree: -3065.738

Analysis results written to: 
  IQ-TREE report:                test_make_aa/ApoA-II_aligned.fa.iqtree
  Maximum-likelihood tree:       test_make_aa/ApoA-II_aligned.fa.treefile
  Likelihood distances:          test_make_aa/ApoA-II_aligned.fa.mldist

Ultrafast bootstrap approximation results written to:
  Split support values:          test_make_aa/ApoA-II_aligned.fa.splits.nex
  Consensus tree:                test_make_aa/ApoA-II_aligned.fa.contree
  Screen log file:               test_make_aa/ApoA-II_aligned.fa.log

Date and Time: Sat Jan 20 14:05:09 2024
