IQ-TREE multicore version 2.0.7 for Linux 64-bit built Jan 21 2022
Developed by Bui Quang Minh, Nguyen Lam Tung, Olga Chernomor,
Heiko Schmidt, Dominik Schrempf, Michael Woodhams.

Host:    DESKTOP-P8M0AUR (AVX2, FMA3, 3 GB RAM)
Command: iqtree2 -s test_make_aa/ApoC-IV_aligned.fa -B 1000 -redo
Seed:    88966 (Using SPRNG - Scalable Parallel Random Number Generator)
Time:    Sat Jan 20 14:14:40 2024
Kernel:  AVX+FMA - 1 threads (8 CPU cores detected)

HINT: Use -nt option to specify number of threads because your CPU has 8 cores!
HINT: -nt AUTO will automatically determine the best number of threads to use.

Reading alignment file test_make_aa/ApoC-IV_aligned.fa ... Fasta format detected
Alignment most likely contains protein sequences
Alignment has 17 sequences with 198 columns, 154 distinct patterns
81 parsimony-informative, 36 singleton sites, 81 constant sites
                                  Gap/Ambiguity  Composition  p-value
   1  NP_001637.1                        35.86%    passed     99.99%
   2  XP_004060989.2                     35.86%    passed     99.94%
   3  XP_003316494.1                     35.86%    passed    100.00%
   4  NP_001182066.1                     35.86%    passed     99.94%
   5  XP_009196974.1                     35.86%    passed     99.95%
   6  XP_002829428.1                     35.86%    passed    100.00%
   7  XP_001502417.1                     35.86%    passed     96.22%
   8  NP_001167603.1                     36.36%    passed     99.69%
   9  XP_855163.1                        38.89%    passed     99.55%
  10  XP_004015362.1                     21.72%    passed     69.61%
  11  XP_005701836.1                     50.51%    passed     78.05%
  12  NP_001029979.1                     35.86%    passed     99.04%
  13  NP_001075834.1                     37.37%    passed     83.22%
  14  XP_006941182.1                     20.71%    passed     70.49%
  15  NP_031411.1                        37.37%    passed     88.91%
  16  NP_001102889.1                     37.37%    passed     94.39%
  17  CM053038.1_Lithobates_sylvaticus   54.55%    failed      0.00%
WARNING: 2 sequences contain more than 50% gaps/ambiguity
****  TOTAL                              36.57%  1 sequences failed composition chi2 test (p-value<5%; df=19)


Create initial parsimony tree by phylogenetic likelihood library (PLL)... 0.002 seconds
Perform fast likelihood tree search using LG+I+G model...
Estimate model parameters (epsilon = 5.000)
Perform nearest neighbor interchange...
Estimate model parameters (epsilon = 1.000)
1. Initial log-likelihood: -2263.448
Optimal log-likelihood: -2262.541
Proportion of invariable sites: 0.057
Gamma shape alpha: 3.786
Parameters optimization took 1 rounds (0.055 sec)
Time for fast ML tree search: 0.292 seconds

NOTE: ModelFinder requires 5 MB RAM!
ModelFinder will test up to 546 protein models (sample size: 198) ...
 No. Model         -LnL         df  AIC          AICc         BIC
  1  LG            2274.748     31  4611.496     4623.447     4713.432
  2  LG+I          2267.042     32  4598.083     4610.883     4703.308
  3  LG+G4         2263.787     32  4591.573     4604.373     4696.798
  4  LG+I+G4       2262.140     33  4590.279     4603.962     4698.792
  5  LG+R2         2264.668     33  4595.335     4609.018     4703.848
  6  LG+R3         2263.492     35  4596.984     4612.540     4712.073
 15  LG+F+I        2241.850     51  4585.701     4622.030     4753.402
 16  LG+F+G4       2240.027     51  4582.054     4618.383     4749.755
 17  LG+F+I+G4     2238.013     52  4580.026     4618.040     4751.016
 18  LG+F+R2       2240.801     52  4585.603     4623.617     4756.593
 28  WAG+I         2252.427     32  4568.853     4581.653     4674.078
 29  WAG+G4        2250.766     32  4565.531     4578.331     4670.756
 30  WAG+I+G4      2249.597     33  4565.194     4578.877     4673.707
 31  WAG+R2        2251.143     33  4568.286     4581.969     4676.798
 41  WAG+F+I       2229.619     51  4561.238     4597.567     4728.940
 42  WAG+F+G4      2228.443     51  4558.887     4595.216     4726.588
 43  WAG+F+I+G4    2227.168     52  4558.337     4596.350     4729.327
 44  WAG+F+R2      2228.801     52  4561.602     4599.616     4732.592
 54  JTT+I         2211.482     32  4486.964     4499.764     4592.188
 55  JTT+G4        2209.829     32  4483.659     4496.459     4588.883
 56  JTT+I+G4      2208.278     33  4482.556     4496.239     4591.069
 57  JTT+R2        2210.319     33  4486.639     4500.322     4595.152
 67  JTT+F+I       2199.099     51  4500.199     4536.528     4667.900
 68  JTT+F+G4      2198.355     51  4498.711     4535.040     4666.412
 69  JTT+F+I+G4    2196.745     52  4497.490     4535.504     4668.480
 70  JTT+F+R2      2198.663     52  4501.326     4539.339     4672.316
 80  JTTDCMut+I    2212.547     32  4489.094     4501.894     4594.318
 81  JTTDCMut+G4   2210.685     32  4485.371     4498.171     4590.595
 82  JTTDCMut+I+G4 2209.189     33  4484.378     4498.061     4592.891
 83  JTTDCMut+R2   2211.196     33  4488.391     4502.074     4596.904
 93  JTTDCMut+F+I  2199.450     51  4500.899     4537.228     4668.601
 94  JTTDCMut+F+G4 2198.618     51  4499.237     4535.566     4666.938
 95  JTTDCMut+F+I+G4 2197.039     52  4498.078     4536.091     4669.068
 96  JTTDCMut+F+R2 2198.955     52  4501.910     4539.924     4672.900
106  DCMut+I       2299.646     32  4663.293     4676.093     4768.518
107  DCMut+G4      2291.507     32  4647.014     4659.814     4752.239
108  DCMut+I+G4    2290.350     33  4646.699     4660.382     4755.212
109  DCMut+R2      2291.358     33  4648.715     4662.398     4757.228
119  DCMut+F+I     2263.432     51  4628.865     4665.193     4796.566
120  DCMut+F+G4    2257.482     51  4616.965     4653.294     4784.666
121  DCMut+F+I+G4  2255.968     52  4615.937     4653.951     4786.927
122  DCMut+F+R2    2257.273     52  4618.546     4656.559     4789.535
132  VT+I          2246.009     32  4556.018     4568.818     4661.243
133  VT+G4         2245.195     32  4554.389     4567.189     4659.614
134  VT+I+G4       2244.123     33  4554.245     4567.928     4662.758
135  VT+R2         2245.516     33  4557.032     4570.715     4665.545
145  VT+F+I        2229.393     51  4560.786     4597.115     4728.488
146  VT+F+G4       2229.053     51  4560.105     4596.434     4727.807
147  VT+F+I+G4     2227.902     52  4559.803     4597.817     4730.793
148  VT+F+R2       2229.299     52  4562.598     4600.612     4733.588
158  PMB+I         2279.696     32  4623.392     4636.192     4728.616
159  PMB+G4        2277.784     32  4619.569     4632.369     4724.793
160  PMB+I+G4      2276.846     33  4619.692     4633.375     4728.205
161  PMB+R2        2278.129     33  4622.258     4635.941     4730.771
171  PMB+F+I       2259.802     51  4621.605     4657.933     4789.306
172  PMB+F+G4      2258.384     51  4618.768     4655.097     4786.470
173  PMB+F+I+G4    2257.512     52  4619.024     4657.037     4790.013
174  PMB+F+R2      2258.691     52  4621.381     4659.395     4792.371
184  Blosum62+I    2293.059     32  4650.118     4662.918     4755.342
185  Blosum62+G4   2291.601     32  4647.202     4660.002     4752.426
186  Blosum62+I+G4 2290.196     33  4646.392     4660.075     4754.905
187  Blosum62+R2   2292.196     33  4650.391     4664.074     4758.904
197  Blosum62+F+I  2265.723     51  4633.446     4669.774     4801.147
198  Blosum62+F+G4 2264.774     51  4631.549     4667.878     4799.251
199  Blosum62+F+I+G4 2263.309     52  4630.618     4668.632     4801.608
200  Blosum62+F+R2 2265.240     52  4634.480     4672.493     4805.470
210  Dayhoff+I     2299.460     32  4662.919     4675.719     4768.144
211  Dayhoff+G4    2291.307     32  4646.615     4659.415     4751.839
212  Dayhoff+I+G4  2290.139     33  4646.279     4659.962     4754.792
213  Dayhoff+R2    2291.173     33  4648.346     4662.029     4756.859
223  Dayhoff+F+I   2263.199     51  4628.398     4664.727     4796.100
224  Dayhoff+F+G4  2257.249     51  4616.498     4652.827     4784.200
225  Dayhoff+F+I+G4 2255.722     52  4615.444     4653.458     4786.434
226  Dayhoff+F+R2  2257.055     52  4618.110     4656.123     4789.099
236  mtREV+I       2401.157     32  4866.315     4879.115     4971.539
237  mtREV+G4      2387.689     32  4839.379     4852.179     4944.603
238  mtREV+I+G4    2385.271     33  4836.542     4850.225     4945.055
239  mtREV+R2      2389.040     33  4844.079     4857.762     4952.592
249  mtREV+F+I     2264.374     51  4630.747     4667.076     4798.449
250  mtREV+F+G4    2257.001     51  4616.003     4652.332     4783.705
251  mtREV+F+I+G4  2254.946     52  4613.893     4651.906     4784.883
252  mtREV+F+R2    2258.161     52  4620.321     4658.335     4791.311
262  mtART+I       2546.109     32  5156.218     5169.018     5261.443
263  mtART+G4      2497.250     32  5058.499     5071.299     5163.724
264  mtART+I+G4    2495.899     33  5057.797     5071.480     5166.310
265  mtART+R2      2498.942     33  5063.885     5077.568     5172.398
275  mtART+F+I     2369.015     51  4840.031     4876.360     5007.732
276  mtART+F+G4    2342.791     51  4787.582     4823.911     4955.284
277  mtART+F+I+G4  2340.343     52  4784.686     4822.700     4955.676
278  mtART+F+R2    2345.008     52  4794.015     4832.029     4965.005
288  mtZOA+I       2433.777     32  4931.554     4944.354     5036.779
289  mtZOA+G4      2406.585     32  4877.170     4889.970     4982.395
290  mtZOA+I+G4    2405.038     33  4876.077     4889.760     4984.590
291  mtZOA+R2      2407.158     33  4880.316     4893.999     4988.829
301  mtZOA+F+I     2301.012     51  4704.025     4740.354     4871.727
302  mtZOA+F+G4    2288.491     51  4678.982     4715.311     4846.684
303  mtZOA+F+I+G4  2286.242     52  4676.483     4714.497     4847.473
304  mtZOA+F+R2    2290.344     52  4684.688     4722.702     4855.678
314  mtMet+I       2395.094     32  4854.188     4866.988     4959.413
315  mtMet+G4      2380.895     32  4825.791     4838.591     4931.015
316  mtMet+I+G4    2379.396     33  4824.791     4838.474     4933.304
317  mtMet+R2      2382.274     33  4830.548     4844.231     4939.061
327  mtMet+F+I     2233.076     51  4568.153     4604.482     4735.855
328  mtMet+F+G4    2228.682     51  4559.364     4595.693     4727.066
329  mtMet+F+I+G4  2226.633     52  4557.266     4595.280     4728.256
330  mtMet+F+R2    2229.846     52  4563.693     4601.706     4734.683
340  mtVer+I       2380.281     32  4824.562     4837.362     4929.787
341  mtVer+G4      2361.037     32  4786.074     4798.874     4891.299
342  mtVer+I+G4    2359.257     33  4784.515     4798.198     4893.028
343  mtVer+R2      2362.400     33  4790.799     4804.482     4899.312
353  mtVer+F+I     2238.672     51  4579.344     4615.672     4747.045
354  mtVer+F+G4    2231.626     51  4565.251     4601.580     4732.953
355  mtVer+F+I+G4  2229.979     52  4563.957     4601.971     4734.947
356  mtVer+F+R2    2233.166     52  4570.332     4608.345     4741.321
366  mtInv+I       2439.119     32  4942.238     4955.038     5047.463
367  mtInv+G4      2427.938     32  4919.876     4932.676     5025.100
368  mtInv+I+G4    2426.739     33  4919.477     4933.160     5027.990
369  mtInv+R2      2428.345     33  4922.689     4936.372     5031.202
379  mtInv+F+I     2245.825     51  4593.651     4629.979     4761.352
380  mtInv+F+G4    2242.050     51  4586.100     4622.429     4753.802
381  mtInv+F+I+G4  2240.313     52  4584.627     4622.641     4755.617
382  mtInv+F+R2    2242.941     52  4589.882     4627.896     4760.872
392  mtMAM+I       2466.957     32  4997.914     5010.714     5103.138
393  mtMAM+G4      2423.791     32  4911.581     4924.381     5016.806
394  mtMAM+I+G4    2421.875     33  4909.749     4923.432     5018.262
395  mtMAM+R2      2427.765     33  4921.529     4935.212     5030.042
405  mtMAM+F+I     2296.157     51  4694.314     4730.643     4862.016
406  mtMAM+F+G4    2277.304     51  4656.607     4692.936     4824.309
407  mtMAM+F+I+G4  2274.345     52  4652.689     4690.703     4823.679
408  mtMAM+F+R2    2279.763     52  4663.525     4701.539     4834.515
418  HIVb+I        2213.782     32  4491.565     4504.365     4596.790
419  HIVb+G4       2204.216     32  4472.432     4485.232     4577.656
420  HIVb+I+G4     2203.492     33  4472.984     4486.667     4581.497
421  HIVb+R2       2205.019     33  4476.038     4489.721     4584.551
431  HIVb+F+I      2201.891     51  4505.783     4542.112     4673.485
432  HIVb+F+G4     2193.565     51  4489.131     4525.459     4656.832
433  HIVb+F+I+G4   2193.151     52  4490.303     4528.317     4661.293
434  HIVb+F+R2     2194.097     52  4492.195     4530.208     4663.184
444  HIVw+I        2277.954     32  4619.909     4632.709     4725.134
445  HIVw+G4       2264.813     32  4593.625     4606.425     4698.850
446  HIVw+I+G4     2262.985     33  4591.970     4605.653     4700.483
447  HIVw+R2       2266.476     33  4598.952     4612.635     4707.465
457  HIVw+F+I      2228.192     51  4558.385     4594.714     4726.086
458  HIVw+F+G4     2219.083     51  4540.167     4576.496     4707.869
459  HIVw+F+I+G4   2217.488     52  4538.976     4576.990     4709.966
460  HIVw+F+R2     2220.526     52  4545.052     4583.066     4716.042
470  FLU+I         2276.023     32  4616.046     4628.846     4721.270
471  FLU+G4        2262.652     32  4589.304     4602.104     4694.528
472  FLU+I+G4      2260.994     33  4587.989     4601.672     4696.502
473  FLU+R2        2261.730     33  4589.461     4603.144     4697.974
483  FLU+F+I       2227.608     51  4557.215     4593.544     4724.917
484  FLU+F+G4      2217.260     51  4536.521     4572.850     4704.222
485  FLU+F+I+G4    2215.682     52  4535.364     4573.378     4706.354
486  FLU+F+R2      2217.643     52  4539.286     4577.300     4710.276
496  rtREV+I       2279.760     32  4623.519     4636.319     4728.744
497  rtREV+G4      2277.321     32  4618.643     4631.443     4723.867
498  rtREV+I+G4    2275.070     33  4616.139     4629.822     4724.652
499  rtREV+R2      2278.250     33  4622.500     4636.183     4731.013
509  rtREV+F+I     2262.846     51  4627.691     4664.020     4795.393
510  rtREV+F+G4    2261.421     51  4624.841     4661.170     4792.543
511  rtREV+F+I+G4  2259.056     52  4622.112     4660.126     4793.102
512  rtREV+F+R2    2262.106     52  4628.212     4666.226     4799.202
522  cpREV+I       2258.948     32  4581.897     4594.697     4687.121
523  cpREV+G4      2253.676     32  4571.353     4584.153     4676.577
524  cpREV+I+G4    2253.305     33  4572.610     4586.293     4681.123
525  cpREV+R2      2253.810     33  4573.620     4587.303     4682.133
535  cpREV+F+I     2237.953     51  4577.907     4614.236     4745.609
536  cpREV+F+G4    2233.169     51  4568.338     4604.667     4736.040
537  cpREV+F+I+G4  2232.863     52  4569.726     4607.740     4740.716
538  cpREV+F+R2    2233.174     52  4570.348     4608.362     4741.338
Akaike Information Criterion:           HIVb+G4
Corrected Akaike Information Criterion: HIVb+G4
Bayesian Information Criterion:         HIVb+G4
Best-fit model: HIVb+G4 chosen according to BIC

All model information printed to test_make_aa/ApoC-IV_aligned.fa.model.gz
CPU time for ModelFinder: 16.724 seconds (0h:0m:16s)
Wall-clock time for ModelFinder: 18.208 seconds (0h:0m:18s)
Generating 1000 samples for ultrafast bootstrap (seed: 88966)...

NOTE: 2 MB RAM (0 GB) is required!
Estimate model parameters (epsilon = 0.100)
1. Initial log-likelihood: -2204.216
Optimal log-likelihood: -2204.209
Gamma shape alpha: 2.093
Parameters optimization took 1 rounds (0.030 sec)
Computing ML distances based on estimated model parameters... 0.028 sec
Computing BIONJ tree...
0.000 seconds
Log-likelihood of BIONJ tree: -2206.683
--------------------------------------------------------------------
|             INITIALIZING CANDIDATE TREE SET                      |
--------------------------------------------------------------------
Generating 98 parsimony trees... 0.113 second
Computing log-likelihood of 98 initial trees ... 0.801 seconds
Current best score: -2204.209

Do NNI search on 20 best initial trees
Estimate model parameters (epsilon = 0.100)
BETTER TREE FOUND at iteration 1: -2200.442
Iteration 10 / LogL: -2204.292 / Time: 0h:0m:1s
Iteration 20 / LogL: -2204.254 / Time: 0h:0m:2s
Finish initializing candidate tree set (8)
Current best tree score: -2200.442 / CPU time: 2.758
Number of iterations: 20
--------------------------------------------------------------------
|               OPTIMIZING CANDIDATE TREE SET                      |
--------------------------------------------------------------------
Iteration 30 / LogL: -2204.843 / Time: 0h:0m:4s (0h:0m:10s left)
Iteration 40 / LogL: -2202.049 / Time: 0h:0m:5s (0h:0m:8s left)
Iteration 50 / LogL: -2200.979 / Time: 0h:0m:7s (0h:0m:7s left)
Log-likelihood cutoff on original alignment: -2234.934
Iteration 60 / LogL: -2202.047 / Time: 0h:0m:8s (0h:0m:6s left)
Iteration 70 / LogL: -2200.446 / Time: 0h:0m:9s (0h:0m:4s left)
Iteration 80 / LogL: -2200.940 / Time: 0h:0m:11s (0h:0m:3s left)
Iteration 90 / LogL: -2200.939 / Time: 0h:0m:12s (0h:0m:1s left)
Iteration 100 / LogL: -2200.457 / Time: 0h:0m:14s (0h:0m:0s left)
Log-likelihood cutoff on original alignment: -2234.934
NOTE: Bootstrap correlation coefficient of split occurrence frequencies: 0.992
TREE SEARCH COMPLETED AFTER 102 ITERATIONS / Time: 0h:0m:14s

--------------------------------------------------------------------
|                    FINALIZING TREE SEARCH                        |
--------------------------------------------------------------------
Performs final model parameters optimization
Estimate model parameters (epsilon = 0.010)
1. Initial log-likelihood: -2200.442
Optimal log-likelihood: -2200.442
Gamma shape alpha: 2.037
Parameters optimization took 1 rounds (0.027 sec)
BEST SCORE FOUND : -2200.442
Creating bootstrap support values...
Split supports printed to NEXUS file test_make_aa/ApoC-IV_aligned.fa.splits.nex
Total tree length: 7.420

Total number of iterations: 102
CPU time used for tree search: 13.064 sec (0h:0m:13s)
Wall-clock time used for tree search: 14.255 sec (0h:0m:14s)
Total CPU time used: 13.213 sec (0h:0m:13s)
Total wall-clock time used: 14.417 sec (0h:0m:14s)

Computing bootstrap consensus tree...
Reading input file test_make_aa/ApoC-IV_aligned.fa.splits.nex...
17 taxa and 143 splits.
Consensus tree written to test_make_aa/ApoC-IV_aligned.fa.contree
Reading input trees file test_make_aa/ApoC-IV_aligned.fa.contree
Log-likelihood of consensus tree: -2201.902

Analysis results written to: 
  IQ-TREE report:                test_make_aa/ApoC-IV_aligned.fa.iqtree
  Maximum-likelihood tree:       test_make_aa/ApoC-IV_aligned.fa.treefile
  Likelihood distances:          test_make_aa/ApoC-IV_aligned.fa.mldist

Ultrafast bootstrap approximation results written to:
  Split support values:          test_make_aa/ApoC-IV_aligned.fa.splits.nex
  Consensus tree:                test_make_aa/ApoC-IV_aligned.fa.contree
  Screen log file:               test_make_aa/ApoC-IV_aligned.fa.log

Date and Time: Sat Jan 20 14:15:12 2024
