IQ-TREE multicore version 2.0.7 for Linux 64-bit built Jan 21 2022
Developed by Bui Quang Minh, Nguyen Lam Tung, Olga Chernomor,
Heiko Schmidt, Dominik Schrempf, Michael Woodhams.

Host:    DESKTOP-P8M0AUR (AVX2, FMA3, 3 GB RAM)
Command: iqtree2 -s fr10_blastn_aligned_trimmed.fasta -B 1000 -o _GEGH01045879
Seed:    982420 (Using SPRNG - Scalable Parallel Random Number Generator)
Time:    Sat Jan 13 14:06:24 2024
Kernel:  AVX+FMA - 1 threads (8 CPU cores detected)

HINT: Use -nt option to specify number of threads because your CPU has 8 cores!
HINT: -nt AUTO will automatically determine the best number of threads to use.

Reading alignment file fr10_blastn_aligned_trimmed.fasta ... Fasta format detected
Alignment most likely contains DNA/RNA sequences
Alignment has 26 sequences with 237 columns, 126 distinct patterns
68 parsimony-informative, 46 singleton sites, 123 constant sites
WARNING: Some sequence names are changed as follows:
>GEGH01045879 -> _GEGH01045879
>GEGG01042616 -> _GEGG01042616
>CATNWA010016741 -> _CATNWA010016741
>BLSH010535194 -> _BLSH010535194
>GJEE01021557 -> _GJEE01021557
>GJEE01021551 -> _GJEE01021551
>GGLB01156041 -> _GGLB01156041
>GGLB01186709 -> _GGLB01186709
>GKLC01412017 -> _GKLC01412017
>JARGYO010000011 -> _JARGYO010000011
>JAJQKJ010002606 -> _JAJQKJ010002606
>GGNS01048791 -> _GGNS01048791
>CAJIML010011253 -> _CAJIML010011253
>VIAC01347839 -> _VIAC01347839
>JAQSEC010000013 -> _JAQSEC010000013
>GAEG01030218 -> _GAEG01030218
>GDDO01105572 -> _GDDO01105572
>GDDO01098381 -> _GDDO01098381
>GDDO01096559 -> _GDDO01096559
>GDDO01104399 -> _GDDO01104399
>GDDO01098681 -> _GDDO01098681
>LH380687 -> _LH380687
>LIAG020987184 -> _LIAG020987184
>GFBS01545641 -> _GFBS01545641
>LH353456 -> _LH353456
>LH381201 -> _LH381201

                  Gap/Ambiguity  Composition  p-value
   1  _GEGH01045879       0.42%    passed     25.26%
   2  _GEGG01042616       0.42%    passed     57.41%
   3  _CATNWA010016741    2.53%    passed     73.36%
   4  _BLSH010535194     21.52%    passed     90.07%
   5  _GJEE01021557       0.42%    passed     95.64%
   6  _GJEE01021551      21.52%    passed     42.02%
   7  _GGLB01156041       0.42%    passed     94.32%
   8  _GGLB01186709      21.52%    passed     87.53%
   9  _GKLC01412017       0.42%    passed     93.72%
  10  _JARGYO010000011    0.42%    passed     95.28%
  11  _JAJQKJ010002606    0.42%    passed     97.50%
  12  _GGNS01048791       0.42%    passed     90.67%
  13  _CAJIML010011253    0.42%    passed     88.80%
  14  _VIAC01347839      21.52%    passed     95.34%
  15  _JAQSEC010000013    0.42%    passed     96.04%
  16  _GAEG01030218       0.42%    passed     96.38%
  17  _GDDO01105572       8.86%    passed     69.46%
  18  _GDDO01098381      18.14%    passed     95.33%
  19  _GDDO01096559       0.42%    passed     99.76%
  20  _GDDO01104399       0.84%    passed     99.13%
  21  _GDDO01098681       1.27%    passed     99.65%
  22  _LH380687           0.00%    passed     98.72%
  23  _LIAG020987184     21.52%    passed     57.68%
  24  _GFBS01545641      21.52%    passed     57.68%
  25  _LH353456           0.42%    passed     99.47%
  26  _LH381201           0.42%    passed     99.47%
****  TOTAL               6.41%  0 sequences failed composition chi2 test (p-value<5%; df=3)
NOTE: _GFBS01545641 is identical to _LIAG020987184 but kept for subsequent analysis
NOTE: _LH381201 is identical to _LH353456 but kept for subsequent analysis


Create initial parsimony tree by phylogenetic likelihood library (PLL)... 0.007 seconds
Perform fast likelihood tree search using GTR+I+G model...
Estimate model parameters (epsilon = 5.000)
Perform nearest neighbor interchange...
Estimate model parameters (epsilon = 1.000)
1. Initial log-likelihood: -1448.794
Optimal log-likelihood: -1448.763
Rate parameters:  A-C: 1.62637  A-G: 2.53078  A-T: 1.91854  C-G: 0.96547  C-T: 2.58911  G-T: 1.00000
Base frequencies:  A: 0.285  C: 0.256  G: 0.259  T: 0.200
Proportion of invariable sites: 0.254
Gamma shape alpha: 1.263
Parameters optimization took 1 rounds (0.009 sec)
Time for fast ML tree search: 0.088 seconds

NOTE: ModelFinder requires 1 MB RAM!
ModelFinder will test up to 286 DNA models (sample size: 237) ...
 No. Model         -LnL         df  AIC          AICc         BIC
  1  GTR+F         1488.672     57  3091.344     3128.283     3289.024
  2  GTR+F+I       1452.300     58  3020.601     3059.050     3221.748
  3  GTR+F+G4      1448.908     58  3013.816     3052.266     3214.964
  4  GTR+F+I+G4    1448.761     59  3015.522     3055.522     3220.138
  5  GTR+F+R2      1449.572     59  3017.144     3057.144     3221.759
  6  GTR+F+R3      1449.355     61  3020.709     3063.932     3232.261
 15  SYM+I         1454.407     55  3018.815     3052.848     3209.558
 16  SYM+G4        1449.617     55  3009.234     3043.267     3199.978
 17  SYM+I+G4      1449.564     56  3011.127     3046.594     3205.338
 18  SYM+R2        1450.410     56  3012.821     3048.288     3207.032
 28  TVM+F+I       1452.316     57  3018.633     3055.571     3216.312
 29  TVM+F+G4      1448.912     57  3011.824     3048.762     3209.503
 30  TVM+F+I+G4    1448.765     58  3013.531     3051.980     3214.678
 31  TVM+F+R2      1449.577     58  3015.153     3053.603     3216.301
 41  TVMe+I        1454.783     54  3017.566     3050.204     3204.842
 42  TVMe+G4       1450.169     54  3008.337     3040.974     3195.612
 43  TVMe+I+G4     1450.101     55  3010.202     3044.235     3200.945
 44  TVMe+R2       1450.918     55  3011.836     3045.869     3202.579
 54  TIM3+F+I      1454.677     56  3021.354     3056.821     3215.566
 55  TIM3+F+G4     1452.062     56  3016.124     3051.590     3210.335
 56  TIM3+F+I+G4   1451.744     57  3017.488     3054.427     3215.168
 57  TIM3+F+R2     1452.784     57  3019.568     3056.506     3217.247
 67  TIM3e+I       1457.289     53  3020.577     3051.856     3204.384
 68  TIM3e+G4      1453.757     53  3013.514     3044.793     3197.321
 69  TIM3e+I+G4    1453.447     54  3014.895     3047.532     3202.170
 70  TIM3e+R2      1454.642     54  3017.284     3049.922     3204.559
 80  TIM2+F+I      1452.801     56  3017.602     3053.069     3211.814
 81  TIM2+F+G4     1449.108     56  3010.216     3045.683     3204.428
 82  TIM2+F+I+G4   1448.965     57  3011.930     3048.868     3209.609
 83  TIM2+F+R2     1449.798     57  3013.596     3050.535     3211.276
 93  TIM2e+I       1454.431     53  3014.862     3046.141     3198.669
 94  TIM2e+G4      1449.695     53  3005.389     3036.668     3189.196
 95  TIM2e+I+G4    1449.636     54  3007.272     3039.909     3194.547
 96  TIM2e+R2      1450.483     54  3008.966     3041.604     3196.241
106  TIM+F+I       1455.165     56  3022.331     3057.798     3216.542
107  TIM+F+G4      1452.253     56  3016.506     3051.973     3210.717
108  TIM+F+I+G4    1451.939     57  3017.879     3054.817     3215.558
109  TIM+F+R2      1453.015     57  3020.029     3056.968     3217.709
119  TIMe+I        1457.296     53  3020.591     3051.870     3204.398
120  TIMe+G4       1453.780     53  3013.561     3044.839     3197.368
121  TIMe+I+G4     1453.468     54  3014.936     3047.573     3202.211
122  TIMe+R2       1454.659     54  3017.318     3049.956     3204.594
132  TPM3u+F+I     1454.693     55  3019.386     3053.419     3210.130
133  TPM3u+F+G4    1452.087     55  3014.173     3048.207     3204.917
134  TPM3u+F+I+G4  1451.766     56  3015.532     3050.998     3209.743
135  TPM3u+F+R2    1452.816     56  3017.632     3053.099     3211.844
145  TPM3+F+I      1454.693     55  3019.386     3053.419     3210.130
146  TPM3+F+G4     1452.087     55  3014.173     3048.207     3204.917
147  TPM3+F+I+G4   1451.766     56  3015.532     3050.998     3209.743
148  TPM3+F+R2     1452.816     56  3017.632     3053.099     3211.844
158  TPM2u+F+I     1452.816     55  3015.632     3049.665     3206.375
159  TPM2u+F+G4    1449.113     55  3008.226     3042.259     3198.970
160  TPM2u+F+I+G4  1448.971     56  3009.942     3045.409     3204.154
161  TPM2u+F+R2    1449.805     56  3011.609     3047.076     3205.820
171  TPM2+F+I      1452.816     55  3015.632     3049.665     3206.375
172  TPM2+F+G4     1449.113     55  3008.226     3042.259     3198.970
173  TPM2+F+I+G4   1448.971     56  3009.942     3045.409     3204.154
174  TPM2+F+R2     1449.805     56  3011.609     3047.076     3205.820
184  K3Pu+F+I      1455.179     55  3020.358     3054.391     3211.101
185  K3Pu+F+G4     1452.279     55  3014.558     3048.592     3205.302
186  K3Pu+F+I+G4   1451.963     56  3015.925     3051.392     3210.137
187  K3Pu+F+R2     1453.041     56  3018.082     3053.548     3212.293
197  K3P+I         1457.677     52  3019.354     3049.311     3199.693
198  K3P+G4        1454.167     52  3012.334     3042.291     3192.674
199  K3P+I+G4      1453.873     53  3013.745     3045.024     3197.552
200  K3P+R2        1455.000     53  3015.999     3047.278     3199.806
210  TN+F+I        1455.179     55  3020.357     3054.391     3211.101
211  TN+F+G4       1452.253     55  3014.506     3048.539     3205.249
212  TN+F+I+G4     1451.939     56  3015.879     3051.345     3210.090
213  TN+F+R2       1453.015     56  3018.030     3053.497     3212.242
223  TNe+I         1457.297     52  3018.594     3048.550     3198.933
224  TNe+G4        1453.792     52  3011.584     3041.541     3191.923
225  TNe+I+G4      1453.482     53  3012.964     3044.242     3196.771
226  TNe+R2        1454.666     53  3015.333     3046.612     3199.140
236  HKY+F+I       1455.192     54  3018.385     3051.022     3205.660
237  HKY+F+G4      1452.279     54  3012.558     3045.196     3199.833
238  HKY+F+I+G4    1451.963     55  3013.925     3047.959     3204.669
239  HKY+F+R2      1453.041     55  3016.083     3050.116     3206.826
249  K2P+I         1457.679     51  3017.358     3046.028     3194.229
250  K2P+G4        1454.180     51  3010.359     3039.029     3187.230
251  K2P+I+G4      1453.887     52  3011.775     3041.731     3192.114
252  K2P+R2        1455.007     52  3014.014     3043.970     3194.353
262  F81+F+I       1463.067     53  3032.135     3063.413     3215.942
263  F81+F+G4      1460.146     53  3026.292     3057.570     3210.099
264  F81+F+I+G4    1459.871     54  3027.741     3060.379     3215.016
265  F81+F+R2      1460.819     54  3029.638     3062.276     3216.914
275  JC+I          1465.145     50  3030.290     3057.710     3203.693
276  JC+G4         1461.824     50  3023.648     3051.067     3197.051
277  JC+I+G4       1461.553     51  3025.107     3053.777     3201.978
278  JC+R2         1462.577     51  3027.154     3055.825     3204.025
Akaike Information Criterion:           TIM2e+G4
Corrected Akaike Information Criterion: TIM2e+G4
Bayesian Information Criterion:         K2P+G4
Best-fit model: K2P+G4 chosen according to BIC

All model information printed to fr10_blastn_aligned_trimmed.fasta.model.gz
CPU time for ModelFinder: 2.042 seconds (0h:0m:2s)
Wall-clock time for ModelFinder: 2.151 seconds (0h:0m:2s)
Generating 1000 samples for ultrafast bootstrap (seed: 982420)...

NOTE: 0 MB RAM (0 GB) is required!
Estimate model parameters (epsilon = 0.100)
1. Initial log-likelihood: -1454.180
Optimal log-likelihood: -1454.180
Rate parameters:  A-C: 1.00000  A-G: 1.81337  A-T: 1.00000  C-G: 1.00000  C-T: 1.81337  G-T: 1.00000
Base frequencies:  A: 0.250  C: 0.250  G: 0.250  T: 0.250
Gamma shape alpha: 0.566
Parameters optimization took 1 rounds (0.008 sec)
Computing ML distances based on estimated model parameters... 0.008 sec
Computing BIONJ tree...
0.002 seconds
Log-likelihood of BIONJ tree: -1461.214
--------------------------------------------------------------------
|             INITIALIZING CANDIDATE TREE SET                      |
--------------------------------------------------------------------
Generating 98 parsimony trees... 0.142 second
Computing log-likelihood of 98 initial trees ... 0.137 seconds
Current best score: -1452.126

Do NNI search on 20 best initial trees
Estimate model parameters (epsilon = 0.100)
BETTER TREE FOUND at iteration 1: -1452.030
BETTER TREE FOUND at iteration 2: -1452.030
Iteration 10 / LogL: -1452.030 / Time: 0h:0m:0s
BETTER TREE FOUND at iteration 11: -1452.030
BETTER TREE FOUND at iteration 12: -1452.030
BETTER TREE FOUND at iteration 18: -1452.030
Iteration 20 / LogL: -1452.030 / Time: 0h:0m:0s
Finish initializing candidate tree set (15)
Current best tree score: -1452.030 / CPU time: 0.711
Number of iterations: 20
--------------------------------------------------------------------
|               OPTIMIZING CANDIDATE TREE SET                      |
--------------------------------------------------------------------
Iteration 30 / LogL: -1452.030 / Time: 0h:0m:1s (0h:0m:3s left)
UPDATE BEST LOG-LIKELIHOOD: -1452.030
UPDATE BEST LOG-LIKELIHOOD: -1452.030
Iteration 40 / LogL: -1464.812 / Time: 0h:0m:1s (0h:0m:3s left)
Iteration 50 / LogL: -1452.030 / Time: 0h:0m:2s (0h:0m:2s left)
Log-likelihood cutoff on original alignment: -1469.279
UPDATE BEST LOG-LIKELIHOOD: -1452.030
Iteration 60 / LogL: -1452.342 / Time: 0h:0m:3s (0h:0m:3s left)
Iteration 70 / LogL: -1452.343 / Time: 0h:0m:3s (0h:0m:2s left)
Iteration 80 / LogL: -1478.017 / Time: 0h:0m:4s (0h:0m:1s left)
Iteration 90 / LogL: -1452.031 / Time: 0h:0m:4s (0h:0m:1s left)
Iteration 100 / LogL: -1452.030 / Time: 0h:0m:5s (0h:0m:0s left)
Log-likelihood cutoff on original alignment: -1470.776
NOTE: Bootstrap correlation coefficient of split occurrence frequencies: 0.995
Iteration 110 / LogL: -1459.742 / Time: 0h:0m:5s (0h:0m:4s left)
TREE SEARCH COMPLETED AFTER 119 ITERATIONS / Time: 0h:0m:6s

--------------------------------------------------------------------
|                    FINALIZING TREE SEARCH                        |
--------------------------------------------------------------------
Performs final model parameters optimization
Estimate model parameters (epsilon = 0.010)
1. Initial log-likelihood: -1452.030
Optimal log-likelihood: -1452.030
Rate parameters:  A-C: 1.00000  A-G: 1.82813  A-T: 1.00000  C-G: 1.00000  C-T: 1.82813  G-T: 1.00000
Base frequencies:  A: 0.250  C: 0.250  G: 0.250  T: 0.250
Gamma shape alpha: 0.573
Parameters optimization took 1 rounds (0.009 sec)
BEST SCORE FOUND : -1452.030
Creating bootstrap support values...
Split supports printed to NEXUS file fr10_blastn_aligned_trimmed.fasta.splits.nex
Total tree length: 1.218

Total number of iterations: 119
CPU time used for tree search: 5.560 sec (0h:0m:5s)
Wall-clock time used for tree search: 6.235 sec (0h:0m:6s)
Total CPU time used: 5.700 sec (0h:0m:5s)
Total wall-clock time used: 6.385 sec (0h:0m:6s)

Computing bootstrap consensus tree...
Reading input file fr10_blastn_aligned_trimmed.fasta.splits.nex...
26 taxa and 231 splits.
Consensus tree written to fr10_blastn_aligned_trimmed.fasta.contree
Reading input trees file fr10_blastn_aligned_trimmed.fasta.contree
Log-likelihood of consensus tree: -1452.033

Analysis results written to: 
  IQ-TREE report:                fr10_blastn_aligned_trimmed.fasta.iqtree
  Maximum-likelihood tree:       fr10_blastn_aligned_trimmed.fasta.treefile
  Likelihood distances:          fr10_blastn_aligned_trimmed.fasta.mldist

Ultrafast bootstrap approximation results written to:
  Split support values:          fr10_blastn_aligned_trimmed.fasta.splits.nex
  Consensus tree:                fr10_blastn_aligned_trimmed.fasta.contree
  Screen log file:               fr10_blastn_aligned_trimmed.fasta.log

Date and Time: Sat Jan 13 14:06:33 2024
