IQ-TREE multicore version 2.0.7 for Linux 64-bit built Jan 21 2022
Developed by Bui Quang Minh, Nguyen Lam Tung, Olga Chernomor,
Heiko Schmidt, Dominik Schrempf, Michael Woodhams.

Host:    DESKTOP-P8M0AUR (AVX2, FMA3, 3 GB RAM)
Command: iqtree2 -s fr10_complete_coding_seqs.fasta -redo -B 1000 -o GEGH01045879
Seed:    378419 (Using SPRNG - Scalable Parallel Random Number Generator)
Time:    Wed Jan 17 16:52:22 2024
Kernel:  AVX+FMA - 1 threads (8 CPU cores detected)

HINT: Use -nt option to specify number of threads because your CPU has 8 cores!
HINT: -nt AUTO will automatically determine the best number of threads to use.

Reading alignment file fr10_complete_coding_seqs.fasta ... Fasta format detected
Alignment most likely contains DNA/RNA sequences
Alignment has 12 sequences with 273 columns, 119 distinct patterns
75 parsimony-informative, 50 singleton sites, 148 constant sites
                 Gap/Ambiguity  Composition  p-value
   1  GKLC01412017       0.00%    passed     84.96%
   2  JAQSEC010000013    0.00%    passed     98.91%
   3  ICLD02020573       0.00%    passed     83.61%
   4  JARGYO010000011    0.00%    passed     92.60%
   5  JAJQKJ010002606    0.00%    passed     92.50%
   6  CAJIML010011253    0.00%    passed     98.58%
   7  GGLB01156041       0.00%    passed     99.50%
   8  GAEG01030218       0.00%    passed     99.85%
   9  GJEE01021557       0.00%    passed     84.26%
  10  GEGG01042616       0.00%    passed     42.39%
  11  LH353456           0.00%    passed     97.18%
  12  GEGH01045879       1.10%    passed     20.74%
****  TOTAL              0.09%  0 sequences failed composition chi2 test (p-value<5%; df=3)


Create initial parsimony tree by phylogenetic likelihood library (PLL)... 0.001 seconds
Perform fast likelihood tree search using GTR+I+G model...
Estimate model parameters (epsilon = 5.000)
Perform nearest neighbor interchange...
Estimate model parameters (epsilon = 1.000)
1. Initial log-likelihood: -1444.077
Optimal log-likelihood: -1444.074
Rate parameters:  A-C: 1.95998  A-G: 3.04145  A-T: 1.95704  C-G: 1.01500  C-T: 3.27978  G-T: 1.00000
Base frequencies:  A: 0.293  C: 0.258  G: 0.250  T: 0.199
Proportion of invariable sites: 0.262
Gamma shape alpha: 1.142
Parameters optimization took 1 rounds (0.005 sec)
Time for fast ML tree search: 0.026 seconds

NOTE: ModelFinder requires 0 MB RAM!
ModelFinder will test up to 286 DNA models (sample size: 273) ...
 No. Model         -LnL         df  AIC          AICc         BIC
  1  GTR+F         1483.163     29  3024.327     3031.487     3129.002
  2  GTR+F+I       1446.414     30  2952.829     2960.515     3061.113
  3  GTR+F+G4      1443.969     30  2947.939     2955.625     3056.223
  4  GTR+F+I+G4    1444.072     31  2950.144     2958.376     3062.037
  5  GTR+F+R2      1443.905     31  2949.810     2958.042     3061.703
  6  GTR+F+R3      1443.795     33  2953.590     2962.979     3072.702
 15  SYM+I         1450.511     27  2955.021     2961.192     3052.477
 16  SYM+G4        1446.388     27  2946.777     2952.948     3044.232
 17  SYM+I+G4      1446.753     28  2949.506     2956.162     3050.572
 18  SYM+R2        1446.200     28  2948.400     2955.056     3049.465
 28  TVM+F+I       1446.564     29  2951.128     2958.289     3055.803
 29  TVM+F+G4      1443.992     29  2945.984     2953.144     3050.658
 30  TVM+F+I+G4    1444.116     30  2948.232     2955.918     3056.516
 31  TVM+F+R2      1443.927     30  2947.854     2955.540     3056.138
 41  TVMe+I        1450.632     26  2953.264     2958.972     3047.111
 42  TVMe+G4       1446.761     26  2945.522     2951.229     3039.368
 43  TVMe+I+G4     1447.068     27  2948.136     2954.307     3045.592
 44  TVMe+R2       1446.611     27  2947.222     2953.393     3044.677
 54  TIM3+F+I      1449.897     28  2955.793     2962.449     3056.858
 55  TIM3+F+G4     1447.737     28  2951.474     2958.130     3052.540
 56  TIM3+F+I+G4   1447.731     29  2953.461     2960.622     3058.136
 57  TIM3+F+R2     1447.778     29  2953.555     2960.716     3058.230
 67  TIM3e+I       1455.432     25  2960.864     2966.127     3051.100
 68  TIM3e+G4      1451.934     25  2953.869     2959.132     3044.105
 69  TIM3e+I+G4    1452.141     26  2956.282     2961.989     3050.128
 70  TIM3e+R2      1452.044     26  2956.089     2961.796     3049.935
 80  TIM2+F+I      1446.456     28  2948.912     2955.568     3049.977
 81  TIM2+F+G4     1443.979     28  2943.958     2950.613     3045.023
 82  TIM2+F+I+G4   1444.075     29  2946.151     2953.311     3050.826
 83  TIM2+F+R2     1443.892     29  2945.783     2952.944     3050.458
 93  TIM2e+I       1450.702     25  2951.404     2956.667     3041.641
 94  TIM2e+G4      1446.839     25  2943.679     2948.942     3033.915
 95  TIM2e+I+G4    1447.183     26  2946.365     2952.072     3040.211
 96  TIM2e+R2      1446.612     26  2945.223     2950.931     3039.070
106  TIM+F+I       1449.821     28  2955.642     2962.298     3056.707
107  TIM+F+G4      1447.670     28  2951.340     2957.995     3052.405
108  TIM+F+I+G4    1447.655     29  2953.310     2960.471     3057.985
109  TIM+F+R2      1447.724     29  2953.449     2960.609     3058.123
119  TIMe+I        1455.429     25  2960.859     2966.122     3051.095
120  TIMe+G4       1452.277     25  2954.555     2959.818     3044.791
121  TIMe+I+G4     1452.450     26  2956.899     2962.607     3050.746
122  TIMe+R2       1452.398     26  2956.796     2962.503     3050.642
132  TPM3u+F+I     1450.066     27  2954.133     2960.304     3051.589
133  TPM3u+F+G4    1447.768     27  2949.536     2955.708     3046.992
134  TPM3u+F+I+G4  1447.786     28  2951.571     2958.227     3052.636
135  TPM3u+F+R2    1447.834     28  2951.667     2958.323     3052.732
145  TPM3+F+I      1450.066     27  2954.133     2960.304     3051.589
146  TPM3+F+G4     1447.768     27  2949.536     2955.708     3046.992
147  TPM3+F+I+G4   1447.786     28  2951.571     2958.227     3052.636
148  TPM3+F+R2     1447.834     28  2951.667     2958.323     3052.732
158  TPM2u+F+I     1446.604     27  2947.207     2953.379     3044.663
159  TPM2u+F+G4    1444.001     27  2942.002     2948.173     3039.458
160  TPM2u+F+I+G4  1444.120     28  2944.240     2950.896     3045.306
161  TPM2u+F+R2    1443.920     28  2943.839     2950.495     3044.905
171  TPM2+F+I      1446.604     27  2947.207     2953.379     3044.663
172  TPM2+F+G4     1444.001     27  2942.002     2948.173     3039.458
173  TPM2+F+I+G4   1444.120     28  2944.240     2950.896     3045.306
174  TPM2+F+R2     1443.920     28  2943.839     2950.495     3044.905
184  K3Pu+F+I      1449.989     27  2953.978     2960.149     3051.433
185  K3Pu+F+G4     1447.700     27  2949.399     2955.571     3046.855
186  K3Pu+F+I+G4   1447.710     28  2951.421     2958.077     3052.486
187  K3Pu+F+R2     1447.736     28  2951.473     2958.129     3052.538
197  K3P+I         1455.528     24  2959.056     2963.894     3045.683
198  K3P+G4        1452.595     24  2953.190     2958.029     3039.818
199  K3P+I+G4      1452.710     25  2955.420     2960.683     3045.657
200  K3P+R2        1452.760     25  2955.521     2960.784     3045.758
210  TN+F+I        1449.929     27  2953.859     2960.030     3051.315
211  TN+F+G4       1447.746     27  2949.492     2955.664     3046.948
212  TN+F+I+G4     1447.733     28  2951.466     2958.122     3052.531
213  TN+F+R2       1447.773     28  2951.547     2958.203     3052.612
223  TNe+I         1455.617     24  2959.234     2964.072     3045.861
224  TNe+G4        1452.414     24  2952.827     2957.666     3039.455
225  TNe+I+G4      1452.591     25  2955.183     2960.446     3045.420
226  TNe+R2        1452.552     25  2955.105     2960.368     3045.341
236  HKY+F+I       1450.097     26  2952.195     2957.902     3046.041
237  HKY+F+G4      1447.777     26  2947.554     2953.261     3041.400
238  HKY+F+I+G4    1447.788     27  2949.577     2955.748     3047.033
239  HKY+F+R2      1447.832     27  2949.663     2955.835     3047.119
249  K2P+I         1455.714     23  2957.428     2961.862     3040.446
250  K2P+G4        1452.728     23  2951.456     2955.890     3034.474
251  K2P+I+G4      1452.848     24  2953.697     2958.536     3040.324
252  K2P+R2        1452.912     24  2953.823     2958.662     3040.450
262  F81+F+I       1461.321     25  2972.642     2977.905     3062.879
263  F81+F+G4      1459.205     25  2968.410     2973.673     3058.646
264  F81+F+I+G4    1459.252     26  2970.503     2976.211     3064.350
265  F81+F+R2      1459.153     26  2970.305     2976.012     3064.151
275  JC+I          1466.828     22  2977.657     2981.705     3057.065
276  JC+G4         1464.037     22  2972.073     2976.121     3051.481
277  JC+I+G4       1464.199     23  2974.398     2978.832     3057.416
278  JC+R2         1464.085     23  2974.169     2978.603     3057.187
Akaike Information Criterion:           TPM2u+F+G4
Corrected Akaike Information Criterion: TPM2u+F+G4
Bayesian Information Criterion:         TIM2e+G4
Best-fit model: TIM2e+G4 chosen according to BIC

All model information printed to fr10_complete_coding_seqs.fasta.model.gz
CPU time for ModelFinder: 0.736 seconds (0h:0m:0s)
Wall-clock time for ModelFinder: 0.808 seconds (0h:0m:0s)
Generating 1000 samples for ultrafast bootstrap (seed: 378419)...

NOTE: 0 MB RAM (0 GB) is required!
Estimate model parameters (epsilon = 0.100)
1. Initial log-likelihood: -1446.839
Optimal log-likelihood: -1446.839
Rate parameters:  A-C: 2.33916  A-G: 3.83972  A-T: 2.33916  C-G: 1.00000  C-T: 3.06077  G-T: 1.00000
Base frequencies:  A: 0.250  C: 0.250  G: 0.250  T: 0.250
Gamma shape alpha: 0.499
Parameters optimization took 1 rounds (0.002 sec)
Computing ML distances based on estimated model parameters... 0.002 sec
Computing BIONJ tree...
0.000 seconds
Log-likelihood of BIONJ tree: -1450.100
--------------------------------------------------------------------
|             INITIALIZING CANDIDATE TREE SET                      |
--------------------------------------------------------------------
Generating 98 parsimony trees... 0.062 second
Computing log-likelihood of 95 initial trees ... 0.071 seconds
Current best score: -1446.839

Do NNI search on 20 best initial trees
Estimate model parameters (epsilon = 0.100)
BETTER TREE FOUND at iteration 1: -1446.839
Estimate model parameters (epsilon = 0.100)
BETTER TREE FOUND at iteration 9: -1446.143
Iteration 10 / LogL: -1448.653 / Time: 0h:0m:0s
Iteration 20 / LogL: -1447.099 / Time: 0h:0m:0s
Finish initializing candidate tree set (4)
Current best tree score: -1446.143 / CPU time: 0.396
Number of iterations: 20
--------------------------------------------------------------------
|               OPTIMIZING CANDIDATE TREE SET                      |
--------------------------------------------------------------------
Iteration 30 / LogL: -1446.168 / Time: 0h:0m:0s (0h:0m:1s left)
Iteration 40 / LogL: -1446.180 / Time: 0h:0m:0s (0h:0m:1s left)
Iteration 50 / LogL: -1447.088 / Time: 0h:0m:0s (0h:0m:1s left)
Log-likelihood cutoff on original alignment: -1467.589
Iteration 60 / LogL: -1446.207 / Time: 0h:0m:1s (0h:0m:0s left)
Iteration 70 / LogL: -1447.104 / Time: 0h:0m:1s (0h:0m:0s left)
Iteration 80 / LogL: -1446.166 / Time: 0h:0m:1s (0h:0m:0s left)
Iteration 90 / LogL: -1447.118 / Time: 0h:0m:1s (0h:0m:0s left)
Iteration 100 / LogL: -1448.639 / Time: 0h:0m:1s (0h:0m:0s left)
Log-likelihood cutoff on original alignment: -1467.589
NOTE: Bootstrap correlation coefficient of split occurrence frequencies: 0.997
Iteration 110 / LogL: -1446.145 / Time: 0h:0m:1s (0h:0m:1s left)
TREE SEARCH COMPLETED AFTER 110 ITERATIONS / Time: 0h:0m:1s

--------------------------------------------------------------------
|                    FINALIZING TREE SEARCH                        |
--------------------------------------------------------------------
Performs final model parameters optimization
Estimate model parameters (epsilon = 0.010)
1. Initial log-likelihood: -1446.143
Optimal log-likelihood: -1446.140
Rate parameters:  A-C: 2.38162  A-G: 4.37234  A-T: 2.38162  C-G: 1.00000  C-T: 3.43575  G-T: 1.00000
Base frequencies:  A: 0.250  C: 0.250  G: 0.250  T: 0.250
Gamma shape alpha: 0.475
Parameters optimization took 1 rounds (0.003 sec)
BEST SCORE FOUND : -1446.140
Creating bootstrap support values...
Split supports printed to NEXUS file fr10_complete_coding_seqs.fasta.splits.nex
Total tree length: 1.152

Total number of iterations: 110
CPU time used for tree search: 1.582 sec (0h:0m:1s)
Wall-clock time used for tree search: 1.854 sec (0h:0m:1s)
Total CPU time used: 1.635 sec (0h:0m:1s)
Total wall-clock time used: 1.912 sec (0h:0m:1s)

Computing bootstrap consensus tree...
Reading input file fr10_complete_coding_seqs.fasta.splits.nex...
12 taxa and 93 splits.
Consensus tree written to fr10_complete_coding_seqs.fasta.contree
Reading input trees file fr10_complete_coding_seqs.fasta.contree
Log-likelihood of consensus tree: -1446.140

Analysis results written to: 
  IQ-TREE report:                fr10_complete_coding_seqs.fasta.iqtree
  Maximum-likelihood tree:       fr10_complete_coding_seqs.fasta.treefile
  Likelihood distances:          fr10_complete_coding_seqs.fasta.mldist

Ultrafast bootstrap approximation results written to:
  Split support values:          fr10_complete_coding_seqs.fasta.splits.nex
  Consensus tree:                fr10_complete_coding_seqs.fasta.contree
  Screen log file:               fr10_complete_coding_seqs.fasta.log

Date and Time: Wed Jan 17 16:52:25 2024
