IQ-TREE multicore version 2.0.7 for Linux 64-bit built Jan 21 2022
Developed by Bui Quang Minh, Nguyen Lam Tung, Olga Chernomor,
Heiko Schmidt, Dominik Schrempf, Michael Woodhams.

Host:    DESKTOP-P8M0AUR (AVX2, FMA3, 3 GB RAM)
Command: iqtree2 -s psi_blastp_iter3.fasta -B 1000
Seed:    37778 (Using SPRNG - Scalable Parallel Random Number Generator)
Time:    Wed Feb 21 20:08:26 2024
Kernel:  AVX+FMA - 1 threads (8 CPU cores detected)

HINT: Use -nt option to specify number of threads because your CPU has 8 cores!
HINT: -nt AUTO will automatically determine the best number of threads to use.

Reading alignment file psi_blastp_iter3.fasta ... Fasta format detected
Alignment most likely contains protein sequences
Alignment has 22 sequences with 155 columns, 142 distinct patterns
84 parsimony-informative, 38 singleton sites, 33 constant sites
                Gap/Ambiguity  Composition  p-value
   1  AAC60284.1       41.94%    failed      0.61%
   2  BAA28618.1       40.65%    failed      1.35%
   3  XP_040546760.1   27.74%    passed      7.66%
   4  NP_001038953.1   16.13%    passed     16.30%
   5  XP_006643008.1    6.45%    passed     47.77%
   6  XP_005293843.1   34.19%    passed     76.47%
   7  XP_007485040.1   35.48%    passed     94.89%
   8  XP_028911017.1   35.48%    passed     95.92%
   9  NP_001173223.1   35.48%    passed     97.60%
  10  XP_001503846.1   35.48%    passed     99.97%
  11  XP_001117975.1   35.48%    passed     99.95%
  12  NP_001158123.1   40.00%    passed     99.87%
  13  NP_001634.1      35.48%    passed     99.84%
  14  PNI19858.1       35.48%    passed     99.98%
  15  NP_001039381.1   35.48%    passed     99.99%
  16  XP_004002742.1   35.48%    passed    100.00%
  17  XP_005677218.2   35.48%    passed    100.00%
  18  XP_002715298.1   35.48%    passed     99.69%
  19  XP_003999611.1   35.48%    passed     99.99%
  20  NP_001300728.1   35.48%    passed     99.99%
  21  NP_037244.1      34.19%    passed     95.08%
  22  AAA37248.1       34.19%    passed     99.51%
****  TOTAL            33.49%  2 sequences failed composition chi2 test (p-value<5%; df=19)


Create initial parsimony tree by phylogenetic likelihood library (PLL)... 0.012 seconds
Perform fast likelihood tree search using LG+I+G model...
Estimate model parameters (epsilon = 5.000)
Perform nearest neighbor interchange...
Estimate model parameters (epsilon = 1.000)
1. Initial log-likelihood: -2697.558
Optimal log-likelihood: -2696.891
Proportion of invariable sites: 0.009
Gamma shape alpha: 2.593
Parameters optimization took 1 rounds (0.049 sec)
Time for fast ML tree search: 0.509 seconds

NOTE: ModelFinder requires 6 MB RAM!
ModelFinder will test up to 546 protein models (sample size: 155) ...
 No. Model         -LnL         df  AIC          AICc         BIC
  1  LG            2722.372     41  5526.743     5557.221     5651.524
  2  LG+I          2721.941     42  5527.881     5560.131     5655.705
  3  LG+G4         2696.291     42  5476.581     5508.831     5604.405
  4  LG+I+G4       2696.393     43  5478.786     5512.876     5609.653
  5  LG+R2         2695.890     43  5477.780     5511.870     5608.647
  6  LG+R3         2694.764     45  5479.529     5517.510     5616.483
 16  LG+F+G4       2689.590     61  5501.179     5582.513     5686.828
 17  LG+F+I+G4     2689.743     62  5503.486     5588.399     5692.179
 18  LG+F+R2       2690.533     62  5505.066     5589.979     5693.758
 29  WAG+G4        2713.605     42  5511.209     5543.459     5639.033
 30  WAG+I+G4      2713.638     43  5513.276     5547.366     5644.143
 31  WAG+R2        2714.233     43  5514.466     5548.556     5645.333
 42  WAG+F+G4      2714.448     61  5550.896     5632.229     5736.545
 43  WAG+F+I+G4    2714.323     62  5552.645     5637.558     5741.338
 44  WAG+F+R2      2716.395     62  5556.790     5641.703     5745.482
 55  JTT+G4        2685.625     42  5455.249     5487.499     5583.073
 56  JTT+I+G4      2685.731     43  5457.462     5491.552     5588.329
 57  JTT+R2        2685.853     43  5457.706     5491.796     5588.573
 68  JTT+F+G4      2668.569     61  5459.138     5540.471     5644.787
 69  JTT+F+I+G4    2668.658     62  5461.315     5546.228     5650.008
 70  JTT+F+R2      2669.637     62  5463.273     5548.186     5651.965
 81  JTTDCMut+G4   2686.373     42  5456.747     5488.997     5584.570
 82  JTTDCMut+I+G4 2686.479     43  5458.958     5493.048     5589.825
 83  JTTDCMut+R2   2686.442     43  5458.884     5492.974     5589.751
 94  JTTDCMut+F+G4 2670.606     61  5463.212     5544.546     5648.861
 95  JTTDCMut+F+I+G4 2670.725     62  5465.449     5550.363     5654.142
 96  JTTDCMut+F+R2 2671.578     62  5467.155     5552.068     5655.847
107  DCMut+G4      2722.575     42  5529.150     5561.400     5656.974
108  DCMut+I+G4    2722.345     43  5530.691     5564.781     5661.558
109  DCMut+R2      2723.771     43  5533.543     5567.633     5664.410
120  DCMut+F+G4    2706.647     61  5535.294     5616.627     5720.943
121  DCMut+F+I+G4  2706.137     62  5536.274     5621.187     5724.966
122  DCMut+F+R2    2707.933     62  5539.866     5624.779     5728.559
133  VT+G4         2718.530     42  5521.059     5553.309     5648.883
134  VT+I+G4       2718.634     43  5523.269     5557.359     5654.136
135  VT+R2         2718.121     43  5522.242     5556.332     5653.110
146  VT+F+G4       2716.829     61  5555.658     5636.991     5741.307
147  VT+F+I+G4     2716.901     62  5557.801     5642.715     5746.494
148  VT+F+R2       2717.305     62  5558.609     5643.522     5747.301
159  PMB+G4        2770.914     42  5625.828     5658.078     5753.652
160  PMB+I+G4      2771.022     43  5628.044     5662.134     5758.911
161  PMB+R2        2769.973     43  5625.947     5660.037     5756.814
172  PMB+F+G4      2759.303     61  5640.607     5721.940     5826.256
173  PMB+F+I+G4    2759.379     62  5642.758     5727.671     5831.451
174  PMB+F+R2      2759.514     62  5643.029     5727.942     5831.721
185  Blosum62+G4   2770.379     42  5624.758     5657.008     5752.581
186  Blosum62+I+G4 2770.486     43  5626.973     5661.063     5757.840
187  Blosum62+R2   2769.853     43  5625.707     5659.797     5756.574
198  Blosum62+F+G4 2764.467     61  5650.935     5732.268     5836.584
199  Blosum62+F+I+G4 2764.535     62  5653.070     5737.984     5841.763
200  Blosum62+F+R2 2765.347     62  5654.694     5739.607     5843.387
211  Dayhoff+G4    2722.214     42  5528.427     5560.677     5656.251
212  Dayhoff+I+G4  2721.981     43  5529.961     5564.051     5660.828
213  Dayhoff+R2    2723.418     43  5532.836     5566.926     5663.703
224  Dayhoff+F+G4  2706.335     61  5534.671     5616.004     5720.320
225  Dayhoff+F+I+G4 2705.819     62  5535.637     5620.550     5724.329
226  Dayhoff+F+R2  2707.632     62  5539.263     5624.176     5727.955
237  mtREV+G4      2830.462     42  5744.924     5777.174     5872.748
238  mtREV+I+G4    2830.516     43  5747.033     5781.123     5877.900
239  mtREV+R2      2831.609     43  5749.219     5783.309     5880.086
250  mtREV+F+G4    2722.500     61  5567.001     5648.334     5752.649
251  mtREV+F+I+G4  2722.608     62  5569.217     5654.130     5757.909
252  mtREV+F+R2    2723.274     62  5570.549     5655.462     5759.241
263  mtART+G4      2869.999     42  5823.998     5856.248     5951.822
264  mtART+I+G4    2870.051     43  5826.103     5860.193     5956.970
265  mtART+R2      2874.804     43  5835.608     5869.698     5966.475
276  mtART+F+G4    2738.693     61  5599.385     5680.718     5785.034
277  mtART+F+I+G4  2738.799     62  5601.598     5686.511     5790.290
278  mtART+F+R2    2742.917     62  5609.834     5694.747     5798.526
289  mtZOA+G4      2802.153     42  5688.306     5720.556     5816.130
290  mtZOA+I+G4    2802.209     43  5690.417     5724.507     5821.285
291  mtZOA+R2      2805.191     43  5696.383     5730.473     5827.250
302  mtZOA+F+G4    2704.284     61  5530.567     5611.901     5716.216
303  mtZOA+F+I+G4  2704.387     62  5532.774     5617.687     5721.466
304  mtZOA+F+R2    2706.723     62  5537.447     5622.360     5726.139
315  mtMet+G4      2825.400     42  5734.800     5767.050     5862.624
316  mtMet+I+G4    2825.457     43  5736.914     5771.004     5867.781
317  mtMet+R2      2827.592     43  5741.183     5775.274     5872.051
328  mtMet+F+G4    2684.826     61  5491.652     5572.985     5677.301
329  mtMet+F+I+G4  2684.919     62  5493.838     5578.751     5682.530
330  mtMet+F+R2    2686.184     62  5496.368     5581.281     5685.060
341  mtVer+G4      2809.710     42  5703.420     5735.670     5831.244
342  mtVer+I+G4    2809.765     43  5705.529     5739.619     5836.396
343  mtVer+R2      2814.300     43  5714.599     5748.689     5845.467
354  mtVer+F+G4    2692.825     61  5507.650     5588.984     5693.299
355  mtVer+F+I+G4  2692.877     62  5509.754     5594.667     5698.446
356  mtVer+F+R2    2694.625     62  5513.249     5598.162     5701.942
367  mtInv+G4      2870.226     42  5824.453     5856.703     5952.277
368  mtInv+I+G4    2870.289     43  5826.577     5860.667     5957.444
369  mtInv+R2      2870.614     43  5827.227     5861.317     5958.095
380  mtInv+F+G4    2687.559     61  5497.119     5578.452     5682.768
381  mtInv+F+I+G4  2687.639     62  5499.279     5584.192     5687.971
382  mtInv+F+R2    2688.081     62  5500.162     5585.075     5688.855
393  mtMAM+G4      2859.582     42  5803.164     5835.414     5930.988
394  mtMAM+I+G4    2859.627     43  5805.255     5839.345     5936.122
395  mtMAM+R2      2865.782     43  5817.564     5851.654     5948.431
406  mtMAM+F+G4    2732.090     61  5586.181     5667.514     5771.830
407  mtMAM+F+I+G4  2732.196     62  5588.391     5673.304     5777.084
408  mtMAM+F+R2    2735.731     62  5595.462     5680.375     5784.154
419  HIVb+G4       2710.194     42  5504.388     5536.638     5632.212
420  HIVb+I+G4     2710.281     43  5506.563     5540.653     5637.430
421  HIVb+R2       2710.097     43  5506.195     5540.285     5637.062
432  HIVb+F+G4     2671.444     61  5464.888     5546.222     5650.537
433  HIVb+F+I+G4   2671.548     62  5467.096     5552.009     5655.789
434  HIVb+F+R2     2672.559     62  5469.119     5554.032     5657.811
445  HIVw+G4       2836.634     42  5757.269     5789.519     5885.093
446  HIVw+I+G4     2836.737     43  5759.474     5793.564     5890.341
447  HIVw+R2       2839.616     43  5765.232     5799.322     5896.099
458  HIVw+F+G4     2747.143     61  5616.285     5697.618     5801.934
459  HIVw+F+I+G4   2747.161     62  5618.322     5703.235     5807.014
460  HIVw+F+R2     2752.961     62  5629.922     5714.835     5818.615
471  FLU+G4        2748.741     42  5581.482     5613.732     5709.306
472  FLU+I+G4      2748.835     43  5583.669     5617.759     5714.536
473  FLU+R2        2752.908     43  5591.816     5625.907     5722.684
484  FLU+F+G4      2691.948     61  5505.895     5587.228     5691.544
485  FLU+F+I+G4    2692.050     62  5508.101     5593.014     5696.793
486  FLU+F+R2      2695.740     62  5515.479     5600.392     5704.171
497  rtREV+G4      2725.453     42  5534.906     5567.156     5662.730
498  rtREV+I+G4    2725.563     43  5537.125     5571.215     5667.992
499  rtREV+R2      2726.049     43  5538.098     5572.188     5668.966
510  rtREV+F+G4    2721.052     61  5564.103     5645.437     5749.752
511  rtREV+F+I+G4  2721.201     62  5566.403     5651.316     5755.095
512  rtREV+F+R2    2721.992     62  5567.985     5652.898     5756.677
523  cpREV+G4      2741.743     42  5567.485     5599.735     5695.309
524  cpREV+I+G4    2741.863     43  5569.726     5603.816     5700.593
525  cpREV+R2      2741.067     43  5568.134     5602.224     5699.001
536  cpREV+F+G4    2736.549     61  5595.099     5676.432     5780.748
537  cpREV+F+I+G4  2736.320     62  5596.640     5681.553     5785.332
538  cpREV+F+R2    2737.600     62  5599.199     5684.112     5787.892
Akaike Information Criterion:           JTT+G4
Corrected Akaike Information Criterion: JTT+G4
Bayesian Information Criterion:         JTT+G4
Best-fit model: JTT+G4 chosen according to BIC

All model information printed to psi_blastp_iter3.fasta.model.gz
CPU time for ModelFinder: 29.043 seconds (0h:0m:29s)
Wall-clock time for ModelFinder: 29.245 seconds (0h:0m:29s)
Generating 1000 samples for ultrafast bootstrap (seed: 37778)...

NOTE: 2 MB RAM (0 GB) is required!
Estimate model parameters (epsilon = 0.100)
1. Initial log-likelihood: -2685.625
Optimal log-likelihood: -2685.624
Gamma shape alpha: 2.908
Parameters optimization took 1 rounds (0.072 sec)
Computing ML distances based on estimated model parameters... 0.084 sec
Computing BIONJ tree...
0.001 seconds
Log-likelihood of BIONJ tree: -2692.939
--------------------------------------------------------------------
|             INITIALIZING CANDIDATE TREE SET                      |
--------------------------------------------------------------------
Generating 98 parsimony trees... 0.268 second
Computing log-likelihood of 98 initial trees ... 2.291 seconds
Current best score: -2685.624

Do NNI search on 20 best initial trees
Estimate model parameters (epsilon = 0.100)
BETTER TREE FOUND at iteration 1: -2685.624
Estimate model parameters (epsilon = 0.100)
BETTER TREE FOUND at iteration 2: -2683.747
Iteration 10 / LogL: -2687.131 / Time: 0h:0m:6s
Estimate model parameters (epsilon = 0.100)
BETTER TREE FOUND at iteration 11: -2681.942
Iteration 20 / LogL: -2684.460 / Time: 0h:0m:10s
Finish initializing candidate tree set (12)
Current best tree score: -2681.942 / CPU time: 10.009
Number of iterations: 20
--------------------------------------------------------------------
|               OPTIMIZING CANDIDATE TREE SET                      |
--------------------------------------------------------------------
UPDATE BEST LOG-LIKELIHOOD: -2681.941
Iteration 30 / LogL: -2719.404 / Time: 0h:0m:13s (0h:0m:38s left)
Estimate model parameters (epsilon = 0.100)
BETTER TREE FOUND at iteration 34: -2681.869
Iteration 40 / LogL: -2686.982 / Time: 0h:0m:17s (0h:0m:42s left)
Estimate model parameters (epsilon = 0.100)
BETTER TREE FOUND at iteration 42: -2681.726
Estimate model parameters (epsilon = 0.100)
BETTER TREE FOUND at iteration 47: -2681.454
Iteration 50 / LogL: -2687.002 / Time: 0h:0m:21s (0h:0m:41s left)
Log-likelihood cutoff on original alignment: -2714.877
UPDATE BEST LOG-LIKELIHOOD: -2681.454
UPDATE BEST LOG-LIKELIHOOD: -2681.454
Iteration 60 / LogL: -2681.454 / Time: 0h:0m:25s (0h:0m:37s left)
Iteration 70 / LogL: -2698.587 / Time: 0h:0m:29s (0h:0m:32s left)
Iteration 80 / LogL: -2682.752 / Time: 0h:0m:32s (0h:0m:27s left)
Iteration 90 / LogL: -2681.455 / Time: 0h:0m:35s (0h:0m:22s left)
Iteration 100 / LogL: -2681.454 / Time: 0h:0m:38s (0h:0m:18s left)
Log-likelihood cutoff on original alignment: -2709.635
NOTE: Bootstrap correlation coefficient of split occurrence frequencies: 0.998
Iteration 110 / LogL: -2682.115 / Time: 0h:0m:40s (0h:0m:33s left)
Iteration 120 / LogL: -2681.455 / Time: 0h:0m:44s (0h:0m:29s left)
Iteration 130 / LogL: -2681.454 / Time: 0h:0m:46s (0h:0m:25s left)
UPDATE BEST LOG-LIKELIHOOD: -2681.454
Iteration 140 / LogL: -2681.735 / Time: 0h:0m:50s (0h:0m:21s left)
TREE SEARCH COMPLETED AFTER 148 ITERATIONS / Time: 0h:0m:52s

--------------------------------------------------------------------
|                    FINALIZING TREE SEARCH                        |
--------------------------------------------------------------------
Performs final model parameters optimization
Estimate model parameters (epsilon = 0.010)
1. Initial log-likelihood: -2681.454
Optimal log-likelihood: -2681.454
Gamma shape alpha: 2.781
Parameters optimization took 1 rounds (0.048 sec)
BEST SCORE FOUND : -2681.454
Creating bootstrap support values...
Split supports printed to NEXUS file psi_blastp_iter3.fasta.splits.nex
Total tree length: 8.140

Total number of iterations: 148
CPU time used for tree search: 51.654 sec (0h:0m:51s)
Wall-clock time used for tree search: 52.228 sec (0h:0m:52s)
Total CPU time used: 52.032 sec (0h:0m:52s)
Total wall-clock time used: 52.607 sec (0h:0m:52s)

Computing bootstrap consensus tree...
Reading input file psi_blastp_iter3.fasta.splits.nex...
22 taxa and 237 splits.
Consensus tree written to psi_blastp_iter3.fasta.contree
Reading input trees file psi_blastp_iter3.fasta.contree
Log-likelihood of consensus tree: -2681.455

Analysis results written to: 
  IQ-TREE report:                psi_blastp_iter3.fasta.iqtree
  Maximum-likelihood tree:       psi_blastp_iter3.fasta.treefile
  Likelihood distances:          psi_blastp_iter3.fasta.mldist

Ultrafast bootstrap approximation results written to:
  Split support values:          psi_blastp_iter3.fasta.splits.nex
  Consensus tree:                psi_blastp_iter3.fasta.contree
  Screen log file:               psi_blastp_iter3.fasta.log

Date and Time: Wed Feb 21 20:09:48 2024
