IQ-TREE multicore version 2.0.7 for Linux 64-bit built Jan 21 2022
Developed by Bui Quang Minh, Nguyen Lam Tung, Olga Chernomor,
Heiko Schmidt, Dominik Schrempf, Michael Woodhams.

Host:    DESKTOP-P8M0AUR (AVX2, FMA3, 3 GB RAM)
Command: iqtree2 -s Apo_alignments/ApoC-I_aligned.fa -B 1000 -redo
Seed:    106362 (Using SPRNG - Scalable Parallel Random Number Generator)
Time:    Thu Feb  1 10:21:39 2024
Kernel:  AVX+FMA - 1 threads (8 CPU cores detected)

HINT: Use -nt option to specify number of threads because your CPU has 8 cores!
HINT: -nt AUTO will automatically determine the best number of threads to use.

Reading alignment file Apo_alignments/ApoC-I_aligned.fa ... Fasta format detected
Alignment most likely contains protein sequences
Alignment has 23 sequences with 180 columns, 152 distinct patterns
78 parsimony-informative, 39 singleton sites, 62 constant sites
                         Gap/Ambiguity  Composition  p-value
   1  NP_001636.1               53.89%    passed     99.43%
   2  XP_003316492.1            53.89%    passed     99.90%
   3  XP_018870623.1            53.89%    passed     99.18%
   4  XP_018870626.1            53.89%    passed     99.66%
   5  sp|P0CE37.1|APO1A_PANTR   53.89%    passed     99.50%
   6  sp|P0CE39.1|APO1A_PONAB   53.89%    passed     98.11%
   7  XP_003779249.1            53.89%    passed     99.59%
   8  XP_014979728.1            53.89%    passed     99.92%
   9  XP_009196976.1            53.89%    passed     99.64%
  10  XP_008505047.1            40.00%    failed      0.21%
  11  XP_006941186.1            56.67%    passed     52.70%
  12  NP_001183977.1            51.11%    passed     99.75%
  13  NP_001103466.1            51.11%    passed     92.63%
  14  NP_001103479.1            51.11%    passed     99.04%
  15  NP_001153753.1            51.67%    passed     99.84%
  16  XP_007491635.1            36.11%    passed      5.41%
  17  XP_003230683.2            15.00%    passed     19.57%
  18  XP_005289540.1            40.00%    passed     66.60%
  19  XP_002941078.2            52.78%    failed      1.34%
  20  XP_004078303.1            53.89%    failed      0.04%
  21  NP_001278815.1            52.78%    failed      2.42%
  22  GJQV01093856              48.89%    passed     42.75%
  23  JAQSEC010000013           50.00%    passed     11.39%
WARNING: 17 sequences contain more than 50% gaps/ambiguity
****  TOTAL                     49.40%  4 sequences failed composition chi2 test (p-value<5%; df=19)


Create initial parsimony tree by phylogenetic likelihood library (PLL)... 0.008 seconds
Perform fast likelihood tree search using LG+I+G model...
Estimate model parameters (epsilon = 5.000)
Perform nearest neighbor interchange...
Estimate model parameters (epsilon = 1.000)
1. Initial log-likelihood: -2928.225
Optimal log-likelihood: -2927.217
Proportion of invariable sites: 0.010
Gamma shape alpha: 5.354
Parameters optimization took 1 rounds (0.062 sec)
Time for fast ML tree search: 0.712 seconds

NOTE: ModelFinder requires 6 MB RAM!
ModelFinder will test up to 546 protein models (sample size: 180) ...
 No. Model         -LnL         df  AIC          AICc         BIC
  1  LG            2936.066     43  5958.132     5985.956     6095.429
  2  LG+I          2936.063     44  5960.127     5989.460     6100.617
  3  LG+G4         2926.347     44  5940.695     5970.028     6081.185
  4  LG+I+G4       2926.417     45  5942.835     5973.730     6086.518
  5  LG+R2         2926.344     45  5942.689     5973.584     6086.372
  6  LG+R3         2925.912     47  5945.823     5980.005     6095.892
 16  LG+F+G4       2911.484     63  5948.968     6018.485     6150.124
 17  LG+F+I+G4     2911.550     64  5951.100     6023.448     6155.449
 18  LG+F+R2       2911.210     64  5950.420     6022.768     6154.769
 29  WAG+G4        2923.028     44  5934.055     5963.389     6074.545
 30  WAG+I+G4      2923.084     45  5936.168     5967.063     6079.851
 31  WAG+R2        2923.144     45  5936.289     5967.184     6079.972
 42  WAG+F+G4      2920.452     63  5966.904     6036.421     6168.060
 43  WAG+F+I+G4    2920.511     64  5969.022     6041.370     6173.371
 44  WAG+F+R2      2920.600     64  5969.200     6041.548     6173.549
 55  JTT+G4        2924.066     44  5936.132     5965.465     6076.622
 56  JTT+I+G4      2924.120     45  5938.240     5969.136     6081.923
 57  JTT+R2        2924.110     45  5938.221     5969.116     6081.904
 68  JTT+F+G4      2912.907     63  5951.814     6021.331     6152.970
 69  JTT+F+I+G4    2912.956     64  5953.912     6026.260     6158.261
 70  JTT+F+R2      2912.930     64  5953.860     6026.208     6158.209
 81  JTTDCMut+G4   2924.746     44  5937.492     5966.826     6077.982
 82  JTTDCMut+I+G4 2924.800     45  5939.600     5970.495     6083.283
 83  JTTDCMut+R2   2924.811     45  5939.622     5970.517     6083.305
 94  JTTDCMut+F+G4 2914.204     63  5954.407     6023.925     6155.564
 95  JTTDCMut+F+I+G4 2914.252     64  5956.505     6028.852     6160.854
 96  JTTDCMut+F+R2 2914.266     64  5956.531     6028.879     6160.880
107  DCMut+G4      2940.393     44  5968.786     5998.119     6109.276
108  DCMut+I+G4    2940.455     45  5970.911     6001.807     6114.594
109  DCMut+R2      2940.754     45  5971.507     6002.403     6115.190
120  DCMut+F+G4    2927.158     63  5980.315     6049.832     6181.471
121  DCMut+F+I+G4  2927.227     64  5982.454     6054.802     6186.803
122  DCMut+F+R2    2927.837     64  5983.675     6056.023     6188.024
133  VT+G4         2925.919     44  5939.839     5969.172     6080.329
134  VT+I+G4       2925.977     45  5941.953     5972.849     6085.636
135  VT+R2         2925.958     45  5941.916     5972.812     6085.599
146  VT+F+G4       2921.113     63  5968.226     6037.743     6169.382
147  VT+F+I+G4     2921.171     64  5970.342     6042.690     6174.691
148  VT+F+R2       2921.126     64  5970.252     6042.600     6174.602
159  PMB+G4        2960.263     44  6008.526     6037.859     6149.016
160  PMB+I+G4      2960.317     45  6010.634     6041.529     6154.317
161  PMB+R2        2960.327     45  6010.655     6041.550     6154.338
172  PMB+F+G4      2944.008     63  6014.016     6083.534     6215.173
173  PMB+F+I+G4    2944.058     64  6016.116     6088.464     6220.466
174  PMB+F+R2      2944.089     64  6016.179     6088.526     6220.528
185  Blosum62+G4   2965.279     44  6018.558     6047.891     6159.048
186  Blosum62+I+G4 2965.333     45  6020.666     6051.562     6164.349
187  Blosum62+R2   2965.201     45  6020.402     6051.298     6164.085
198  Blosum62+F+G4 2949.555     63  6025.110     6094.627     6226.266
199  Blosum62+F+I+G4 2949.605     64  6027.210     6099.557     6231.559
200  Blosum62+F+R2 2949.399     64  6026.798     6099.145     6231.147
211  Dayhoff+G4    2940.368     44  5968.736     5998.070     6109.227
212  Dayhoff+I+G4  2940.431     45  5970.862     6001.757     6114.545
213  Dayhoff+R2    2940.733     45  5971.465     6002.361     6115.148
224  Dayhoff+F+G4  2927.187     63  5980.374     6049.891     6181.530
225  Dayhoff+F+I+G4 2927.256     64  5982.513     6054.861     6186.862
226  Dayhoff+F+R2  2927.873     64  5983.746     6056.094     6188.096
237  mtREV+G4      3073.970     44  6235.940     6265.273     6376.430
238  mtREV+I+G4    3074.053     45  6238.106     6269.001     6381.789
239  mtREV+R2      3072.166     45  6234.332     6265.228     6378.015
250  mtREV+F+G4    2953.048     63  6032.096     6101.613     6233.252
251  mtREV+F+I+G4  2953.123     64  6034.246     6106.594     6238.595
252  mtREV+F+R2    2951.740     64  6031.479     6103.827     6235.828
263  mtART+G4      3137.297     44  6362.593     6391.927     6503.083
264  mtART+I+G4    3137.382     45  6364.764     6395.659     6508.447
265  mtART+R2      3138.278     45  6366.556     6397.451     6510.239
276  mtART+F+G4    2985.027     63  6096.054     6165.571     6297.210
277  mtART+F+I+G4  2985.114     64  6098.228     6170.576     6302.577
278  mtART+F+R2    2984.787     64  6097.574     6169.922     6301.923
289  mtZOA+G4      3061.708     44  6211.415     6240.749     6351.905
290  mtZOA+I+G4    3061.788     45  6213.576     6244.472     6357.259
291  mtZOA+R2      3060.154     45  6210.308     6241.204     6353.991
302  mtZOA+F+G4    2944.716     63  6015.432     6084.949     6216.588
303  mtZOA+F+I+G4  2944.793     64  6017.586     6089.934     6221.935
304  mtZOA+F+R2    2943.733     64  6015.465     6087.813     6219.814
315  mtMet+G4      3086.544     44  6261.089     6290.422     6401.579
316  mtMet+I+G4    3086.617     45  6263.234     6294.129     6406.917
317  mtMet+R2      3081.773     45  6253.546     6284.441     6397.229
328  mtMet+F+G4    2935.722     63  5997.444     6066.961     6198.600
329  mtMet+F+I+G4  2935.792     64  5999.583     6071.931     6203.933
330  mtMet+F+R2    2932.674     64  5993.348     6065.696     6197.698
341  mtVer+G4      3081.656     44  6251.313     6280.646     6391.803
342  mtVer+I+G4    3081.735     45  6253.470     6284.366     6397.153
343  mtVer+R2      3076.953     45  6243.906     6274.802     6387.589
354  mtVer+F+G4    2960.284     63  6046.569     6116.086     6247.725
355  mtVer+F+I+G4  2960.362     64  6048.724     6121.072     6253.073
356  mtVer+F+R2    2958.646     64  6045.292     6117.640     6249.641
367  mtInv+G4      3119.997     44  6327.994     6357.327     6468.484
368  mtInv+I+G4    3120.066     45  6330.132     6361.027     6473.815
369  mtInv+R2      3116.224     45  6322.449     6353.344     6466.132
380  mtInv+F+G4    2918.171     63  5962.343     6031.860     6163.499
381  mtInv+F+I+G4  2918.241     64  5964.481     6036.829     6168.831
382  mtInv+F+R2    2916.638     64  5961.275     6033.623     6165.624
393  mtMAM+G4      3144.730     44  6377.460     6406.793     6517.950
394  mtMAM+I+G4    3144.814     45  6379.628     6410.524     6523.312
395  mtMAM+R2      3144.159     45  6378.319     6409.214     6522.002
406  mtMAM+F+G4    3013.211     63  6152.422     6221.939     6353.578
407  mtMAM+F+I+G4  3013.305     64  6154.610     6226.958     6358.959
408  mtMAM+F+R2    3011.785     64  6151.570     6223.917     6355.919
419  HIVb+G4       2979.448     44  6046.896     6076.229     6187.386
420  HIVb+I+G4     2979.512     45  6049.025     6079.920     6192.708
421  HIVb+R2       2979.160     45  6048.321     6079.216     6192.004
432  HIVb+F+G4     2950.154     63  6026.307     6095.825     6227.464
433  HIVb+F+I+G4   2950.213     64  6028.426     6100.774     6232.775
434  HIVb+F+R2     2950.265     64  6028.530     6100.877     6232.879
445  HIVw+G4       3072.280     44  6232.559     6261.893     6373.050
446  HIVw+I+G4     3072.351     45  6234.703     6265.598     6378.386
447  HIVw+R2       3071.950     45  6233.899     6264.795     6377.582
458  HIVw+F+G4     3022.248     63  6170.495     6240.012     6371.651
459  HIVw+F+I+G4   3022.318     64  6172.635     6244.983     6376.984
460  HIVw+F+R2     3021.976     64  6171.951     6244.299     6376.300
471  FLU+G4        2989.950     44  6067.899     6097.232     6208.389
472  FLU+I+G4      2990.027     45  6070.055     6100.950     6213.738
473  FLU+R2        2989.555     45  6069.111     6100.006     6212.794
484  FLU+F+G4      2958.955     63  6043.911     6113.428     6245.067
485  FLU+F+I+G4    2959.032     64  6046.064     6118.411     6250.413
486  FLU+F+R2      2958.436     64  6044.873     6117.220     6249.222
497  rtREV+G4      2945.870     44  5979.740     6009.074     6120.230
498  rtREV+I+G4    2945.946     45  5981.892     6012.788     6125.575
499  rtREV+R2      2945.792     45  5981.585     6012.480     6125.268
510  rtREV+F+G4    2934.403     63  5994.807     6064.324     6195.963
511  rtREV+F+I+G4  2934.468     64  5996.937     6069.285     6201.286
512  rtREV+F+R2    2933.864     64  5995.729     6068.077     6200.078
523  cpREV+G4      2957.642     44  6003.284     6032.617     6143.774
524  cpREV+I+G4    2957.686     45  6005.373     6036.268     6149.056
525  cpREV+R2      2957.589     45  6005.177     6036.073     6148.861
536  cpREV+F+G4    2946.299     63  6018.599     6088.116     6219.755
537  cpREV+F+I+G4  2946.346     64  6020.692     6093.040     6225.041
538  cpREV+F+R2    2946.078     64  6020.156     6092.504     6224.506
Akaike Information Criterion:           WAG+G4
Corrected Akaike Information Criterion: WAG+G4
Bayesian Information Criterion:         WAG+G4
Best-fit model: WAG+G4 chosen according to BIC

All model information printed to Apo_alignments/ApoC-I_aligned.fa.model.gz
CPU time for ModelFinder: 28.668 seconds (0h:0m:28s)
Wall-clock time for ModelFinder: 31.189 seconds (0h:0m:31s)
Generating 1000 samples for ultrafast bootstrap (seed: 106362)...

NOTE: 3 MB RAM (0 GB) is required!
Estimate model parameters (epsilon = 0.100)
1. Initial log-likelihood: -2923.028
Optimal log-likelihood: -2923.027
Gamma shape alpha: 7.117
Parameters optimization took 1 rounds (0.078 sec)
Computing ML distances based on estimated model parameters... 0.087 sec
Computing BIONJ tree...
0.001 seconds
Log-likelihood of BIONJ tree: -2923.493
--------------------------------------------------------------------
|             INITIALIZING CANDIDATE TREE SET                      |
--------------------------------------------------------------------
Generating 98 parsimony trees... 0.279 second
Computing log-likelihood of 98 initial trees ... 1.821 seconds
Current best score: -2923.027

Do NNI search on 20 best initial trees
Estimate model parameters (epsilon = 0.100)
BETTER TREE FOUND at iteration 1: -2923.027
Estimate model parameters (epsilon = 0.100)
BETTER TREE FOUND at iteration 4: -2921.190
Iteration 10 / LogL: -2923.401 / Time: 0h:0m:4s
Iteration 20 / LogL: -2921.326 / Time: 0h:0m:5s
Finish initializing candidate tree set (7)
Current best tree score: -2921.190 / CPU time: 5.698
Number of iterations: 20
--------------------------------------------------------------------
|               OPTIMIZING CANDIDATE TREE SET                      |
--------------------------------------------------------------------
Iteration 30 / LogL: -2921.238 / Time: 0h:0m:9s (0h:0m:23s left)
Iteration 40 / LogL: -2921.507 / Time: 0h:0m:12s (0h:0m:19s left)
BETTER TREE FOUND at iteration 44: -2921.183
Iteration 50 / LogL: -2921.216 / Time: 0h:0m:15s (0h:0m:29s left)
Log-likelihood cutoff on original alignment: -2938.441
Estimate model parameters (epsilon = 0.100)
UPDATE BEST LOG-LIKELIHOOD: -2921.166
Iteration 60 / LogL: -2921.230 / Time: 0h:0m:18s (0h:0m:26s left)
Iteration 70 / LogL: -2948.536 / Time: 0h:0m:21s (0h:0m:22s left)
Iteration 80 / LogL: -2921.336 / Time: 0h:0m:24s (0h:0m:19s left)
Iteration 90 / LogL: -2921.216 / Time: 0h:0m:27s (0h:0m:16s left)
Iteration 100 / LogL: -2921.333 / Time: 0h:0m:31s (0h:0m:13s left)
Log-likelihood cutoff on original alignment: -2939.295
NOTE: Bootstrap correlation coefficient of split occurrence frequencies: 0.997
Iteration 110 / LogL: -2922.746 / Time: 0h:0m:34s (0h:0m:28s left)
Iteration 120 / LogL: -2921.435 / Time: 0h:0m:37s (0h:0m:24s left)
Iteration 130 / LogL: -2921.198 / Time: 0h:0m:40s (0h:0m:22s left)
Iteration 140 / LogL: -2923.269 / Time: 0h:0m:43s (0h:0m:18s left)
TREE SEARCH COMPLETED AFTER 145 ITERATIONS / Time: 0h:0m:45s

--------------------------------------------------------------------
|                    FINALIZING TREE SEARCH                        |
--------------------------------------------------------------------
Performs final model parameters optimization
Estimate model parameters (epsilon = 0.010)
1. Initial log-likelihood: -2921.166
Optimal log-likelihood: -2921.166
Gamma shape alpha: 7.491
Parameters optimization took 1 rounds (0.048 sec)
BEST SCORE FOUND : -2921.166
Creating bootstrap support values...
Split supports printed to NEXUS file Apo_alignments/ApoC-I_aligned.fa.splits.nex
Total tree length: 9.120

Total number of iterations: 145
CPU time used for tree search: 41.381 sec (0h:0m:41s)
Wall-clock time used for tree search: 45.220 sec (0h:0m:45s)
Total CPU time used: 41.755 sec (0h:0m:41s)
Total wall-clock time used: 45.626 sec (0h:0m:45s)

Computing bootstrap consensus tree...
Reading input file Apo_alignments/ApoC-I_aligned.fa.splits.nex...
23 taxa and 176 splits.
Consensus tree written to Apo_alignments/ApoC-I_aligned.fa.contree
Reading input trees file Apo_alignments/ApoC-I_aligned.fa.contree
Log-likelihood of consensus tree: -2921.185

Analysis results written to: 
  IQ-TREE report:                Apo_alignments/ApoC-I_aligned.fa.iqtree
  Maximum-likelihood tree:       Apo_alignments/ApoC-I_aligned.fa.treefile
  Likelihood distances:          Apo_alignments/ApoC-I_aligned.fa.mldist

Ultrafast bootstrap approximation results written to:
  Split support values:          Apo_alignments/ApoC-I_aligned.fa.splits.nex
  Consensus tree:                Apo_alignments/ApoC-I_aligned.fa.contree
  Screen log file:               Apo_alignments/ApoC-I_aligned.fa.log

Date and Time: Thu Feb  1 10:22:56 2024
