IQ-TREE multicore version 2.0.7 for Linux 64-bit built Jan 21 2022
Developed by Bui Quang Minh, Nguyen Lam Tung, Olga Chernomor,
Heiko Schmidt, Dominik Schrempf, Michael Woodhams.

Host:    DESKTOP-P8M0AUR (AVX2, FMA3, 3 GB RAM)
Command: iqtree2 -s Apo_alignments/ApoC-II_aligned.fa -B 1000 -redo
Seed:    602743 (Using SPRNG - Scalable Parallel Random Number Generator)
Time:    Thu Feb  1 10:23:16 2024
Kernel:  AVX+FMA - 1 threads (8 CPU cores detected)

HINT: Use -nt option to specify number of threads because your CPU has 8 cores!
HINT: -nt AUTO will automatically determine the best number of threads to use.

Reading alignment file Apo_alignments/ApoC-II_aligned.fa ... Fasta format detected
Alignment most likely contains protein sequences
Alignment has 23 sequences with 226 columns, 128 distinct patterns
90 parsimony-informative, 13 singleton sites, 122 constant sites
                 Gap/Ambiguity  Composition  p-value
   1  NP_000474.2       55.31%    passed     98.89%
   2  NP_001230828.1    55.31%    passed     98.46%
   3  XP_018870627.1    55.31%    passed     98.91%
   4  XP_009231041.1    55.31%    passed     92.96%
   5  XP_009196973.1    55.31%    passed     98.42%
   6  XP_002801531.1    55.31%    passed     98.09%
   7  XP_004015363.1    55.31%    passed     99.61%
   8  XP_005701831.1    55.31%    passed     98.99%
   9  NP_001095850.1    55.31%    passed     99.49%
  10  XP_005653336.1    55.31%    passed     98.18%
  11  XP_003997697.1    55.31%    passed     24.95%
  12  NP_001003368.1    55.31%    passed     98.79%
  13  XP_001502426.1    55.31%    passed     97.48%
  14  NP_001264873.1    57.08%    passed     84.02%
  15  NP_001078821.1    57.08%    passed     95.50%
  16  XP_008250476.1    54.42%    passed     67.12%
  17  XP_007491646.1     2.65%    failed      0.00%
  18  XP_007659067.1    57.08%    passed     96.59%
  19  XP_004920591.1    57.08%    passed      6.95%
  20  NP_001027890.1    56.64%    passed     91.20%
  21  XP_691110.1       55.75%    passed     64.94%
  22  GJQV01093856      59.29%    passed     19.57%
  23  JAQSEC010000013   60.18%    passed      9.01%
WARNING: 22 sequences contain more than 50% gaps/ambiguity
****  TOTAL             53.75%  1 sequences failed composition chi2 test (p-value<5%; df=19)


Create initial parsimony tree by phylogenetic likelihood library (PLL)... 0.005 seconds
Perform fast likelihood tree search using LG+I+G model...
Estimate model parameters (epsilon = 5.000)
Perform nearest neighbor interchange...
Estimate model parameters (epsilon = 1.000)
1. Initial log-likelihood: -3067.820
2. Current log-likelihood: -3065.808
3. Current log-likelihood: -3064.706
Optimal log-likelihood: -3064.084
Proportion of invariable sites: 0.010
Gamma shape alpha: 2.824
Parameters optimization took 3 rounds (0.162 sec)
Time for fast ML tree search: 0.524 seconds

NOTE: ModelFinder requires 5 MB RAM!
ModelFinder will test up to 546 protein models (sample size: 226) ...
 No. Model         -LnL         df  AIC          AICc         BIC
  1  LG            3086.132     43  6258.265     6279.056     6405.348
  2  LG+I          3086.109     44  6260.218     6282.096     6410.721
  3  LG+G4         3063.212     44  6214.424     6236.303     6364.928
  4  LG+I+G4       3063.319     45  6216.638     6239.638     6370.562
  5  LG+R2         3065.285     45  6220.571     6243.571     6374.495
  6  LG+R3         3060.818     47  6215.636     6240.985     6376.402
 16  LG+F+G4       3055.792     63  6237.585     6287.362     6453.078
 17  LG+F+I+G4     3055.903     64  6239.806     6291.483     6458.720
 18  LG+F+R2       3058.095     64  6244.190     6295.867     6463.104
 29  WAG+G4        3055.524     44  6199.048     6220.927     6349.552
 30  WAG+I+G4      3055.621     45  6201.242     6224.242     6355.166
 31  WAG+R2        3056.561     45  6203.122     6226.122     6357.046
 42  WAG+F+G4      3060.555     63  6247.110     6296.888     6462.604
 43  WAG+F+I+G4    3060.661     64  6249.323     6301.000     6468.237
 44  WAG+F+R2      3061.604     64  6251.207     6302.884     6470.121
 55  JTT+G4        3032.585     44  6153.170     6175.049     6303.674
 56  JTT+I+G4      3032.700     45  6155.399     6178.399     6309.323
 57  JTT+R2        3033.953     45  6157.906     6180.906     6311.831
 68  JTT+F+G4      3026.935     63  6179.869     6229.647     6395.363
 69  JTT+F+I+G4    3027.049     64  6182.098     6233.775     6401.012
 70  JTT+F+R2      3028.653     64  6185.305     6236.983     6404.220
 81  JTTDCMut+G4   3033.545     44  6155.091     6176.969     6305.595
 82  JTTDCMut+I+G4 3033.660     45  6157.320     6180.320     6311.244
 83  JTTDCMut+R2   3034.827     45  6159.654     6182.654     6313.578
 94  JTTDCMut+F+G4 3028.821     63  6183.642     6233.420     6399.136
 95  JTTDCMut+F+I+G4 3028.935     64  6185.871     6237.548     6404.785
 96  JTTDCMut+F+R2 3030.427     64  6188.854     6240.531     6407.768
107  DCMut+G4      3083.403     44  6254.806     6276.684     6405.309
108  DCMut+I+G4    3083.515     45  6257.031     6280.031     6410.955
109  DCMut+R2      3085.371     45  6260.742     6283.742     6414.666
120  DCMut+F+G4    3075.089     63  6276.179     6325.956     6491.672
121  DCMut+F+I+G4  3075.202     64  6278.404     6330.081     6497.318
122  DCMut+F+R2    3077.124     64  6282.248     6333.925     6501.162
133  VT+G4         3059.100     44  6206.200     6228.078     6356.703
134  VT+I+G4       3059.203     45  6208.406     6231.406     6362.330
135  VT+R2         3060.004     45  6210.008     6233.008     6363.932
146  VT+F+G4       3059.665     63  6245.330     6295.108     6460.824
147  VT+F+I+G4     3059.769     64  6247.538     6299.215     6466.452
148  VT+F+R2       3060.625     64  6249.251     6300.928     6468.165
159  PMB+G4        3096.628     44  6281.256     6303.134     6431.760
160  PMB+I+G4      3096.725     45  6283.449     6306.449     6437.373
161  PMB+R2        3097.488     45  6284.976     6307.976     6438.900
172  PMB+F+G4      3098.312     63  6322.624     6372.401     6538.117
173  PMB+F+I+G4    3098.407     64  6324.814     6376.491     6543.728
174  PMB+F+R2      3099.392     64  6326.785     6378.462     6545.699
185  Blosum62+G4   3114.570     44  6317.140     6339.018     6467.643
186  Blosum62+I+G4 3114.669     45  6319.337     6342.337     6473.261
187  Blosum62+R2   3115.813     45  6321.627     6344.627     6475.551
198  Blosum62+F+G4 3107.953     63  6341.905     6391.683     6557.399
199  Blosum62+F+I+G4 3108.053     64  6344.106     6395.783     6563.021
200  Blosum62+F+R2 3109.332     64  6346.665     6398.342     6565.579
211  Dayhoff+G4    3083.375     44  6254.750     6276.629     6405.254
212  Dayhoff+I+G4  3083.488     45  6256.975     6279.975     6410.899
213  Dayhoff+R2    3085.369     45  6260.737     6283.737     6414.661
224  Dayhoff+F+G4  3075.106     63  6276.212     6325.990     6491.706
225  Dayhoff+F+I+G4 3075.219     64  6278.438     6330.115     6497.352
226  Dayhoff+F+R2  3077.167     64  6282.335     6334.012     6501.249
237  mtREV+G4      3187.095     44  6462.191     6484.069     6612.694
238  mtREV+I+G4    3187.202     45  6464.404     6487.404     6618.328
239  mtREV+R2      3190.332     45  6470.664     6493.664     6624.588
250  mtREV+F+G4    3073.985     63  6273.969     6323.747     6489.463
251  mtREV+F+I+G4  3074.089     64  6276.178     6327.855     6495.092
252  mtREV+F+R2    3075.898     64  6279.797     6331.474     6498.711
263  mtART+G4      3243.256     44  6574.511     6596.390     6725.015
264  mtART+I+G4    3243.363     45  6576.727     6599.727     6730.651
265  mtART+R2      3250.589     45  6591.177     6614.177     6745.101
276  mtART+F+G4    3113.163     63  6352.325     6402.103     6567.819
277  mtART+F+I+G4  3113.268     64  6354.536     6406.213     6573.450
278  mtART+F+R2    3119.456     64  6366.912     6418.589     6585.826
289  mtZOA+G4      3170.741     44  6429.483     6451.361     6579.986
290  mtZOA+I+G4    3170.854     45  6431.707     6454.707     6585.631
291  mtZOA+R2      3177.055     45  6444.109     6467.109     6598.033
302  mtZOA+F+G4    3074.925     63  6275.850     6325.628     6491.344
303  mtZOA+F+I+G4  3075.032     64  6278.064     6329.741     6496.978
304  mtZOA+F+R2    3079.201     64  6286.401     6338.078     6505.315
315  mtMet+G4      3187.466     44  6462.931     6484.810     6613.435
316  mtMet+I+G4    3187.589     45  6465.177     6488.177     6619.101
317  mtMet+R2      3191.821     45  6473.643     6496.643     6627.567
328  mtMet+F+G4    3044.116     63  6214.231     6264.009     6429.725
329  mtMet+F+I+G4  3044.230     64  6216.459     6268.136     6435.374
330  mtMet+F+R2    3047.908     64  6223.816     6275.493     6442.730
341  mtVer+G4      3181.182     44  6450.364     6472.242     6600.867
342  mtVer+I+G4    3181.306     45  6452.611     6475.611     6606.535
343  mtVer+R2      3184.920     45  6459.840     6482.840     6613.764
354  mtVer+F+G4    3058.231     63  6242.462     6292.240     6457.955
355  mtVer+F+I+G4  3058.344     64  6244.688     6296.365     6463.602
356  mtVer+F+R2    3062.426     64  6252.852     6304.529     6471.766
367  mtInv+G4      3239.559     44  6567.118     6588.997     6717.622
368  mtInv+I+G4    3239.676     45  6569.352     6592.352     6723.276
369  mtInv+R2      3242.635     45  6575.271     6598.271     6729.195
380  mtInv+F+G4    3045.296     63  6216.593     6266.371     6432.087
381  mtInv+F+I+G4  3045.404     64  6218.808     6270.485     6437.723
382  mtInv+F+R2    3047.434     64  6222.869     6274.546     6441.783
393  mtMAM+G4      3237.170     44  6562.341     6584.219     6712.844
394  mtMAM+I+G4    3237.288     45  6564.577     6587.577     6718.501
395  mtMAM+R2      3241.971     45  6573.943     6596.943     6727.867
406  mtMAM+F+G4    3113.448     63  6352.896     6402.674     6568.390
407  mtMAM+F+I+G4  3113.558     64  6355.115     6406.792     6574.030
408  mtMAM+F+R2    3119.428     64  6366.857     6418.534     6585.771
419  HIVb+G4       3055.213     44  6198.426     6220.304     6348.929
420  HIVb+I+G4     3055.317     45  6200.634     6223.634     6354.558
421  HIVb+R2       3057.922     45  6205.843     6228.843     6359.767
432  HIVb+F+G4     3031.250     63  6188.500     6238.277     6403.993
433  HIVb+F+I+G4   3031.362     64  6190.725     6242.402     6409.639
434  HIVb+F+R2     3034.323     64  6196.646     6248.323     6415.561
445  HIVw+G4       3186.825     44  6461.650     6483.528     6612.153
446  HIVw+I+G4     3186.947     45  6463.894     6486.894     6617.818
447  HIVw+R2       3191.427     45  6472.855     6495.855     6626.779
458  HIVw+F+G4     3111.434     63  6348.868     6398.646     6564.362
459  HIVw+F+I+G4   3111.547     64  6351.093     6402.770     6570.007
460  HIVw+F+R2     3114.757     64  6357.514     6409.191     6576.428
471  FLU+G4        3089.229     44  6266.458     6288.336     6416.961
472  FLU+I+G4      3089.345     45  6268.690     6291.690     6422.614
473  FLU+R2        3091.686     45  6273.372     6296.372     6427.296
484  FLU+F+G4      3058.678     63  6243.356     6293.133     6458.849
485  FLU+F+I+G4    3058.786     64  6245.573     6297.250     6464.487
486  FLU+F+R2      3061.363     64  6250.727     6302.404     6469.641
497  rtREV+G4      3067.482     44  6222.964     6244.842     6373.467
498  rtREV+I+G4    3067.587     45  6225.174     6248.174     6379.098
499  rtREV+R2      3069.534     45  6229.068     6252.068     6382.992
510  rtREV+F+G4    3073.585     63  6273.169     6322.947     6488.663
511  rtREV+F+I+G4  3073.687     64  6275.375     6327.052     6494.289
512  rtREV+F+R2    3075.751     64  6279.502     6331.179     6498.416
523  cpREV+G4      3079.130     44  6246.260     6268.139     6396.764
524  cpREV+I+G4    3079.232     45  6248.463     6271.463     6402.387
525  cpREV+R2      3080.182     45  6250.365     6273.365     6404.289
536  cpREV+F+G4    3065.887     63  6257.773     6307.551     6473.267
537  cpREV+F+I+G4  3065.988     64  6259.976     6311.653     6478.890
538  cpREV+F+R2    3066.777     64  6261.555     6313.232     6480.469
Akaike Information Criterion:           JTT+G4
Corrected Akaike Information Criterion: JTT+G4
Bayesian Information Criterion:         JTT+G4
Best-fit model: JTT+G4 chosen according to BIC

All model information printed to Apo_alignments/ApoC-II_aligned.fa.model.gz
CPU time for ModelFinder: 22.894 seconds (0h:0m:22s)
Wall-clock time for ModelFinder: 24.916 seconds (0h:0m:24s)
Generating 1000 samples for ultrafast bootstrap (seed: 602743)...

NOTE: 2 MB RAM (0 GB) is required!
Estimate model parameters (epsilon = 0.100)
1. Initial log-likelihood: -3032.585
Optimal log-likelihood: -3032.585
Gamma shape alpha: 3.405
Parameters optimization took 1 rounds (0.081 sec)
Computing ML distances based on estimated model parameters... 0.120 sec
Computing BIONJ tree...
0.001 seconds
Log-likelihood of BIONJ tree: -3032.289
--------------------------------------------------------------------
|             INITIALIZING CANDIDATE TREE SET                      |
--------------------------------------------------------------------
Generating 98 parsimony trees... 0.285 second
Computing log-likelihood of 98 initial trees ... 1.357 seconds
Current best score: -3032.289

Do NNI search on 20 best initial trees
Estimate model parameters (epsilon = 0.100)
BETTER TREE FOUND at iteration 1: -3031.891
Iteration 10 / LogL: -3032.616 / Time: 0h:0m:3s
Iteration 20 / LogL: -3036.673 / Time: 0h:0m:4s
Finish initializing candidate tree set (4)
Current best tree score: -3031.891 / CPU time: 4.674
Number of iterations: 20
--------------------------------------------------------------------
|               OPTIMIZING CANDIDATE TREE SET                      |
--------------------------------------------------------------------
Iteration 30 / LogL: -3032.006 / Time: 0h:0m:7s (0h:0m:17s left)
Iteration 40 / LogL: -3032.146 / Time: 0h:0m:9s (0h:0m:15s left)
Iteration 50 / LogL: -3031.914 / Time: 0h:0m:12s (0h:0m:12s left)
Log-likelihood cutoff on original alignment: -3071.295
UPDATE BEST LOG-LIKELIHOOD: -3031.889
Iteration 60 / LogL: -3032.729 / Time: 0h:0m:14s (0h:0m:9s left)
Iteration 70 / LogL: -3031.894 / Time: 0h:0m:16s (0h:0m:7s left)
Iteration 80 / LogL: -3032.614 / Time: 0h:0m:19s (0h:0m:5s left)
Iteration 90 / LogL: -3031.949 / Time: 0h:0m:22s (0h:0m:2s left)
Iteration 100 / LogL: -3032.197 / Time: 0h:0m:24s (0h:0m:0s left)
Log-likelihood cutoff on original alignment: -3071.295
NOTE: Bootstrap correlation coefficient of split occurrence frequencies: 0.999
TREE SEARCH COMPLETED AFTER 102 ITERATIONS / Time: 0h:0m:25s

--------------------------------------------------------------------
|                    FINALIZING TREE SEARCH                        |
--------------------------------------------------------------------
Performs final model parameters optimization
Estimate model parameters (epsilon = 0.010)
1. Initial log-likelihood: -3031.889
Optimal log-likelihood: -3031.884
Gamma shape alpha: 3.231
Parameters optimization took 1 rounds (0.045 sec)
BEST SCORE FOUND : -3031.884
Creating bootstrap support values...
Split supports printed to NEXUS file Apo_alignments/ApoC-II_aligned.fa.splits.nex
Total tree length: 9.232

Total number of iterations: 102
CPU time used for tree search: 22.658 sec (0h:0m:22s)
Wall-clock time used for tree search: 24.875 sec (0h:0m:24s)
Total CPU time used: 23.077 sec (0h:0m:23s)
Total wall-clock time used: 25.339 sec (0h:0m:25s)

Computing bootstrap consensus tree...
Reading input file Apo_alignments/ApoC-II_aligned.fa.splits.nex...
23 taxa and 174 splits.
Consensus tree written to Apo_alignments/ApoC-II_aligned.fa.contree
Reading input trees file Apo_alignments/ApoC-II_aligned.fa.contree
Log-likelihood of consensus tree: -3031.884

Analysis results written to: 
  IQ-TREE report:                Apo_alignments/ApoC-II_aligned.fa.iqtree
  Maximum-likelihood tree:       Apo_alignments/ApoC-II_aligned.fa.treefile
  Likelihood distances:          Apo_alignments/ApoC-II_aligned.fa.mldist

Ultrafast bootstrap approximation results written to:
  Split support values:          Apo_alignments/ApoC-II_aligned.fa.splits.nex
  Consensus tree:                Apo_alignments/ApoC-II_aligned.fa.contree
  Screen log file:               Apo_alignments/ApoC-II_aligned.fa.log

Date and Time: Thu Feb  1 10:24:06 2024
