IQ-TREE multicore version 2.0.7 for Linux 64-bit built Jan 21 2022
Developed by Bui Quang Minh, Nguyen Lam Tung, Olga Chernomor,
Heiko Schmidt, Dominik Schrempf, Michael Woodhams.

Host:    DESKTOP-P8M0AUR (AVX2, FMA3, 3 GB RAM)
Command: iqtree2 -s Apo_alignments/ApoC-III_aligned.fa -B 1000 -redo
Seed:    237819 (Using SPRNG - Scalable Parallel Random Number Generator)
Time:    Thu Feb  1 10:24:28 2024
Kernel:  AVX+FMA - 1 threads (8 CPU cores detected)

HINT: Use -nt option to specify number of threads because your CPU has 8 cores!
HINT: -nt AUTO will automatically determine the best number of threads to use.

Reading alignment file Apo_alignments/ApoC-III_aligned.fa ... Fasta format detected
Alignment most likely contains protein sequences
Alignment has 23 sequences with 226 columns, 128 distinct patterns
90 parsimony-informative, 13 singleton sites, 122 constant sites
                 Gap/Ambiguity  Composition  p-value
   1  NP_000474.2       55.31%    passed     98.89%
   2  NP_001230828.1    55.31%    passed     98.46%
   3  XP_018870627.1    55.31%    passed     98.91%
   4  XP_009231041.1    55.31%    passed     92.96%
   5  XP_009196973.1    55.31%    passed     98.42%
   6  XP_002801531.1    55.31%    passed     98.09%
   7  XP_004015363.1    55.31%    passed     99.61%
   8  XP_005701831.1    55.31%    passed     98.99%
   9  NP_001095850.1    55.31%    passed     99.49%
  10  XP_005653336.1    55.31%    passed     98.18%
  11  XP_001502426.1    55.31%    passed     97.48%
  12  NP_001003368.1    55.31%    passed     98.79%
  13  XP_003997697.1    55.31%    passed     24.95%
  14  NP_001264873.1    57.08%    passed     84.02%
  15  NP_001078821.1    57.08%    passed     95.50%
  16  XP_008250476.1    54.42%    passed     67.12%
  17  XP_007491646.1     2.65%    failed      0.00%
  18  XP_007659067.1    57.08%    passed     96.59%
  19  XP_004920591.1    57.08%    passed      6.95%
  20  NP_001027890.1    56.64%    passed     91.20%
  21  XP_691110.1       55.75%    passed     64.94%
  22  GJQV01093856      59.29%    passed     19.57%
  23  JAQSEC010000013   60.18%    passed      9.01%
WARNING: 22 sequences contain more than 50% gaps/ambiguity
****  TOTAL             53.75%  1 sequences failed composition chi2 test (p-value<5%; df=19)


Create initial parsimony tree by phylogenetic likelihood library (PLL)... 0.004 seconds
Perform fast likelihood tree search using LG+I+G model...
Estimate model parameters (epsilon = 5.000)
Perform nearest neighbor interchange...
Estimate model parameters (epsilon = 1.000)
1. Initial log-likelihood: -3067.642
2. Current log-likelihood: -3065.506
3. Current log-likelihood: -3064.387
Optimal log-likelihood: -3063.765
Proportion of invariable sites: 0.010
Gamma shape alpha: 2.825
Parameters optimization took 3 rounds (0.123 sec)
Time for fast ML tree search: 0.507 seconds

NOTE: ModelFinder requires 5 MB RAM!
ModelFinder will test up to 546 protein models (sample size: 226) ...
 No. Model         -LnL         df  AIC          AICc         BIC
  1  LG            3085.996     43  6257.992     6278.783     6405.075
  2  LG+I          3085.995     44  6259.990     6281.869     6410.494
  3  LG+G4         3062.885     44  6213.770     6235.649     6364.274
  4  LG+I+G4       3062.999     45  6215.998     6238.998     6369.922
  5  LG+R2         3065.077     45  6220.154     6243.154     6374.078
  6  LG+R3         3060.824     47  6215.648     6240.997     6376.414
 16  LG+F+G4       3055.449     63  6236.899     6286.677     6452.393
 17  LG+F+I+G4     3055.565     64  6239.131     6290.808     6458.045
 18  LG+F+R2       3057.852     64  6243.704     6295.381     6462.618
 29  WAG+G4        3055.767     44  6199.533     6221.412     6350.037
 30  WAG+I+G4      3055.871     45  6201.743     6224.743     6355.667
 31  WAG+R2        3057.043     45  6204.086     6227.086     6358.010
 42  WAG+F+G4      3060.591     63  6247.183     6296.960     6462.676
 43  WAG+F+I+G4    3060.703     64  6249.407     6301.084     6468.321
 44  WAG+F+R2      3061.862     64  6251.724     6303.401     6470.639
 55  JTT+G4        3032.862     44  6153.724     6175.602     6304.227
 56  JTT+I+G4      3032.980     45  6155.961     6178.961     6309.885
 57  JTT+R2        3034.377     45  6158.754     6181.754     6312.678
 68  JTT+F+G4      3027.115     63  6180.230     6230.007     6395.723
 69  JTT+F+I+G4    3027.235     64  6182.470     6234.147     6401.385
 70  JTT+F+R2      3028.913     64  6185.825     6237.502     6404.739
 81  JTTDCMut+G4   3033.851     44  6155.703     6177.581     6306.206
 82  JTTDCMut+I+G4 3033.972     45  6157.945     6180.945     6311.869
 83  JTTDCMut+R2   3035.295     45  6160.590     6183.590     6314.514
 94  JTTDCMut+F+G4 3029.050     63  6184.101     6233.878     6399.594
 95  JTTDCMut+F+I+G4 3029.171     64  6186.341     6238.018     6405.255
 96  JTTDCMut+F+R2 3030.748     64  6189.496     6241.173     6408.410
107  DCMut+G4      3084.369     44  6256.737     6278.616     6407.241
108  DCMut+I+G4    3084.486     45  6258.973     6281.973     6412.897
109  DCMut+R2      3086.547     45  6263.093     6286.093     6417.017
120  DCMut+F+G4    3075.787     63  6277.573     6327.351     6493.067
121  DCMut+F+I+G4  3075.904     64  6279.808     6331.485     6498.722
122  DCMut+F+R2    3077.940     64  6283.879     6335.556     6502.794
133  VT+G4         3059.614     44  6207.228     6229.106     6357.731
134  VT+I+G4       3059.702     45  6209.404     6232.404     6363.328
135  VT+R2         3060.628     45  6211.257     6234.257     6365.181
146  VT+F+G4       3059.915     63  6245.831     6295.609     6461.325
147  VT+F+I+G4     3060.005     64  6248.010     6299.687     6466.925
148  VT+F+R2       3060.971     64  6249.943     6301.620     6468.857
159  PMB+G4        3097.192     44  6282.384     6304.262     6432.887
160  PMB+I+G4      3097.294     45  6284.589     6307.589     6438.513
161  PMB+R2        3098.228     45  6286.456     6309.456     6440.380
172  PMB+F+G4      3098.486     63  6322.972     6372.750     6538.466
173  PMB+F+I+G4    3098.565     64  6325.130     6376.807     6544.045
174  PMB+F+R2      3099.700     64  6327.400     6379.077     6546.315
185  Blosum62+G4   3114.966     44  6317.931     6339.810     6468.435
186  Blosum62+I+G4 3115.072     45  6320.145     6343.145     6474.069
187  Blosum62+R2   3116.349     45  6322.698     6345.698     6476.622
198  Blosum62+F+G4 3108.095     63  6342.189     6391.967     6557.683
199  Blosum62+F+I+G4 3108.203     64  6344.406     6396.083     6563.320
200  Blosum62+F+R2 3109.606     64  6347.211     6398.888     6566.126
211  Dayhoff+G4    3084.344     44  6256.687     6278.566     6407.191
212  Dayhoff+I+G4  3084.461     45  6258.923     6281.923     6412.847
213  Dayhoff+R2    3086.550     45  6263.101     6286.101     6417.025
224  Dayhoff+F+G4  3075.806     63  6277.613     6327.391     6493.107
225  Dayhoff+F+I+G4 3075.924     64  6279.847     6331.524     6498.761
226  Dayhoff+F+R2  3077.989     64  6283.979     6335.656     6502.893
237  mtREV+G4      3186.499     44  6460.998     6482.876     6611.501
238  mtREV+I+G4    3186.610     45  6463.220     6486.220     6617.144
239  mtREV+R2      3189.754     45  6469.508     6492.508     6623.432
250  mtREV+F+G4    3073.116     63  6272.231     6322.009     6487.725
251  mtREV+F+I+G4  3073.224     64  6274.448     6326.125     6493.362
252  mtREV+F+R2    3075.309     64  6278.618     6330.295     6497.532
263  mtART+G4      3242.480     44  6572.960     6594.839     6723.464
264  mtART+I+G4    3242.594     45  6575.187     6598.187     6729.111
265  mtART+R2      3249.652     45  6589.304     6612.304     6743.229
276  mtART+F+G4    3112.242     63  6350.484     6400.261     6565.977
277  mtART+F+I+G4  3112.352     64  6352.704     6404.381     6571.618
278  mtART+F+R2    3118.316     64  6364.632     6416.309     6583.546
289  mtZOA+G4      3170.367     44  6428.734     6450.613     6579.238
290  mtZOA+I+G4    3170.485     45  6430.971     6453.971     6584.895
291  mtZOA+R2      3176.543     45  6443.085     6466.085     6597.009
302  mtZOA+F+G4    3074.352     63  6274.705     6324.483     6490.199
303  mtZOA+F+I+G4  3074.462     64  6276.925     6328.602     6495.839
304  mtZOA+F+R2    3078.419     64  6284.837     6336.514     6503.752
315  mtMet+G4      3186.933     44  6461.866     6483.744     6612.369
316  mtMet+I+G4    3187.063     45  6464.127     6487.127     6618.051
317  mtMet+R2      3191.090     45  6472.179     6495.179     6626.103
328  mtMet+F+G4    3043.865     63  6213.730     6263.508     6429.224
329  mtMet+F+I+G4  3043.983     64  6215.967     6267.644     6434.881
330  mtMet+F+R2    3047.507     64  6223.014     6274.691     6441.929
341  mtVer+G4      3180.536     44  6449.072     6470.951     6599.576
342  mtVer+I+G4    3180.666     45  6451.332     6474.332     6605.256
343  mtVer+R2      3184.114     45  6458.227     6481.227     6612.151
354  mtVer+F+G4    3057.292     63  6240.583     6290.361     6456.077
355  mtVer+F+I+G4  3057.410     64  6242.819     6294.496     6461.734
356  mtVer+F+R2    3061.366     64  6250.732     6302.409     6469.647
367  mtInv+G4      3239.190     44  6566.379     6588.258     6716.883
368  mtInv+I+G4    3239.315     45  6568.631     6591.631     6722.555
369  mtInv+R2      3241.990     45  6573.980     6596.980     6727.904
380  mtInv+F+G4    3045.481     63  6216.962     6266.740     6432.456
381  mtInv+F+I+G4  3045.591     64  6219.182     6270.859     6438.097
382  mtInv+F+R2    3047.495     64  6222.991     6274.668     6441.905
393  mtMAM+G4      3235.141     44  6558.283     6580.161     6708.786
394  mtMAM+I+G4    3235.266     45  6560.531     6583.531     6714.455
395  mtMAM+R2      3240.135     45  6570.270     6593.270     6724.194
406  mtMAM+F+G4    3111.480     63  6348.960     6398.738     6564.454
407  mtMAM+F+I+G4  3111.596     64  6351.192     6402.869     6570.107
408  mtMAM+F+R2    3117.543     64  6363.087     6414.764     6582.001
419  HIVb+G4       3054.339     44  6196.678     6218.557     6347.182
420  HIVb+I+G4     3054.442     45  6198.884     6221.884     6352.808
421  HIVb+R2       3057.103     45  6204.206     6227.206     6358.130
432  HIVb+F+G4     3030.233     63  6186.467     6236.244     6401.960
433  HIVb+F+I+G4   3030.351     64  6188.702     6240.379     6407.616
434  HIVb+F+R2     3033.361     64  6194.723     6246.400     6413.637
445  HIVw+G4       3185.187     44  6458.375     6480.253     6608.878
446  HIVw+I+G4     3185.315     45  6460.630     6483.630     6614.554
447  HIVw+R2       3190.021     45  6470.042     6493.042     6623.966
458  HIVw+F+G4     3108.615     63  6343.231     6393.009     6558.725
459  HIVw+F+I+G4   3108.735     64  6345.471     6397.148     6564.385
460  HIVw+F+R2     3112.174     64  6352.347     6404.024     6571.261
471  FLU+G4        3089.063     44  6266.126     6288.005     6416.630
472  FLU+I+G4      3089.187     45  6268.374     6291.374     6422.298
473  FLU+R2        3091.984     45  6273.967     6296.967     6427.891
484  FLU+F+G4      3058.064     63  6242.129     6291.906     6457.622
485  FLU+F+I+G4    3058.178     64  6244.356     6296.033     6463.270
486  FLU+F+R2      3061.829     64  6251.658     6303.335     6470.572
497  rtREV+G4      3068.085     44  6224.171     6246.049     6374.674
498  rtREV+I+G4    3068.196     45  6226.392     6249.392     6380.316
499  rtREV+R2      3070.153     45  6230.307     6253.307     6384.231
510  rtREV+F+G4    3073.299     63  6272.598     6322.376     6488.092
511  rtREV+F+I+G4  3073.407     64  6274.815     6326.492     6493.729
512  rtREV+F+R2    3075.476     64  6278.951     6330.628     6497.866
523  cpREV+G4      3079.380     44  6246.761     6268.639     6397.264
524  cpREV+I+G4    3079.487     45  6248.974     6271.974     6402.898
525  cpREV+R2      3080.786     45  6251.571     6274.571     6405.496
536  cpREV+F+G4    3065.923     63  6257.845     6307.623     6473.339
537  cpREV+F+I+G4  3066.031     64  6260.063     6311.740     6478.977
538  cpREV+F+R2    3067.147     64  6262.294     6313.971     6481.208
Akaike Information Criterion:           JTT+G4
Corrected Akaike Information Criterion: JTT+G4
Bayesian Information Criterion:         JTT+G4
Best-fit model: JTT+G4 chosen according to BIC

All model information printed to Apo_alignments/ApoC-III_aligned.fa.model.gz
CPU time for ModelFinder: 23.983 seconds (0h:0m:23s)
Wall-clock time for ModelFinder: 26.132 seconds (0h:0m:26s)
Generating 1000 samples for ultrafast bootstrap (seed: 237819)...

NOTE: 2 MB RAM (0 GB) is required!
Estimate model parameters (epsilon = 0.100)
1. Initial log-likelihood: -3032.862
Optimal log-likelihood: -3032.859
Gamma shape alpha: 3.354
Parameters optimization took 1 rounds (0.045 sec)
Computing ML distances based on estimated model parameters... 0.090 sec
Computing BIONJ tree...
0.001 seconds
Log-likelihood of BIONJ tree: -3032.273
--------------------------------------------------------------------
|             INITIALIZING CANDIDATE TREE SET                      |
--------------------------------------------------------------------
Generating 98 parsimony trees... 0.230 second
Computing log-likelihood of 98 initial trees ... 1.446 seconds
Current best score: -3032.273

Do NNI search on 20 best initial trees
Estimate model parameters (epsilon = 0.100)
BETTER TREE FOUND at iteration 1: -3031.891
Iteration 10 / LogL: -3032.832 / Time: 0h:0m:3s
Iteration 20 / LogL: -3032.859 / Time: 0h:0m:5s
Finish initializing candidate tree set (4)
Current best tree score: -3031.891 / CPU time: 4.957
Number of iterations: 20
--------------------------------------------------------------------
|               OPTIMIZING CANDIDATE TREE SET                      |
--------------------------------------------------------------------
Iteration 30 / LogL: -3032.939 / Time: 0h:0m:7s (0h:0m:18s left)
Iteration 40 / LogL: -3032.752 / Time: 0h:0m:9s (0h:0m:15s left)
Iteration 50 / LogL: -3032.256 / Time: 0h:0m:12s (0h:0m:12s left)
Log-likelihood cutoff on original alignment: -3063.406
Iteration 60 / LogL: -3032.364 / Time: 0h:0m:14s (0h:0m:10s left)
Iteration 70 / LogL: -3032.780 / Time: 0h:0m:16s (0h:0m:7s left)
Iteration 80 / LogL: -3031.908 / Time: 0h:0m:18s (0h:0m:5s left)
UPDATE BEST LOG-LIKELIHOOD: -3031.887
Iteration 90 / LogL: -3031.887 / Time: 0h:0m:20s (0h:0m:2s left)
Iteration 100 / LogL: -3032.760 / Time: 0h:0m:23s (0h:0m:0s left)
Log-likelihood cutoff on original alignment: -3063.406
NOTE: Bootstrap correlation coefficient of split occurrence frequencies: 1.000
TREE SEARCH COMPLETED AFTER 102 ITERATIONS / Time: 0h:0m:23s

--------------------------------------------------------------------
|                    FINALIZING TREE SEARCH                        |
--------------------------------------------------------------------
Performs final model parameters optimization
Estimate model parameters (epsilon = 0.010)
1. Initial log-likelihood: -3031.887
Optimal log-likelihood: -3031.885
Gamma shape alpha: 3.226
Parameters optimization took 1 rounds (0.041 sec)
BEST SCORE FOUND : -3031.885
Creating bootstrap support values...
Split supports printed to NEXUS file Apo_alignments/ApoC-III_aligned.fa.splits.nex
Total tree length: 9.241

Total number of iterations: 102
CPU time used for tree search: 21.493 sec (0h:0m:21s)
Wall-clock time used for tree search: 23.625 sec (0h:0m:23s)
Total CPU time used: 21.802 sec (0h:0m:21s)
Total wall-clock time used: 23.959 sec (0h:0m:23s)

Computing bootstrap consensus tree...
Reading input file Apo_alignments/ApoC-III_aligned.fa.splits.nex...
23 taxa and 188 splits.
Consensus tree written to Apo_alignments/ApoC-III_aligned.fa.contree
Reading input trees file Apo_alignments/ApoC-III_aligned.fa.contree
Log-likelihood of consensus tree: -3031.884

Analysis results written to: 
  IQ-TREE report:                Apo_alignments/ApoC-III_aligned.fa.iqtree
  Maximum-likelihood tree:       Apo_alignments/ApoC-III_aligned.fa.treefile
  Likelihood distances:          Apo_alignments/ApoC-III_aligned.fa.mldist

Ultrafast bootstrap approximation results written to:
  Split support values:          Apo_alignments/ApoC-III_aligned.fa.splits.nex
  Consensus tree:                Apo_alignments/ApoC-III_aligned.fa.contree
  Screen log file:               Apo_alignments/ApoC-III_aligned.fa.log

Date and Time: Thu Feb  1 10:25:18 2024
