IQ-TREE multicore version 2.0.7 for Linux 64-bit built Jan 21 2022
Developed by Bui Quang Minh, Nguyen Lam Tung, Olga Chernomor,
Heiko Schmidt, Dominik Schrempf, Michael Woodhams.

Host:    DESKTOP-P8M0AUR (AVX2, FMA3, 3 GB RAM)
Command: iqtree2 -s Apo_alignments/ApoC-IV_aligned.fa -B 1000 -redo
Seed:    374348 (Using SPRNG - Scalable Parallel Random Number Generator)
Time:    Thu Feb  1 10:25:34 2024
Kernel:  AVX+FMA - 1 threads (8 CPU cores detected)

HINT: Use -nt option to specify number of threads because your CPU has 8 cores!
HINT: -nt AUTO will automatically determine the best number of threads to use.

Reading alignment file Apo_alignments/ApoC-IV_aligned.fa ... Fasta format detected
Alignment most likely contains protein sequences
Alignment has 18 sequences with 191 columns, 157 distinct patterns
92 parsimony-informative, 33 singleton sites, 66 constant sites
                 Gap/Ambiguity  Composition  p-value
   1  NP_001637.1       33.51%    passed     99.99%
   2  XP_004060989.2    33.51%    passed     99.86%
   3  XP_003316494.1    33.51%    passed     99.99%
   4  NP_001182066.1    33.51%    passed     99.89%
   5  XP_009196974.1    33.51%    passed     99.90%
   6  XP_002829428.1    33.51%    passed    100.00%
   7  XP_001502417.1    33.51%    passed     95.45%
   8  NP_001167603.1    34.03%    passed     99.66%
   9  XP_855163.1       36.65%    passed     99.42%
  10  XP_004015362.1    18.85%    passed     69.76%
  11  XP_005701836.1    48.69%    passed     73.37%
  12  NP_001029979.1    33.51%    passed     98.75%
  13  NP_001075834.1    35.08%    passed     78.62%
  14  XP_006941182.1    17.80%    passed     79.19%
  15  NP_031411.1       35.08%    passed     85.47%
  16  NP_001102889.1    35.08%    passed     91.97%
  17  GJQV01093856      51.83%    failed      0.01%
  18  JAQSEC010000013   52.88%    failed      0.00%
WARNING: 2 sequences contain more than 50% gaps/ambiguity
****  TOTAL             35.22%  2 sequences failed composition chi2 test (p-value<5%; df=19)


Create initial parsimony tree by phylogenetic likelihood library (PLL)... 0.002 seconds
Perform fast likelihood tree search using LG+I+G model...
Estimate model parameters (epsilon = 5.000)
Perform nearest neighbor interchange...
Estimate model parameters (epsilon = 1.000)
1. Initial log-likelihood: -2465.161
Optimal log-likelihood: -2464.419
Proportion of invariable sites: 0.008
Gamma shape alpha: 2.671
Parameters optimization took 1 rounds (0.055 sec)
Time for fast ML tree search: 0.483 seconds

NOTE: ModelFinder requires 5 MB RAM!
ModelFinder will test up to 546 protein models (sample size: 191) ...
 No. Model         -LnL         df  AIC          AICc         BIC
  1  LG            2476.542     33  5019.083     5033.376     5126.408
  2  LG+I          2476.528     34  5021.055     5036.311     5131.632
  3  LG+G4         2463.709     34  4995.418     5010.674     5105.995
  4  LG+I+G4       2463.803     35  4997.607     5013.865     5111.436
  5  LG+R2         2460.420     35  4990.840     5007.098     5104.670
  6  LG+R3         2460.384     37  4994.767     5013.146     5115.101
 16  LG+F+G4       2437.830     53  4981.660     5023.441     5154.030
 17  LG+F+I+G4     2437.932     54  4983.864     5027.540     5159.486
 18  LG+F+R2       2435.569     54  4979.138     5022.814     5154.760
 29  WAG+G4        2451.987     34  4971.974     4987.231     5082.551
 30  WAG+I+G4      2452.081     35  4974.162     4990.420     5087.991
 31  WAG+R2        2449.766     35  4969.533     4985.791     5083.363
 42  WAG+F+G4      2426.758     53  4959.516     5001.297     5131.886
 43  WAG+F+I+G4    2426.861     54  4961.721     5005.398     5137.344
 44  WAG+F+R2      2425.041     54  4958.081     5001.758     5133.704
 55  JTT+G4        2415.249     34  4898.498     4913.755     5009.076
 56  JTT+I+G4      2415.334     35  4900.667     4916.925     5014.497
 57  JTT+R2        2413.100     35  4896.199     4912.457     5010.029
 68  JTT+F+G4      2399.892     53  4905.785     4947.566     5078.155
 69  JTT+F+I+G4    2399.986     54  4907.971     4951.648     5083.594
 70  JTT+F+R2      2398.526     54  4905.052     4948.728     5080.674
 81  JTTDCMut+G4   2415.807     34  4899.614     4914.870     5010.191
 82  JTTDCMut+I+G4 2415.891     35  4901.781     4918.039     5015.611
 83  JTTDCMut+R2   2413.653     35  4897.307     4913.565     5011.136
 94  JTTDCMut+F+G4 2399.911     53  4905.823     4947.604     5078.193
 95  JTTDCMut+F+I+G4 2400.004     54  4908.007     4951.684     5083.630
 96  JTTDCMut+F+R2 2398.528     54  4905.055     4948.732     5080.678
107  DCMut+G4      2496.384     34  5060.768     5076.024     5171.345
108  DCMut+I+G4    2496.467     35  5062.934     5079.192     5176.764
109  DCMut+R2      2493.957     35  5057.913     5074.171     5171.743
120  DCMut+F+G4    2457.954     53  5021.907     5063.688     5194.277
121  DCMut+F+I+G4  2458.004     54  5024.007     5067.684     5199.630
122  DCMut+F+R2    2456.111     54  5020.221     5063.897     5195.844
133  VT+G4         2446.575     34  4961.150     4976.406     5071.727
134  VT+I+G4       2446.621     35  4963.243     4979.501     5077.072
135  VT+R2         2444.780     35  4959.560     4975.818     5073.389
146  VT+F+G4       2427.939     53  4961.877     5003.658     5134.248
147  VT+F+I+G4     2427.990     54  4963.981     5007.657     5139.603
148  VT+F+R2       2426.606     54  4961.213     5004.889     5136.836
159  PMB+G4        2480.368     34  5028.736     5043.992     5139.313
160  PMB+I+G4      2480.481     35  5030.962     5047.220     5144.792
161  PMB+R2        2477.997     35  5025.993     5042.251     5139.823
172  PMB+F+G4      2456.437     53  5018.873     5060.654     5191.244
173  PMB+F+I+G4    2456.550     54  5021.100     5064.776     5196.722
174  PMB+F+R2      2454.415     54  5016.830     5060.506     5192.453
185  Blosum62+G4   2492.715     34  5053.430     5068.687     5164.008
186  Blosum62+I+G4 2492.819     35  5055.638     5071.896     5169.468
187  Blosum62+R2   2490.222     35  5050.444     5066.702     5164.273
198  Blosum62+F+G4 2462.370     53  5030.740     5072.521     5203.110
199  Blosum62+F+I+G4 2462.478     54  5032.956     5076.632     5208.578
200  Blosum62+F+R2 2460.322     54  5028.643     5072.320     5204.266
211  Dayhoff+G4    2496.253     34  5060.506     5075.763     5171.084
212  Dayhoff+I+G4  2496.336     35  5062.673     5078.931     5176.502
213  Dayhoff+R2    2493.833     35  5057.667     5073.925     5171.496
224  Dayhoff+F+G4  2457.814     53  5021.628     5063.409     5193.999
225  Dayhoff+F+I+G4 2457.864     54  5023.729     5067.405     5199.352
226  Dayhoff+F+R2  2455.983     54  5019.966     5063.643     5195.589
237  mtREV+G4      2596.528     34  5261.057     5276.313     5371.634
238  mtREV+I+G4    2596.590     35  5263.180     5279.438     5377.009
239  mtREV+R2      2591.407     35  5252.814     5269.072     5366.643
250  mtREV+F+G4    2455.731     53  5017.462     5059.243     5189.832
251  mtREV+F+I+G4  2455.836     54  5019.673     5063.349     5195.296
252  mtREV+F+R2    2454.177     54  5016.354     5060.031     5191.977
263  mtART+G4      2702.498     34  5472.997     5488.253     5583.574
264  mtART+I+G4    2702.550     35  5475.100     5491.358     5588.929
265  mtART+R2      2698.112     35  5466.224     5482.482     5580.053
276  mtART+F+G4    2539.111     53  5184.222     5226.003     5356.592
277  mtART+F+I+G4  2539.179     54  5186.358     5230.035     5361.981
278  mtART+F+R2    2534.794     54  5177.588     5221.265     5353.211
289  mtZOA+G4      2607.494     34  5282.987     5298.243     5393.564
290  mtZOA+I+G4    2607.539     35  5285.077     5301.335     5398.907
291  mtZOA+R2      2602.722     35  5275.444     5291.703     5389.274
302  mtZOA+F+G4    2481.885     53  5069.769     5111.550     5242.140
303  mtZOA+F+I+G4  2481.931     54  5071.863     5115.539     5247.485
304  mtZOA+F+R2    2478.032     54  5064.064     5107.741     5239.687
315  mtMet+G4      2588.317     34  5244.634     5259.891     5355.212
316  mtMet+I+G4    2588.360     35  5246.720     5262.978     5360.550
317  mtMet+R2      2584.330     35  5238.660     5254.918     5352.490
328  mtMet+F+G4    2425.944     53  4957.889     4999.670     5130.259
329  mtMet+F+I+G4  2426.038     54  4960.076     5003.752     5135.699
330  mtMet+F+R2    2422.768     54  4953.537     4997.213     5129.160
341  mtVer+G4      2571.329     34  5210.659     5225.915     5321.236
342  mtVer+I+G4    2571.368     35  5212.737     5228.995     5326.566
343  mtVer+R2      2565.022     35  5200.043     5216.301     5313.873
354  mtVer+F+G4    2431.976     53  4969.952     5011.733     5142.323
355  mtVer+F+I+G4  2432.018     54  4972.036     5015.712     5147.659
356  mtVer+F+R2    2428.366     54  4964.732     5008.409     5140.355
367  mtInv+G4      2631.784     34  5331.568     5346.824     5442.145
368  mtInv+I+G4    2631.873     35  5333.745     5350.003     5447.575
369  mtInv+R2      2628.307     35  5326.614     5342.872     5440.444
380  mtInv+F+G4    2435.534     53  4977.068     5018.849     5149.438
381  mtInv+F+I+G4  2435.621     54  4979.242     5022.918     5154.865
382  mtInv+F+R2    2432.561     54  4973.121     5016.798     5148.744
393  mtMAM+G4      2638.168     34  5344.337     5359.593     5454.914
394  mtMAM+I+G4    2638.223     35  5346.445     5362.703     5460.275
395  mtMAM+R2      2633.260     35  5336.521     5352.779     5450.350
406  mtMAM+F+G4    2480.180     53  5066.359     5108.140     5238.730
407  mtMAM+F+I+G4  2480.237     54  5068.473     5112.150     5244.096
408  mtMAM+F+R2    2476.322     54  5060.643     5104.320     5236.266
419  HIVb+G4       2424.587     34  4917.173     4932.430     5027.750
420  HIVb+I+G4     2424.664     35  4919.328     4935.586     5033.158
421  HIVb+R2       2420.439     35  4910.879     4927.137     5024.709
432  HIVb+F+G4     2408.837     53  4923.674     4965.455     5096.044
433  HIVb+F+I+G4   2408.868     54  4925.736     4969.413     5101.359
434  HIVb+F+R2     2406.225     54  4920.450     4964.126     5096.072
445  HIVw+G4       2490.964     34  5049.928     5065.185     5160.506
446  HIVw+I+G4     2490.998     35  5051.995     5068.253     5165.825
447  HIVw+R2       2489.315     35  5048.630     5064.888     5162.460
458  HIVw+F+G4     2430.613     53  4967.225     5009.006     5139.596
459  HIVw+F+I+G4   2430.643     54  4969.285     5012.962     5144.908
460  HIVw+F+R2     2429.007     54  4966.013     5009.690     5141.636
471  FLU+G4        2475.706     34  5019.412     5034.669     5129.990
472  FLU+I+G4      2475.749     35  5021.498     5037.756     5135.327
473  FLU+R2        2471.989     35  5013.978     5030.236     5127.807
484  FLU+F+G4      2421.073     53  4948.147     4989.928     5120.517
485  FLU+F+I+G4    2421.125     54  4950.249     4993.926     5125.872
486  FLU+F+R2      2418.668     54  4945.337     4989.013     5120.960
497  rtREV+G4      2474.556     34  5017.111     5032.368     5127.689
498  rtREV+I+G4    2474.603     35  5019.207     5035.465     5133.036
499  rtREV+R2      2471.564     35  5013.128     5029.386     5126.958
510  rtREV+F+G4    2457.588     53  5021.176     5062.957     5193.546
511  rtREV+F+I+G4  2457.642     54  5023.283     5066.960     5198.906
512  rtREV+F+R2    2455.533     54  5019.067     5062.743     5194.689
523  cpREV+G4      2458.096     34  4984.191     4999.448     5094.769
524  cpREV+I+G4    2458.156     35  4986.312     5002.570     5100.141
525  cpREV+R2      2453.174     35  4976.348     4992.607     5090.178
536  cpREV+F+G4    2434.643     53  4975.285     5017.066     5147.656
537  cpREV+F+I+G4  2434.702     54  4977.405     5021.081     5153.027
538  cpREV+F+R2    2431.404     54  4970.809     5014.485     5146.431
Akaike Information Criterion:           JTT+R2
Corrected Akaike Information Criterion: JTT+R2
Bayesian Information Criterion:         JTT+G4
Best-fit model: JTT+G4 chosen according to BIC

All model information printed to Apo_alignments/ApoC-IV_aligned.fa.model.gz
CPU time for ModelFinder: 22.036 seconds (0h:0m:22s)
Wall-clock time for ModelFinder: 23.992 seconds (0h:0m:23s)
Generating 1000 samples for ultrafast bootstrap (seed: 374348)...

NOTE: 2 MB RAM (0 GB) is required!
Estimate model parameters (epsilon = 0.100)
1. Initial log-likelihood: -2415.249
Optimal log-likelihood: -2415.249
Gamma shape alpha: 3.510
Parameters optimization took 1 rounds (0.038 sec)
Computing ML distances based on estimated model parameters... 0.039 sec
Computing BIONJ tree...
0.000 seconds
Log-likelihood of BIONJ tree: -2419.432
--------------------------------------------------------------------
|             INITIALIZING CANDIDATE TREE SET                      |
--------------------------------------------------------------------
Generating 98 parsimony trees... 0.250 second
Computing log-likelihood of 98 initial trees ... 1.295 seconds
Current best score: -2415.249

Do NNI search on 20 best initial trees
Estimate model parameters (epsilon = 0.100)
BETTER TREE FOUND at iteration 1: -2415.249
Iteration 10 / LogL: -2418.187 / Time: 0h:0m:3s
Iteration 20 / LogL: -2415.270 / Time: 0h:0m:5s
Finish initializing candidate tree set (4)
Current best tree score: -2415.249 / CPU time: 5.162
Number of iterations: 20
--------------------------------------------------------------------
|               OPTIMIZING CANDIDATE TREE SET                      |
--------------------------------------------------------------------
Iteration 30 / LogL: -2415.315 / Time: 0h:0m:8s (0h:0m:19s left)
Iteration 40 / LogL: -2415.340 / Time: 0h:0m:10s (0h:0m:16s left)
Iteration 50 / LogL: -2416.247 / Time: 0h:0m:13s (0h:0m:13s left)
Log-likelihood cutoff on original alignment: -2455.128
Iteration 60 / LogL: -2415.462 / Time: 0h:0m:15s (0h:0m:10s left)
Iteration 70 / LogL: -2415.257 / Time: 0h:0m:17s (0h:0m:7s left)
Iteration 80 / LogL: -2416.101 / Time: 0h:0m:19s (0h:0m:5s left)
Iteration 90 / LogL: -2421.318 / Time: 0h:0m:22s (0h:0m:2s left)
Iteration 100 / LogL: -2415.324 / Time: 0h:0m:24s (0h:0m:0s left)
Log-likelihood cutoff on original alignment: -2455.128
NOTE: Bootstrap correlation coefficient of split occurrence frequencies: 0.997
TREE SEARCH COMPLETED AFTER 102 ITERATIONS / Time: 0h:0m:24s

--------------------------------------------------------------------
|                    FINALIZING TREE SEARCH                        |
--------------------------------------------------------------------
Performs final model parameters optimization
Estimate model parameters (epsilon = 0.010)
1. Initial log-likelihood: -2415.249
Optimal log-likelihood: -2415.249
Gamma shape alpha: 3.510
Parameters optimization took 1 rounds (0.036 sec)
BEST SCORE FOUND : -2415.249
Creating bootstrap support values...
Split supports printed to NEXUS file Apo_alignments/ApoC-IV_aligned.fa.splits.nex
Total tree length: 6.447

Total number of iterations: 102
CPU time used for tree search: 22.568 sec (0h:0m:22s)
Wall-clock time used for tree search: 24.710 sec (0h:0m:24s)
Total CPU time used: 22.821 sec (0h:0m:22s)
Total wall-clock time used: 24.984 sec (0h:0m:24s)

Computing bootstrap consensus tree...
Reading input file Apo_alignments/ApoC-IV_aligned.fa.splits.nex...
18 taxa and 172 splits.
Consensus tree written to Apo_alignments/ApoC-IV_aligned.fa.contree
Reading input trees file Apo_alignments/ApoC-IV_aligned.fa.contree
Log-likelihood of consensus tree: -2415.250

Analysis results written to: 
  IQ-TREE report:                Apo_alignments/ApoC-IV_aligned.fa.iqtree
  Maximum-likelihood tree:       Apo_alignments/ApoC-IV_aligned.fa.treefile
  Likelihood distances:          Apo_alignments/ApoC-IV_aligned.fa.mldist

Ultrafast bootstrap approximation results written to:
  Split support values:          Apo_alignments/ApoC-IV_aligned.fa.splits.nex
  Consensus tree:                Apo_alignments/ApoC-IV_aligned.fa.contree
  Screen log file:               Apo_alignments/ApoC-IV_aligned.fa.log

Date and Time: Thu Feb  1 10:26:23 2024
