IQ-TREE multicore version 2.0.7 for Linux 64-bit built Jan 21 2022
Developed by Bui Quang Minh, Nguyen Lam Tung, Olga Chernomor,
Heiko Schmidt, Dominik Schrempf, Michael Woodhams.

Host:    DESKTOP-P8M0AUR (AVX2, FMA3, 3 GB RAM)
Command: iqtree2 -s apo-fr10_alignments/ApoA-V_aligned.fa -B 1000 -redo
Seed:    976497 (Using SPRNG - Scalable Parallel Random Number Generator)
Time:    Thu Feb  1 21:41:36 2024
Kernel:  AVX+FMA - 1 threads (8 CPU cores detected)

HINT: Use -nt option to specify number of threads because your CPU has 8 cores!
HINT: -nt AUTO will automatically determine the best number of threads to use.

Reading alignment file apo-fr10_alignments/ApoA-V_aligned.fa ... Fasta format detected
Alignment most likely contains protein sequences
WARNING: 1 sites contain only gaps or ambiguous characters.
Alignment has 22 sequences with 432 columns, 403 distinct patterns
255 parsimony-informative, 92 singleton sites, 85 constant sites
                Gap/Ambiguity  Composition  p-value
   1  NP_443200.2      15.28%    passed    100.00%
   2  XP_002799851.1   15.28%    passed    100.00%
   3  NP_001162239.1   15.28%    passed    100.00%
   4  XP_003313361.1   15.28%    passed    100.00%
   5  XP_009245366.1   29.63%    passed     96.73%
   6  XP_004052226.1   15.28%    passed    100.00%
   7  NP_536682.2      14.81%    passed     99.77%
   8  NP_001264193.1   15.05%    passed     99.84%
   9  NP_001164880.1   14.35%    passed     97.23%
  10  XP_001500835.1   13.19%    passed     95.06%
  11  NP_001076961.1   14.81%    passed     97.95%
  12  XP_017914482.1   14.81%    passed     97.80%
  13  XP_004016095.1   29.40%    passed     99.65%
  14  NP_001152780.1   15.97%    passed    100.00%
  15  XP_003992440.1   14.35%    passed     99.43%
  16  XP_005619788.1   15.05%    passed     99.68%
  17  XP_001380879.3   12.73%    passed     52.24%
  18  XP_004948132.1   12.50%    passed     20.89%
  19  XP_003212774.1   14.12%    passed     34.71%
  20  XP_005299881.1   15.51%    failed      3.21%
  21  NP_001116904.1   20.60%    failed      0.00%
  22  CM053038.1       79.17%    failed      0.02%
WARNING: 1 sequences contain more than 50% gaps/ambiguity
****  TOTAL            19.20%  3 sequences failed composition chi2 test (p-value<5%; df=19)


Create initial parsimony tree by phylogenetic likelihood library (PLL)... 0.006 seconds
Perform fast likelihood tree search using LG+I+G model...
Estimate model parameters (epsilon = 5.000)
Perform nearest neighbor interchange...
Estimate model parameters (epsilon = 1.000)
1. Initial log-likelihood: -6638.033
Optimal log-likelihood: -6636.974
Proportion of invariable sites: 0.038
Gamma shape alpha: 1.644
Parameters optimization took 1 rounds (0.246 sec)
Time for fast ML tree search: 1.003 seconds

NOTE: ModelFinder requires 16 MB RAM!
ModelFinder will test up to 546 protein models (sample size: 432) ...
 No. Model         -LnL         df  AIC          AICc         BIC
  1  LG            6739.742     41  13561.485    13570.316    13728.290
  2  LG+I          6710.887     42  13505.775    13515.060    13676.648
  3  LG+G4         6634.811     42  13353.621    13362.906    13524.495
  4  LG+I+G4       6635.373     43  13356.747    13366.499    13531.689
  5  LG+R2         6636.136     43  13358.273    13368.025    13533.215
  6  LG+R3         6634.740     45  13359.479    13370.205    13542.558
 16  LG+F+G4       6562.777     61  13247.553    13267.997    13495.727
 17  LG+F+I+G4     6563.293     62  13250.586    13271.756    13502.828
 18  LG+F+R2       6566.080     62  13256.160    13277.331    13508.402
 29  WAG+G4        6619.492     42  13322.984    13332.269    13493.858
 30  WAG+I+G4      6619.997     43  13325.994    13335.747    13500.937
 31  WAG+R2        6620.082     43  13326.164    13335.917    13501.106
 42  WAG+F+G4      6574.365     61  13270.730    13291.173    13518.904
 43  WAG+F+I+G4    6574.825     62  13273.651    13294.821    13525.893
 44  WAG+F+R2      6576.773     62  13277.545    13298.716    13529.788
 55  JTT+G4        6518.299     42  13120.598    13129.884    13291.472
 56  JTT+I+G4      6518.852     43  13123.703    13133.456    13298.645
 57  JTT+R2        6518.306     43  13122.612    13132.365    13297.555
 68  JTT+F+G4      6464.393     61  13050.787    13071.230    13298.961
 69  JTT+F+I+G4    6464.898     62  13053.797    13074.967    13306.039
 70  JTT+F+R2      6465.662     62  13055.323    13076.494    13307.566
 81  JTTDCMut+G4   6524.633     42  13133.266    13142.552    13304.140
 82  JTTDCMut+I+G4 6525.183     43  13136.365    13146.118    13311.308
 83  JTTDCMut+R2   6524.755     43  13135.510    13145.263    13310.453
 94  JTTDCMut+F+G4 6471.109     61  13064.217    13084.661    13312.391
 95  JTTDCMut+F+I+G4 6471.611     62  13067.221    13088.392    13319.464
 96  JTTDCMut+F+R2 6472.439     62  13068.877    13090.048    13321.119
107  DCMut+G4      6668.300     42  13420.601    13429.886    13591.475
108  DCMut+I+G4    6668.779     43  13423.557    13433.310    13598.499
109  DCMut+R2      6670.873     43  13427.746    13437.498    13602.688
120  DCMut+F+G4    6606.891     61  13335.782    13356.225    13583.956
121  DCMut+F+I+G4  6607.324     62  13338.648    13359.819    13590.891
122  DCMut+F+R2    6610.982     62  13345.964    13367.135    13598.206
133  VT+G4         6633.076     42  13350.152    13359.438    13521.026
134  VT+I+G4       6633.642     43  13353.285    13363.037    13528.227
135  VT+R2         6633.037     43  13352.074    13361.827    13527.017
146  VT+F+G4       6577.600     61  13277.200    13297.644    13525.374
147  VT+F+I+G4     6578.130     62  13280.260    13301.431    13532.503
148  VT+F+R2       6578.793     62  13281.586    13302.757    13533.829
159  PMB+G4        6748.819     42  13581.638    13590.924    13752.512
160  PMB+I+G4      6749.307     43  13584.614    13594.367    13759.557
161  PMB+R2        6748.519     43  13583.038    13592.791    13757.981
172  PMB+F+G4      6679.384     61  13480.768    13501.211    13728.942
173  PMB+F+I+G4    6679.881     62  13483.762    13504.933    13736.004
174  PMB+F+R2      6680.227     62  13484.454    13505.624    13736.696
185  Blosum62+G4   6768.447     42  13620.894    13630.180    13791.768
186  Blosum62+I+G4 6768.952     43  13623.903    13633.656    13798.846
187  Blosum62+R2   6767.811     43  13621.621    13631.374    13796.564
198  Blosum62+F+G4 6689.101     61  13500.201    13520.645    13748.375
199  Blosum62+F+I+G4 6689.570     62  13503.141    13524.311    13755.383
200  Blosum62+F+R2 6689.790     62  13503.579    13524.750    13755.822
211  Dayhoff+G4    6667.647     42  13419.294    13428.580    13590.168
212  Dayhoff+I+G4  6668.125     43  13422.251    13432.003    13597.193
213  Dayhoff+R2    6670.237     43  13426.473    13436.226    13601.416
224  Dayhoff+F+G4  6606.449     61  13334.897    13355.341    13583.071
225  Dayhoff+F+I+G4 6606.882     62  13337.763    13358.934    13590.006
226  Dayhoff+F+R2  6610.587     62  13345.174    13366.345    13597.416
237  mtREV+G4      6978.460     42  14040.919    14050.204    14211.793
238  mtREV+I+G4    6978.572     43  14043.144    14052.897    14218.086
239  mtREV+R2      6986.077     43  14058.153    14067.906    14233.095
250  mtREV+F+G4    6597.227     61  13316.455    13336.898    13564.629
251  mtREV+F+I+G4  6597.493     62  13318.986    13340.156    13571.228
252  mtREV+F+R2    6608.513     62  13341.027    13362.198    13593.269
263  mtART+G4      7253.468     42  14590.937    14600.222    14761.811
264  mtART+I+G4    7253.546     43  14593.092    14602.844    14768.034
265  mtART+R2      7293.799     43  14673.598    14683.351    14848.540
276  mtART+F+G4    6794.508     61  13711.016    13731.460    13959.190
277  mtART+F+I+G4  6794.559     62  13713.117    13734.288    13965.360
278  mtART+F+R2    6813.923     62  13751.847    13773.018    14004.089
289  mtZOA+G4      6981.399     42  14046.798    14056.084    14217.672
290  mtZOA+I+G4    6981.618     43  14049.237    14058.989    14224.179
291  mtZOA+R2      6995.949     43  14077.898    14087.651    14252.841
302  mtZOA+F+G4    6643.183     61  13408.366    13428.810    13656.540
303  mtZOA+F+I+G4  6643.468     62  13410.935    13432.106    13663.178
304  mtZOA+F+R2    6651.807     62  13427.613    13448.784    13679.856
315  mtMet+G4      6983.621     42  14051.241    14060.527    14222.115
316  mtMet+I+G4    6983.971     43  14053.942    14063.695    14228.885
317  mtMet+R2      6989.578     43  14065.156    14074.909    14240.098
328  mtMet+F+G4    6508.516     61  13139.032    13159.475    13387.206
329  mtMet+F+I+G4  6508.801     62  13141.602    13162.773    13393.845
330  mtMet+F+R2    6512.845     62  13149.689    13170.860    13401.932
341  mtVer+G4      6903.283     42  13890.566    13899.851    14061.440
342  mtVer+I+G4    6903.699     43  13893.398    13903.151    14068.340
343  mtVer+R2      6911.804     43  13909.609    13919.361    14084.551
354  mtVer+F+G4    6512.045     61  13146.089    13166.532    13394.263
355  mtVer+F+I+G4  6512.391     62  13148.781    13169.952    13401.024
356  mtVer+F+R2    6518.043     62  13160.086    13181.257    13412.329
367  mtInv+G4      7131.152     42  14346.303    14355.589    14517.177
368  mtInv+I+G4    7131.497     43  14348.994    14358.746    14523.936
369  mtInv+R2      7135.600     43  14357.200    14366.952    14532.142
380  mtInv+F+G4    6547.127     61  13216.253    13236.697    13464.427
381  mtInv+F+I+G4  6547.628     62  13219.256    13240.427    13471.498
382  mtInv+F+R2    6550.322     62  13224.643    13245.814    13476.886
393  mtMAM+G4      7030.503     42  14145.005    14154.290    14315.879
394  mtMAM+I+G4    7030.621     43  14147.243    14156.995    14322.185
395  mtMAM+R2      7061.628     43  14209.256    14219.009    14384.199
406  mtMAM+F+G4    6629.540     61  13381.081    13401.524    13629.255
407  mtMAM+F+I+G4  6629.203     62  13382.406    13403.576    13634.648
408  mtMAM+F+R2    6643.425     62  13410.849    13432.020    13663.092
419  HIVb+G4       6562.895     42  13209.790    13219.075    13380.664
420  HIVb+I+G4     6562.312     43  13210.623    13220.376    13385.566
421  HIVb+R2       6568.066     43  13222.133    13231.885    13397.075
432  HIVb+F+G4     6460.893     61  13043.785    13064.228    13291.959
433  HIVb+F+I+G4   6460.034     62  13044.068    13065.239    13296.311
434  HIVb+F+R2     6469.044     62  13062.089    13083.260    13314.331
445  HIVw+G4       6797.075     42  13678.150    13687.436    13849.024
446  HIVw+I+G4     6797.248     43  13680.496    13690.249    13855.439
447  HIVw+R2       6798.411     43  13682.821    13692.574    13857.763
458  HIVw+F+G4     6549.658     61  13221.316    13241.760    13469.490
459  HIVw+F+I+G4   6549.332     62  13222.664    13243.835    13474.907
460  HIVw+F+R2     6554.798     62  13233.596    13254.767    13485.838
471  FLU+G4        6658.292     42  13400.583    13409.869    13571.457
472  FLU+I+G4      6658.395     43  13402.791    13412.543    13577.733
473  FLU+R2        6659.140     43  13404.279    13414.032    13579.221
484  FLU+F+G4      6486.713     61  13095.426    13115.869    13343.600
485  FLU+F+I+G4    6486.088     62  13096.175    13117.346    13348.417
486  FLU+F+R2      6490.353     62  13104.706    13125.877    13356.948
497  rtREV+G4      6704.477     42  13492.955    13502.240    13663.829
498  rtREV+I+G4    6704.998     43  13495.996    13505.748    13670.938
499  rtREV+R2      6705.093     43  13496.186    13505.939    13671.128
510  rtREV+F+G4    6620.169     61  13362.338    13382.781    13610.512
511  rtREV+F+I+G4  6620.623     62  13365.246    13386.417    13617.489
512  rtREV+F+R2    6623.456     62  13370.912    13392.082    13623.154
523  cpREV+G4      6694.290     42  13472.579    13481.864    13643.453
524  cpREV+I+G4    6694.766     43  13475.532    13485.285    13650.474
525  cpREV+R2      6698.002     43  13482.004    13491.757    13656.947
536  cpREV+F+G4    6623.167     61  13368.334    13388.777    13616.508
537  cpREV+F+I+G4  6623.207     62  13370.414    13391.584    13622.656
538  cpREV+F+R2    6629.880     62  13383.760    13404.930    13636.002
Akaike Information Criterion:           HIVb+F+G4
Corrected Akaike Information Criterion: HIVb+F+G4
Bayesian Information Criterion:         JTT+G4
Best-fit model: JTT+G4 chosen according to BIC

All model information printed to apo-fr10_alignments/ApoA-V_aligned.fa.model.gz
CPU time for ModelFinder: 61.070 seconds (0h:1m:1s)
Wall-clock time for ModelFinder: 61.112 seconds (0h:1m:1s)
Generating 1000 samples for ultrafast bootstrap (seed: 976497)...

NOTE: 7 MB RAM (0 GB) is required!
Estimate model parameters (epsilon = 0.100)
1. Initial log-likelihood: -6518.299
Optimal log-likelihood: -6518.299
Gamma shape alpha: 1.630
Parameters optimization took 1 rounds (0.138 sec)
Computing ML distances based on estimated model parameters... 0.060 sec
Computing BIONJ tree...
0.001 seconds
Log-likelihood of BIONJ tree: -6527.814
--------------------------------------------------------------------
|             INITIALIZING CANDIDATE TREE SET                      |
--------------------------------------------------------------------
Generating 98 parsimony trees... 0.413 second
Computing log-likelihood of 98 initial trees ... 4.758 seconds
Current best score: -6518.299

Do NNI search on 20 best initial trees
Estimate model parameters (epsilon = 0.100)
BETTER TREE FOUND at iteration 1: -6518.299
Estimate model parameters (epsilon = 0.100)
BETTER TREE FOUND at iteration 6: -6518.078
Iteration 10 / LogL: -6518.413 / Time: 0h:0m:11s
Iteration 20 / LogL: -6518.352 / Time: 0h:0m:17s
Finish initializing candidate tree set (5)
Current best tree score: -6518.078 / CPU time: 16.594
Number of iterations: 20
--------------------------------------------------------------------
|               OPTIMIZING CANDIDATE TREE SET                      |
--------------------------------------------------------------------
Iteration 30 / LogL: -6518.569 / Time: 0h:0m:24s (0h:1m:3s left)
Iteration 40 / LogL: -6518.340 / Time: 0h:0m:30s (0h:0m:52s left)
UPDATE BEST LOG-LIKELIHOOD: -6518.070
Iteration 50 / LogL: -6525.765 / Time: 0h:0m:36s (0h:0m:41s left)
Log-likelihood cutoff on original alignment: -6551.610
Iteration 60 / LogL: -6519.917 / Time: 0h:0m:42s (0h:0m:33s left)
UPDATE BEST LOG-LIKELIHOOD: -6518.069
Iteration 70 / LogL: -6524.139 / Time: 0h:0m:48s (0h:0m:25s left)
Iteration 80 / LogL: -6518.482 / Time: 0h:0m:54s (0h:0m:17s left)
UPDATE BEST LOG-LIKELIHOOD: -6518.066
UPDATE BEST LOG-LIKELIHOOD: -6518.064
Iteration 90 / LogL: -6518.064 / Time: 0h:0m:59s (0h:0m:10s left)
UPDATE BEST LOG-LIKELIHOOD: -6518.060
Iteration 100 / LogL: -6518.062 / Time: 0h:1m:4s (0h:0m:3s left)
Log-likelihood cutoff on original alignment: -6551.610
NOTE: Bootstrap correlation coefficient of split occurrence frequencies: 0.999
TREE SEARCH COMPLETED AFTER 107 ITERATIONS / Time: 0h:1m:8s

--------------------------------------------------------------------
|                    FINALIZING TREE SEARCH                        |
--------------------------------------------------------------------
Performs final model parameters optimization
Estimate model parameters (epsilon = 0.010)
1. Initial log-likelihood: -6518.060
Optimal log-likelihood: -6518.059
Gamma shape alpha: 1.646
Parameters optimization took 1 rounds (0.089 sec)
BEST SCORE FOUND : -6518.059
Creating bootstrap support values...
Split supports printed to NEXUS file apo-fr10_alignments/ApoA-V_aligned.fa.splits.nex
Total tree length: 6.326

Total number of iterations: 107
CPU time used for tree search: 67.642 sec (0h:1m:7s)
Wall-clock time used for tree search: 67.933 sec (0h:1m:7s)
Total CPU time used: 68.551 sec (0h:1m:8s)
Total wall-clock time used: 68.842 sec (0h:1m:8s)

Computing bootstrap consensus tree...
Reading input file apo-fr10_alignments/ApoA-V_aligned.fa.splits.nex...
22 taxa and 125 splits.
Consensus tree written to apo-fr10_alignments/ApoA-V_aligned.fa.contree
Reading input trees file apo-fr10_alignments/ApoA-V_aligned.fa.contree
Log-likelihood of consensus tree: -6518.060

Analysis results written to: 
  IQ-TREE report:                apo-fr10_alignments/ApoA-V_aligned.fa.iqtree
  Maximum-likelihood tree:       apo-fr10_alignments/ApoA-V_aligned.fa.treefile
  Likelihood distances:          apo-fr10_alignments/ApoA-V_aligned.fa.mldist

Ultrafast bootstrap approximation results written to:
  Split support values:          apo-fr10_alignments/ApoA-V_aligned.fa.splits.nex
  Consensus tree:                apo-fr10_alignments/ApoA-V_aligned.fa.contree
  Screen log file:               apo-fr10_alignments/ApoA-V_aligned.fa.log

Date and Time: Thu Feb  1 21:43:47 2024
