IQ-TREE multicore version 2.0.7 for Linux 64-bit built Jan 21 2022
Developed by Bui Quang Minh, Nguyen Lam Tung, Olga Chernomor,
Heiko Schmidt, Dominik Schrempf, Michael Woodhams.

Host:    DESKTOP-P8M0AUR (AVX2, FMA3, 3 GB RAM)
Command: iqtree2 -s apo-fr10_alignments/ApoA-IV_aligned.fa -B 1000 -redo
Seed:    628785 (Using SPRNG - Scalable Parallel Random Number Generator)
Time:    Thu Feb  1 21:38:59 2024
Kernel:  AVX+FMA - 1 threads (8 CPU cores detected)

HINT: Use -nt option to specify number of threads because your CPU has 8 cores!
HINT: -nt AUTO will automatically determine the best number of threads to use.

Reading alignment file apo-fr10_alignments/ApoA-IV_aligned.fa ... Fasta format detected
Alignment most likely contains protein sequences
Alignment has 26 sequences with 534 columns, 460 distinct patterns
347 parsimony-informative, 52 singleton sites, 135 constant sites
                Gap/Ambiguity  Composition  p-value
   1  NP_001164881.1   26.97%    passed     88.72%
   2  NP_036869.1      26.78%    passed     17.38%
   3  NP_031494.2      26.03%    passed     26.85%
   4  XP_001380874.1   30.52%    passed     18.10%
   5  XP_007659797.1   30.34%    passed     10.36%
   6  XP_008121793.1   30.90%    passed      5.15%
   7  NP_990269.1      31.46%    passed      8.88%
   8  XP_003212771.1   31.46%    passed     11.29%
   9  XP_005299800.1   31.27%    passed     92.63%
  10  NP_001008099.1   31.09%    failed      0.89%
  11  XP_005987289.2   19.66%    failed      0.00%
  12  NP_001072059.1   52.43%    passed     13.27%
  13  XP_004074170.1   52.43%    passed     45.67%
  14  NP_001073330.1   52.25%    passed     50.20%
  15  XP_015191905.1   52.62%    failed      1.03%
  16  XP_020377459.1   32.96%    failed      1.55%
  17  XP_007910038.1   48.50%    passed     48.57%
  18  NP_000473.2      25.84%    passed     97.48%
  19  XP_522192.2      25.84%    passed     96.78%
  20  XP_004052227.1   25.84%    passed     97.16%
  21  XP_009185615.1   21.91%    passed     90.06%
  22  XP_001090730.2   17.60%    passed     14.51%
  23  XP_009245367.1   22.10%    passed     87.63%
  24  XP_546510.3      28.09%    passed     97.17%
  25  XP_003992503.1   28.46%    passed     57.17%
  26  CM053038.1       83.15%    failed      0.54%
WARNING: 5 sequences contain more than 50% gaps/ambiguity
****  TOTAL            34.10%  5 sequences failed composition chi2 test (p-value<5%; df=19)


Create initial parsimony tree by phylogenetic likelihood library (PLL)... 0.005 seconds
Perform fast likelihood tree search using LG+I+G model...
Estimate model parameters (epsilon = 5.000)
Perform nearest neighbor interchange...
Estimate model parameters (epsilon = 1.000)
1. Initial log-likelihood: -11077.358
Optimal log-likelihood: -11076.610
Proportion of invariable sites: 0.007
Gamma shape alpha: 5.131
Parameters optimization took 1 rounds (0.133 sec)
Time for fast ML tree search: 1.111 seconds

NOTE: ModelFinder requires 21 MB RAM!
ModelFinder will test up to 546 protein models (sample size: 534) ...
 No. Model         -LnL         df  AIC          AICc         BIC
  1  LG            11120.493    49  22338.986    22349.110    22548.725
  2  LG+I          11116.524    50  22333.048    22343.607    22547.068
  3  LG+G4         11076.473    50  22252.946    22263.505    22466.966
  4  LG+I+G4       11076.291    51  22254.583    22265.587    22472.883
  5  LG+R2         11075.726    51  22253.452    22264.456    22471.752
  6  LG+R3         11075.414    53  22256.827    22268.752    22483.688
 16  LG+F+G4       10991.304    69  22120.608    22141.427    22415.955
 17  LG+F+I+G4     10990.942    70  22121.884    22143.353    22421.512
 18  LG+F+R2       10991.995    70  22123.990    22145.458    22423.617
 29  WAG+G4        11172.271    50  22444.542    22455.101    22658.562
 30  WAG+I+G4      11172.446    51  22446.891    22457.896    22665.192
 31  WAG+R2        11171.163    51  22444.326    22455.330    22662.626
 42  WAG+F+G4      11118.630    69  22375.260    22396.079    22670.608
 43  WAG+F+I+G4    11118.831    70  22377.662    22399.131    22677.290
 44  WAG+F+R2      11118.267    70  22376.534    22398.002    22676.161
 55  JTT+G4        11048.250    50  22196.499    22207.058    22410.519
 56  JTT+I+G4      11048.303    51  22198.605    22209.609    22416.905
 57  JTT+R2        11046.062    51  22194.123    22205.127    22412.423
 68  JTT+F+G4      10912.030    69  21962.060    21982.879    22257.407
 69  JTT+F+I+G4    10911.812    70  21963.624    21985.092    22263.251
 70  JTT+F+R2      10910.335    70  21960.669    21982.138    22260.297
 81  JTTDCMut+G4   11050.341    50  22200.681    22211.240    22414.701
 82  JTTDCMut+I+G4 11050.398    51  22202.795    22213.799    22421.095
 83  JTTDCMut+R2   11048.225    51  22198.450    22209.454    22416.750
 94  JTTDCMut+F+G4 10921.373    69  21980.746    22001.565    22276.093
 95  JTTDCMut+F+I+G4 10921.229    70  21982.458    22003.927    22282.086
 96  JTTDCMut+F+R2 10919.775    70  21979.551    22001.020    22279.179
107  DCMut+G4      11230.544    50  22561.088    22571.647    22775.108
108  DCMut+I+G4    11230.734    51  22563.468    22574.472    22781.768
109  DCMut+R2      11231.847    51  22565.694    22576.698    22783.994
120  DCMut+F+G4    11112.232    69  22362.463    22383.282    22657.810
121  DCMut+F+I+G4  11112.395    70  22364.791    22386.260    22664.419
122  DCMut+F+R2    11113.489    70  22366.978    22388.447    22666.606
133  VT+G4         11197.659    50  22495.318    22505.877    22709.338
134  VT+I+G4       11197.680    51  22497.360    22508.364    22715.660
135  VT+R2         11195.022    51  22492.044    22503.048    22710.344
146  VT+F+G4       11108.062    69  22354.125    22374.944    22649.472
147  VT+F+I+G4     11108.053    70  22356.106    22377.575    22655.734
148  VT+F+R2       11106.265    70  22352.529    22373.998    22652.157
159  PMB+G4        11422.770    50  22945.540    22956.099    23159.560
160  PMB+I+G4      11422.470    51  22946.940    22957.944    23165.240
161  PMB+R2        11420.187    51  22942.373    22953.377    23160.674
172  PMB+F+G4      11292.702    69  22723.403    22744.222    23018.750
173  PMB+F+I+G4    11292.479    70  22724.959    22746.427    23024.586
174  PMB+F+R2      11292.133    70  22724.266    22745.735    23023.894
185  Blosum62+G4   11408.898    50  22917.796    22928.355    23131.816
186  Blosum62+I+G4 11408.490    51  22918.980    22929.984    23137.280
187  Blosum62+R2   11406.793    51  22915.587    22926.591    23133.887
198  Blosum62+F+G4 11294.749    69  22727.498    22748.317    23022.846
199  Blosum62+F+I+G4 11294.436    70  22728.872    22750.340    23028.499
200  Blosum62+F+R2 11294.167    70  22728.334    22749.803    23027.962
211  Dayhoff+G4    11229.178    50  22558.357    22568.916    22772.376
212  Dayhoff+I+G4  11229.371    51  22560.742    22571.747    22779.043
213  Dayhoff+R2    11230.517    51  22563.034    22574.038    22781.334
224  Dayhoff+F+G4  11111.471    69  22360.942    22381.761    22656.290
225  Dayhoff+F+I+G4 11111.638    70  22363.275    22384.744    22662.903
226  Dayhoff+F+R2  11112.759    70  22365.519    22386.987    22665.146
237  mtREV+G4      11837.753    50  23775.507    23786.066    23989.526
238  mtREV+I+G4    11836.462    51  23774.924    23785.928    23993.224
239  mtREV+R2      11847.533    51  23797.065    23808.070    24015.366
250  mtREV+F+G4    11184.118    69  22506.237    22527.056    22801.584
251  mtREV+F+I+G4  11183.682    70  22507.364    22528.833    22806.992
252  mtREV+F+R2    11191.525    70  22523.049    22544.518    22822.677
263  mtART+G4      11989.344    50  24078.688    24089.247    24292.708
264  mtART+I+G4    11988.148    51  24078.295    24089.299    24296.595
265  mtART+R2      12020.474    51  24142.948    24153.952    24361.248
276  mtART+F+G4    11194.554    69  22527.108    22547.927    22822.455
277  mtART+F+I+G4  11192.731    70  22525.462    22546.931    22825.090
278  mtART+F+R2    11204.020    70  22548.039    22569.508    22847.667
289  mtZOA+G4      11669.962    50  23439.923    23450.482    23653.943
290  mtZOA+I+G4    11669.199    51  23440.399    23451.403    23658.699
291  mtZOA+R2      11681.218    51  23464.437    23475.441    23682.737
302  mtZOA+F+G4    11056.914    69  22251.828    22272.647    22547.175
303  mtZOA+F+I+G4  11056.387    70  22252.775    22274.244    22552.403
304  mtZOA+F+R2    11060.845    70  22261.691    22283.159    22561.318
315  mtMet+G4      11779.262    50  23658.523    23669.082    23872.543
316  mtMet+I+G4    11778.982    51  23659.964    23670.968    23878.264
317  mtMet+R2      11785.898    51  23673.795    23684.799    23892.095
328  mtMet+F+G4    10956.486    69  22050.972    22071.791    22346.319
329  mtMet+F+I+G4  10956.259    70  22052.518    22073.986    22352.146
330  mtMet+F+R2    10958.704    70  22057.407    22078.876    22357.035
341  mtVer+G4      11705.793    50  23511.586    23522.145    23725.606
342  mtVer+I+G4    11705.215    51  23512.430    23523.434    23730.730
343  mtVer+R2      11717.743    51  23537.487    23548.491    23755.787
354  mtVer+F+G4    11031.977    69  22201.955    22222.774    22497.302
355  mtVer+F+I+G4  11031.791    70  22203.582    22225.050    22503.209
356  mtVer+F+R2    11035.724    70  22211.448    22232.917    22511.076
367  mtInv+G4      11973.639    50  24047.278    24057.837    24261.298
368  mtInv+I+G4    11973.409    51  24048.818    24059.822    24267.118
369  mtInv+R2      11977.694    51  24057.388    24068.392    24275.688
380  mtInv+F+G4    10974.435    69  22086.869    22107.688    22382.217
381  mtInv+F+I+G4  10974.384    70  22088.768    22110.236    22388.395
382  mtInv+F+R2    10976.174    70  22092.349    22113.818    22391.977
393  mtMAM+G4      11924.119    50  23948.239    23958.798    24162.259
394  mtMAM+I+G4    11922.880    51  23947.759    23958.764    24166.060
395  mtMAM+R2      11954.352    51  24010.705    24021.709    24229.005
406  mtMAM+F+G4    11221.939    69  22581.877    22602.696    22877.225
407  mtMAM+F+I+G4  11220.018    70  22580.036    22601.505    22879.664
408  mtMAM+F+R2    11233.209    70  22606.418    22627.887    22906.046
419  HIVb+G4       11121.042    50  22342.085    22352.644    22556.105
420  HIVb+I+G4     11120.923    51  22343.846    22354.850    22562.146
421  HIVb+R2       11121.374    51  22344.748    22355.752    22563.048
432  HIVb+F+G4     10912.044    69  21962.088    21982.907    22257.435
433  HIVb+F+I+G4   10911.756    70  21963.513    21984.981    22263.140
434  HIVb+F+R2     10914.000    70  21967.999    21989.468    22267.627
445  HIVw+G4       11606.503    50  23313.006    23323.565    23527.026
446  HIVw+I+G4     11606.695    51  23315.390    23326.394    23533.690
447  HIVw+R2       11608.981    51  23319.961    23330.966    23538.262
458  HIVw+F+G4     11199.780    69  22537.560    22558.379    22832.907
459  HIVw+F+I+G4   11199.814    70  22539.628    22561.097    22839.256
460  HIVw+F+R2     11204.181    70  22548.361    22569.830    22847.989
471  FLU+G4        11238.390    50  22576.779    22587.338    22790.799
472  FLU+I+G4      11237.726    51  22577.451    22588.456    22795.752
473  FLU+R2        11235.612    51  22573.224    22584.228    22791.524
484  FLU+F+G4      10941.334    69  22020.667    22041.486    22316.014
485  FLU+F+I+G4    10940.740    70  22021.479    22042.948    22321.107
486  FLU+F+R2      10939.862    70  22019.725    22041.193    22319.352
497  rtREV+G4      11166.012    50  22432.023    22442.582    22646.043
498  rtREV+I+G4    11165.208    51  22432.415    22443.420    22650.716
499  rtREV+R2      11165.581    51  22433.162    22444.166    22651.462
510  rtREV+F+G4    11065.200    69  22268.399    22289.218    22563.747
511  rtREV+F+I+G4  11064.448    70  22268.896    22290.365    22568.524
512  rtREV+F+R2    11066.428    70  22272.855    22294.324    22572.483
523  cpREV+G4      11227.784    50  22555.567    22566.126    22769.587
524  cpREV+I+G4    11227.877    51  22557.753    22568.757    22776.053
525  cpREV+R2      11228.577    51  22559.153    22570.157    22777.453
536  cpREV+F+G4    11180.407    69  22498.815    22519.633    22794.162
537  cpREV+F+I+G4  11180.464    70  22500.929    22522.397    22800.556
538  cpREV+F+R2    11184.595    70  22509.191    22530.660    22808.819
Akaike Information Criterion:           JTT+F+R2
Corrected Akaike Information Criterion: JTT+F+R2
Bayesian Information Criterion:         JTT+F+G4
Best-fit model: JTT+F+G4 chosen according to BIC

All model information printed to apo-fr10_alignments/ApoA-IV_aligned.fa.model.gz
CPU time for ModelFinder: 63.676 seconds (0h:1m:3s)
Wall-clock time for ModelFinder: 63.748 seconds (0h:1m:3s)
Generating 1000 samples for ultrafast bootstrap (seed: 628785)...

NOTE: 9 MB RAM (0 GB) is required!
Estimate model parameters (epsilon = 0.100)
1. Initial log-likelihood: -10912.030
Optimal log-likelihood: -10912.030
Gamma shape alpha: 5.645
Parameters optimization took 1 rounds (0.121 sec)
Computing ML distances based on estimated model parameters... 0.064 sec
Computing BIONJ tree...
0.001 seconds
Log-likelihood of BIONJ tree: -10938.185
--------------------------------------------------------------------
|             INITIALIZING CANDIDATE TREE SET                      |
--------------------------------------------------------------------
Generating 98 parsimony trees... 0.461 second
Computing log-likelihood of 98 initial trees ... 3.632 seconds
Current best score: -10912.030

Do NNI search on 20 best initial trees
Estimate model parameters (epsilon = 0.100)
BETTER TREE FOUND at iteration 1: -10912.030
Iteration 10 / LogL: -10912.202 / Time: 0h:0m:10s
Iteration 20 / LogL: -10912.802 / Time: 0h:0m:16s
Finish initializing candidate tree set (2)
Current best tree score: -10912.030 / CPU time: 15.777
Number of iterations: 20
--------------------------------------------------------------------
|               OPTIMIZING CANDIDATE TREE SET                      |
--------------------------------------------------------------------
Iteration 30 / LogL: -10913.077 / Time: 0h:0m:22s (0h:0m:56s left)
Iteration 40 / LogL: -10912.192 / Time: 0h:0m:30s (0h:0m:48s left)
Iteration 50 / LogL: -10912.224 / Time: 0h:0m:39s (0h:0m:40s left)
Log-likelihood cutoff on original alignment: -10941.869
Iteration 60 / LogL: -10912.968 / Time: 0h:0m:46s (0h:0m:32s left)
Iteration 70 / LogL: -10913.756 / Time: 0h:0m:53s (0h:0m:24s left)
Iteration 80 / LogL: -10912.697 / Time: 0h:1m:1s (0h:0m:16s left)
Iteration 90 / LogL: -10912.592 / Time: 0h:1m:9s (0h:0m:8s left)
Iteration 100 / LogL: -10912.035 / Time: 0h:1m:16s (0h:0m:0s left)
Log-likelihood cutoff on original alignment: -10941.869
NOTE: Bootstrap correlation coefficient of split occurrence frequencies: 1.000
TREE SEARCH COMPLETED AFTER 102 ITERATIONS / Time: 0h:1m:18s

--------------------------------------------------------------------
|                    FINALIZING TREE SEARCH                        |
--------------------------------------------------------------------
Performs final model parameters optimization
Estimate model parameters (epsilon = 0.010)
1. Initial log-likelihood: -10912.030
Optimal log-likelihood: -10912.030
Gamma shape alpha: 5.645
Parameters optimization took 1 rounds (0.130 sec)
BEST SCORE FOUND : -10912.030
Creating bootstrap support values...
Split supports printed to NEXUS file apo-fr10_alignments/ApoA-IV_aligned.fa.splits.nex
Total tree length: 10.427

Total number of iterations: 102
CPU time used for tree search: 77.285 sec (0h:1m:17s)
Wall-clock time used for tree search: 77.614 sec (0h:1m:17s)
Total CPU time used: 77.902 sec (0h:1m:17s)
Total wall-clock time used: 78.232 sec (0h:1m:18s)

Computing bootstrap consensus tree...
Reading input file apo-fr10_alignments/ApoA-IV_aligned.fa.splits.nex...
26 taxa and 127 splits.
Consensus tree written to apo-fr10_alignments/ApoA-IV_aligned.fa.contree
Reading input trees file apo-fr10_alignments/ApoA-IV_aligned.fa.contree
Log-likelihood of consensus tree: -10912.030

Analysis results written to: 
  IQ-TREE report:                apo-fr10_alignments/ApoA-IV_aligned.fa.iqtree
  Maximum-likelihood tree:       apo-fr10_alignments/ApoA-IV_aligned.fa.treefile
  Likelihood distances:          apo-fr10_alignments/ApoA-IV_aligned.fa.mldist

Ultrafast bootstrap approximation results written to:
  Split support values:          apo-fr10_alignments/ApoA-IV_aligned.fa.splits.nex
  Consensus tree:                apo-fr10_alignments/ApoA-IV_aligned.fa.contree
  Screen log file:               apo-fr10_alignments/ApoA-IV_aligned.fa.log

Date and Time: Thu Feb  1 21:41:21 2024
