IQ-TREE multicore version 2.0.7 for Linux 64-bit built Jan 21 2022
Developed by Bui Quang Minh, Nguyen Lam Tung, Olga Chernomor,
Heiko Schmidt, Dominik Schrempf, Michael Woodhams.

Host:    DESKTOP-P8M0AUR (AVX2, FMA3, 3 GB RAM)
Command: iqtree2 -s apo-fr10_alignments/ApoA-II_aligned.fa -B 1000 -redo
Seed:    594261 (Using SPRNG - Scalable Parallel Random Number Generator)
Time:    Thu Feb  1 21:37:37 2024
Kernel:  AVX+FMA - 1 threads (8 CPU cores detected)

HINT: Use -nt option to specify number of threads because your CPU has 8 cores!
HINT: -nt AUTO will automatically determine the best number of threads to use.

Reading alignment file apo-fr10_alignments/ApoA-II_aligned.fa ... Fasta format detected
Alignment most likely contains protein sequences
Alignment has 24 sequences with 267 columns, 181 distinct patterns
81 parsimony-informative, 46 singleton sites, 140 constant sites
                Gap/Ambiguity  Composition  p-value
   1  XP_004950281.1   63.67%    failed      1.90%
   2  XP_002942480.2   65.54%    passed      7.75%
   3  NP_001038953.1   51.31%    passed     14.02%
   4  XP_006643008.1   45.69%    passed     47.89%
   5  XP_007656211.1   50.56%    failed      0.00%
   6  NP_001634.1      62.55%    passed     99.79%
   7  XP_004027815.1   62.55%    passed     99.79%
   8  XP_009431992.1   62.55%    passed     99.99%
   9  NP_001158123.1   65.17%    passed     99.85%
  10  XP_003893015.1   62.55%    passed     99.79%
  11  XP_001117975.1   62.55%    passed     99.90%
  12  XP_001503846.1   62.55%    passed     99.95%
  13  XP_536139.3      62.55%    passed     99.97%
  14  XP_002715298.1   62.55%    passed     99.45%
  15  XP_003999611.1   62.55%    passed     99.97%
  16  NP_001173223.1   62.55%    passed     97.43%
  17  NP_001039381.1   62.55%    passed     99.98%
  18  XP_004002742.1   62.55%    passed    100.00%
  19  XP_005677218.1   37.08%    passed     80.34%
  20  XP_005293843.1   61.80%    passed     64.42%
  21  XP_001371984.1   62.55%    passed     89.29%
  22  XP_006496688.1   61.80%    passed     96.30%
  23  XP_006250301.1   61.80%    passed     98.37%
  24  CM053038.1       66.29%    failed      0.76%
WARNING: 22 sequences contain more than 50% gaps/ambiguity
****  TOTAL            60.16%  3 sequences failed composition chi2 test (p-value<5%; df=19)
NOTE: XP_004027815.1 is identical to NP_001634.1 but kept for subsequent analysis


Create initial parsimony tree by phylogenetic likelihood library (PLL)... 0.004 seconds
Perform fast likelihood tree search using LG+I+G model...
Estimate model parameters (epsilon = 5.000)
Perform nearest neighbor interchange...
Estimate model parameters (epsilon = 1.000)
1. Initial log-likelihood: -3095.454
2. Current log-likelihood: -3093.769
Optimal log-likelihood: -3092.859
Proportion of invariable sites: 0.034
Gamma shape alpha: 3.139
Parameters optimization took 2 rounds (0.128 sec)
Time for fast ML tree search: 0.575 seconds

NOTE: ModelFinder requires 8 MB RAM!
ModelFinder will test up to 546 protein models (sample size: 267) ...
 No. Model         -LnL         df  AIC          AICc         BIC
  1  LG            3112.946     45  6315.893     6334.626     6477.319
  2  LG+I          3110.939     46  6313.877     6333.532     6478.890
  3  LG+G4         3091.462     46  6274.924     6294.579     6439.938
  4  LG+I+G4       3091.689     47  6277.378     6297.981     6445.979
  5  LG+R2         3092.968     47  6279.936     6300.538     6448.536
  6  LG+R3         3091.032     49  6280.065     6302.646     6455.840
 16  LG+F+G4       3090.510     65  6311.019     6353.706     6544.191
 17  LG+F+I+G4     3090.143     66  6312.286     6356.506     6549.045
 18  LG+F+R2       3091.787     66  6315.574     6359.794     6552.333
 29  WAG+G4        3099.018     46  6290.036     6309.690     6455.049
 30  WAG+I+G4      3099.255     47  6292.510     6313.113     6461.110
 31  WAG+R2        3100.212     47  6294.425     6315.027     6463.025
 42  WAG+F+G4      3113.151     65  6356.303     6398.989     6589.474
 43  WAG+F+I+G4    3113.047     66  6358.095     6402.315     6594.853
 44  WAG+F+R2      3114.475     66  6360.949     6405.169     6597.708
 55  JTT+G4        3071.037     46  6234.073     6253.728     6399.087
 56  JTT+I+G4      3071.057     47  6236.115     6256.718     6404.716
 57  JTT+R2        3071.998     47  6237.997     6258.600     6406.598
 68  JTT+F+G4      3068.985     65  6267.970     6310.656     6501.141
 69  JTT+F+I+G4    3068.320     66  6268.641     6312.861     6505.399
 70  JTT+F+R2      3069.553     66  6271.106     6315.326     6507.865
 81  JTTDCMut+G4   3071.492     46  6234.984     6254.638     6399.997
 82  JTTDCMut+I+G4 3071.502     47  6237.004     6257.607     6405.605
 83  JTTDCMut+R2   3072.454     47  6238.908     6259.511     6407.508
 94  JTTDCMut+F+G4 3070.957     65  6271.913     6314.600     6505.085
 95  JTTDCMut+F+I+G4 3070.319     66  6272.639     6316.859     6509.397
 96  JTTDCMut+F+R2 3071.548     66  6275.097     6319.317     6511.855
107  DCMut+G4      3110.215     46  6312.430     6332.084     6477.443
108  DCMut+I+G4    3110.534     47  6315.068     6335.671     6483.669
109  DCMut+R2      3111.883     47  6317.766     6338.369     6486.367
120  DCMut+F+G4    3114.038     65  6358.077     6400.763     6591.248
121  DCMut+F+I+G4  3114.249     66  6360.497     6404.717     6597.256
122  DCMut+F+R2    3115.412     66  6362.823     6407.043     6599.581
133  VT+G4         3102.402     46  6296.803     6316.458     6461.817
134  VT+I+G4       3102.664     47  6299.328     6319.931     6467.929
135  VT+R2         3102.936     47  6299.871     6320.474     6468.472
146  VT+F+G4       3111.358     65  6352.716     6395.403     6585.887
147  VT+F+I+G4     3111.258     66  6354.515     6398.735     6591.274
148  VT+F+R2       3111.905     66  6355.810     6400.030     6592.569
159  PMB+G4        3148.835     46  6389.669     6409.324     6554.683
160  PMB+I+G4      3149.088     47  6392.175     6412.778     6560.776
161  PMB+R2        3149.403     47  6392.807     6413.409     6561.407
172  PMB+F+G4      3151.262     65  6432.524     6475.210     6665.695
173  PMB+F+I+G4    3151.198     66  6434.397     6478.617     6671.155
174  PMB+F+R2      3151.926     66  6435.853     6480.073     6672.611
185  Blosum62+G4   3154.092     46  6400.183     6419.838     6565.197
186  Blosum62+I+G4 3154.413     47  6402.827     6423.430     6571.428
187  Blosum62+R2   3154.736     47  6403.471     6424.074     6572.072
198  Blosum62+F+G4 3157.920     65  6445.841     6488.527     6679.012
199  Blosum62+F+I+G4 3157.898     66  6447.797     6492.017     6684.555
200  Blosum62+F+R2 3158.762     66  6449.524     6493.744     6686.283
211  Dayhoff+G4    3109.958     46  6311.915     6331.570     6476.929
212  Dayhoff+I+G4  3110.277     47  6314.554     6335.156     6483.154
213  Dayhoff+R2    3111.638     47  6317.277     6337.880     6485.877
224  Dayhoff+F+G4  3113.835     65  6357.670     6400.356     6590.841
225  Dayhoff+F+I+G4 3114.045     66  6360.089     6404.309     6596.847
226  Dayhoff+F+R2  3115.220     66  6362.441     6406.661     6599.199
237  mtREV+G4      3235.489     46  6562.978     6582.633     6727.992
238  mtREV+I+G4    3235.729     47  6565.459     6586.062     6734.060
239  mtREV+R2      3237.298     47  6568.596     6589.198     6737.196
250  mtREV+F+G4    3120.632     65  6371.263     6413.950     6604.434
251  mtREV+F+I+G4  3120.868     66  6373.736     6417.956     6610.495
252  mtREV+F+R2    3121.791     66  6375.581     6419.801     6612.340
263  mtART+G4      3276.347     46  6644.693     6664.348     6809.706
264  mtART+I+G4    3276.513     47  6647.025     6667.628     6815.626
265  mtART+R2      3280.385     47  6654.769     6675.372     6823.370
276  mtART+F+G4    3131.188     65  6392.375     6435.062     6625.546
277  mtART+F+I+G4  3131.078     66  6394.156     6438.376     6630.914
278  mtART+F+R2    3134.646     66  6401.292     6445.512     6638.051
289  mtZOA+G4      3204.409     46  6500.819     6520.473     6665.832
290  mtZOA+I+G4    3204.640     47  6503.279     6523.882     6671.880
291  mtZOA+R2      3207.695     47  6509.389     6529.992     6677.990
302  mtZOA+F+G4    3099.104     65  6328.208     6370.895     6561.380
303  mtZOA+F+I+G4  3099.330     66  6330.660     6374.880     6567.419
304  mtZOA+F+R2    3101.267     66  6334.534     6378.754     6571.292
315  mtMet+G4      3236.626     46  6565.252     6584.906     6730.265
316  mtMet+I+G4    3236.924     47  6567.848     6588.451     6736.449
317  mtMet+R2      3238.682     47  6571.364     6591.966     6739.964
328  mtMet+F+G4    3079.419     65  6288.838     6331.525     6522.009
329  mtMet+F+I+G4  3079.728     66  6291.456     6335.676     6528.214
330  mtMet+F+R2    3080.867     66  6293.733     6337.953     6530.492
341  mtVer+G4      3219.540     46  6531.080     6550.735     6696.093
342  mtVer+I+G4    3219.809     47  6533.619     6554.222     6702.219
343  mtVer+R2      3222.062     47  6538.125     6558.728     6706.726
354  mtVer+F+G4    3090.104     65  6310.208     6352.894     6543.379
355  mtVer+F+I+G4  3090.315     66  6312.631     6356.851     6549.389
356  mtVer+F+R2    3091.898     66  6315.796     6360.016     6552.554
367  mtInv+G4      3294.984     46  6681.967     6701.622     6846.981
368  mtInv+I+G4    3295.210     47  6684.420     6705.022     6853.020
369  mtInv+R2      3296.242     47  6686.483     6707.086     6855.084
380  mtInv+F+G4    3082.679     65  6295.358     6338.045     6528.529
381  mtInv+F+I+G4  3083.009     66  6298.018     6342.238     6534.776
382  mtInv+F+R2    3083.753     66  6299.505     6343.725     6536.263
393  mtMAM+G4      3267.956     46  6627.912     6647.567     6792.926
394  mtMAM+I+G4    3268.137     47  6630.274     6650.877     6798.875
395  mtMAM+R2      3271.980     47  6637.959     6658.562     6806.560
406  mtMAM+F+G4    3133.389     65  6396.778     6439.465     6629.949
407  mtMAM+F+I+G4  3133.135     66  6398.269     6442.489     6635.028
408  mtMAM+F+R2    3136.345     66  6404.690     6448.910     6641.449
419  HIVb+G4       3098.177     46  6288.353     6308.008     6453.367
420  HIVb+I+G4     3097.383     47  6288.766     6309.369     6457.367
421  HIVb+R2       3099.793     47  6293.586     6314.188     6462.186
432  HIVb+F+G4     3069.717     65  6269.433     6312.120     6502.605
433  HIVb+F+I+G4   3067.640     66  6267.279     6311.499     6504.038
434  HIVb+F+R2     3071.462     66  6274.925     6319.145     6511.683
445  HIVw+G4       3224.711     46  6541.422     6561.077     6706.436
446  HIVw+I+G4     3223.724     47  6541.449     6562.052     6710.050
447  HIVw+R2       3227.329     47  6548.659     6569.262     6717.260
458  HIVw+F+G4     3143.522     65  6417.044     6459.730     6650.215
459  HIVw+F+I+G4   3141.385     66  6414.771     6458.991     6651.529
460  HIVw+F+R2     3144.247     66  6420.495     6464.715     6657.253
471  FLU+G4        3135.726     46  6363.452     6383.106     6528.465
472  FLU+I+G4      3134.979     47  6363.959     6384.562     6532.559
473  FLU+R2        3138.072     47  6370.143     6390.746     6538.744
484  FLU+F+G4      3095.267     65  6320.534     6363.220     6553.705
485  FLU+F+I+G4    3092.350     66  6316.700     6360.920     6553.459
486  FLU+F+R2      3096.186     66  6324.371     6368.591     6561.130
497  rtREV+G4      3107.177     46  6306.354     6326.009     6471.368
498  rtREV+I+G4    3107.335     47  6308.670     6329.273     6477.271
499  rtREV+R2      3108.797     47  6311.595     6332.198     6480.196
510  rtREV+F+G4    3116.370     65  6362.741     6405.427     6595.912
511  rtREV+F+I+G4  3116.195     66  6364.389     6408.609     6601.148
512  rtREV+F+R2    3117.528     66  6367.057     6411.277     6603.815
523  cpREV+G4      3124.680     46  6341.361     6361.016     6506.374
524  cpREV+I+G4    3124.961     47  6343.922     6364.525     6512.523
525  cpREV+R2      3127.193     47  6348.386     6368.989     6516.986
536  cpREV+F+G4    3128.103     65  6386.207     6428.893     6619.378
537  cpREV+F+I+G4  3127.993     66  6387.986     6432.206     6624.744
538  cpREV+F+R2    3131.879     66  6395.759     6439.979     6632.517
Akaike Information Criterion:           JTT+G4
Corrected Akaike Information Criterion: JTT+G4
Bayesian Information Criterion:         JTT+G4
Best-fit model: JTT+G4 chosen according to BIC

All model information printed to apo-fr10_alignments/ApoA-II_aligned.fa.model.gz
CPU time for ModelFinder: 24.886 seconds (0h:0m:24s)
Wall-clock time for ModelFinder: 24.956 seconds (0h:0m:24s)
Generating 1000 samples for ultrafast bootstrap (seed: 594261)...

NOTE: 3 MB RAM (0 GB) is required!
Estimate model parameters (epsilon = 0.100)
1. Initial log-likelihood: -3071.037
Optimal log-likelihood: -3071.036
Gamma shape alpha: 3.149
Parameters optimization took 1 rounds (0.050 sec)
Computing ML distances based on estimated model parameters... 0.051 sec
Computing BIONJ tree...
0.000 seconds
Log-likelihood of BIONJ tree: -3070.313
--------------------------------------------------------------------
|             INITIALIZING CANDIDATE TREE SET                      |
--------------------------------------------------------------------
Generating 98 parsimony trees... 0.164 second
Computing log-likelihood of 98 initial trees ... 1.346 seconds
Current best score: -3070.313

Do NNI search on 20 best initial trees
Estimate model parameters (epsilon = 0.100)
BETTER TREE FOUND at iteration 1: -3068.988
Estimate model parameters (epsilon = 0.100)
BETTER TREE FOUND at iteration 3: -3067.827
Estimate model parameters (epsilon = 0.100)
BETTER TREE FOUND at iteration 4: -3067.718
Iteration 10 / LogL: -3067.837 / Time: 0h:0m:3s
Estimate model parameters (epsilon = 0.100)
BETTER TREE FOUND at iteration 16: -3066.655
Iteration 20 / LogL: -3069.484 / Time: 0h:0m:6s
Finish initializing candidate tree set (10)
Current best tree score: -3066.655 / CPU time: 6.360
Number of iterations: 20
--------------------------------------------------------------------
|               OPTIMIZING CANDIDATE TREE SET                      |
--------------------------------------------------------------------
Estimate model parameters (epsilon = 0.100)
BETTER TREE FOUND at iteration 21: -3065.737
UPDATE BEST LOG-LIKELIHOOD: -3065.737
Iteration 30 / LogL: -3065.737 / Time: 0h:0m:9s (0h:0m:29s left)
Iteration 40 / LogL: -3065.738 / Time: 0h:0m:12s (0h:0m:25s left)
Iteration 50 / LogL: -3071.044 / Time: 0h:0m:15s (0h:0m:22s left)
Log-likelihood cutoff on original alignment: -3093.786
Iteration 60 / LogL: -3065.870 / Time: 0h:0m:18s (0h:0m:19s left)
UPDATE BEST LOG-LIKELIHOOD: -3065.737
Iteration 70 / LogL: -3066.383 / Time: 0h:0m:21s (0h:0m:15s left)
UPDATE BEST LOG-LIKELIHOOD: -3065.737
Iteration 80 / LogL: -3065.796 / Time: 0h:0m:24s (0h:0m:12s left)
UPDATE BEST LOG-LIKELIHOOD: -3065.737
Iteration 90 / LogL: -3065.738 / Time: 0h:0m:27s (0h:0m:9s left)
Iteration 100 / LogL: -3066.251 / Time: 0h:0m:30s (0h:0m:6s left)
Log-likelihood cutoff on original alignment: -3093.786
NOTE: Bootstrap correlation coefficient of split occurrence frequencies: 0.992
UPDATE BEST LOG-LIKELIHOOD: -3065.737
Iteration 110 / LogL: -3066.251 / Time: 0h:0m:33s (0h:0m:27s left)
UPDATE BEST LOG-LIKELIHOOD: -3065.737
Iteration 120 / LogL: -3065.794 / Time: 0h:0m:36s (0h:0m:24s left)
TREE SEARCH COMPLETED AFTER 122 ITERATIONS / Time: 0h:0m:36s

--------------------------------------------------------------------
|                    FINALIZING TREE SEARCH                        |
--------------------------------------------------------------------
Performs final model parameters optimization
Estimate model parameters (epsilon = 0.010)
1. Initial log-likelihood: -3065.737
Optimal log-likelihood: -3065.737
Gamma shape alpha: 3.049
Parameters optimization took 1 rounds (0.042 sec)
BEST SCORE FOUND : -3065.737
Creating bootstrap support values...
Split supports printed to NEXUS file apo-fr10_alignments/ApoA-II_aligned.fa.splits.nex
Total tree length: 8.828

Total number of iterations: 122
CPU time used for tree search: 36.131 sec (0h:0m:36s)
Wall-clock time used for tree search: 36.467 sec (0h:0m:36s)
Total CPU time used: 36.391 sec (0h:0m:36s)
Total wall-clock time used: 36.727 sec (0h:0m:36s)

Computing bootstrap consensus tree...
Reading input file apo-fr10_alignments/ApoA-II_aligned.fa.splits.nex...
24 taxa and 192 splits.
Consensus tree written to apo-fr10_alignments/ApoA-II_aligned.fa.contree
Reading input trees file apo-fr10_alignments/ApoA-II_aligned.fa.contree
Log-likelihood of consensus tree: -3065.795

Analysis results written to: 
  IQ-TREE report:                apo-fr10_alignments/ApoA-II_aligned.fa.iqtree
  Maximum-likelihood tree:       apo-fr10_alignments/ApoA-II_aligned.fa.treefile
  Likelihood distances:          apo-fr10_alignments/ApoA-II_aligned.fa.mldist

Ultrafast bootstrap approximation results written to:
  Split support values:          apo-fr10_alignments/ApoA-II_aligned.fa.splits.nex
  Consensus tree:                apo-fr10_alignments/ApoA-II_aligned.fa.contree
  Screen log file:               apo-fr10_alignments/ApoA-II_aligned.fa.log

Date and Time: Thu Feb  1 21:38:39 2024
