IQ-TREE multicore version 2.0.7 for Linux 64-bit built Jan 21 2022
Developed by Bui Quang Minh, Nguyen Lam Tung, Olga Chernomor,
Heiko Schmidt, Dominik Schrempf, Michael Woodhams.

Host:    DESKTOP-P8M0AUR (AVX2, FMA3, 3 GB RAM)
Command: iqtree2 -s apo-fr10_alignments/ApoC-I_aligned.fa -B 1000 -redo
Seed:    966345 (Using SPRNG - Scalable Parallel Random Number Generator)
Time:    Thu Feb  1 21:44:01 2024
Kernel:  AVX+FMA - 1 threads (8 CPU cores detected)

HINT: Use -nt option to specify number of threads because your CPU has 8 cores!
HINT: -nt AUTO will automatically determine the best number of threads to use.

Reading alignment file apo-fr10_alignments/ApoC-I_aligned.fa ... Fasta format detected
Alignment most likely contains protein sequences
Alignment has 22 sequences with 186 columns, 152 distinct patterns
73 parsimony-informative, 38 singleton sites, 75 constant sites
                         Gap/Ambiguity  Composition  p-value
   1  NP_001636.1               55.38%    passed     99.45%
   2  XP_003316492.1            55.38%    passed     99.90%
   3  XP_018870623.1            55.38%    passed     99.23%
   4  XP_018870626.1            55.38%    passed     99.66%
   5  sp|P0CE37.1|APO1A_PANTR   55.38%    passed     99.60%
   6  sp|P0CE39.1|APO1A_PONAB   55.38%    passed     98.55%
   7  XP_003779249.1            55.38%    passed     99.65%
   8  XP_014979728.1            55.38%    passed     99.93%
   9  XP_009196976.1            55.38%    passed     99.64%
  10  XP_008505047.1            41.94%    failed      0.26%
  11  XP_006941186.1            58.06%    passed     56.65%
  12  NP_001183977.1            52.69%    passed     99.81%
  13  NP_001103466.1            52.69%    passed     93.50%
  14  NP_001103479.1            52.69%    passed     99.06%
  15  NP_001153753.1            53.23%    passed     99.88%
  16  XP_007491635.1            38.17%    passed      6.25%
  17  XP_003230683.2            17.74%    passed     19.49%
  18  XP_005289540.1            41.94%    passed     64.88%
  19  XP_002941078.2            54.30%    failed      1.94%
  20  XP_004078303.1            55.38%    failed      0.06%
  21  NP_001278815.1            54.30%    failed      2.30%
  22  CM053038.1                51.61%    passed      6.95%
WARNING: 18 sequences contain more than 50% gaps/ambiguity
****  TOTAL                     51.05%  4 sequences failed composition chi2 test (p-value<5%; df=19)


Create initial parsimony tree by phylogenetic likelihood library (PLL)... 0.002 seconds
Perform fast likelihood tree search using LG+I+G model...
Estimate model parameters (epsilon = 5.000)
Perform nearest neighbor interchange...
Estimate model parameters (epsilon = 1.000)
1. Initial log-likelihood: -2734.754
2. Current log-likelihood: -2733.690
Optimal log-likelihood: -2733.148
Proportion of invariable sites: 0.008
Gamma shape alpha: 4.691
Parameters optimization took 2 rounds (0.085 sec)
Time for fast ML tree search: 0.515 seconds

NOTE: ModelFinder requires 6 MB RAM!
ModelFinder will test up to 546 protein models (sample size: 186) ...
 No. Model         -LnL         df  AIC          AICc         BIC
  1  LG            2742.300     41  5566.600     5590.516     5698.855
  2  LG+I          2742.297     42  5568.595     5593.854     5704.076
  3  LG+G4         2732.504     42  5549.008     5574.267     5684.489
  4  LG+I+G4       2732.615     43  5551.231     5577.879     5689.938
  5  LG+R2         2732.645     43  5551.290     5577.938     5689.997
  6  LG+R3         2732.323     45  5554.646     5584.217     5699.805
 16  LG+F+G4       2723.168     61  5568.337     5629.337     5765.107
 17  LG+F+I+G4     2723.283     62  5570.566     5634.078     5770.562
 18  LG+F+R2       2723.530     62  5571.060     5634.572     5771.057
 29  WAG+G4        2728.405     42  5540.810     5566.069     5676.291
 30  WAG+I+G4      2728.502     43  5543.004     5569.652     5681.711
 31  WAG+R2        2728.132     43  5542.265     5568.912     5680.972
 42  WAG+F+G4      2729.697     61  5581.394     5642.394     5778.165
 43  WAG+F+I+G4    2729.796     62  5583.592     5647.104     5783.588
 44  WAG+F+R2      2729.851     62  5583.702     5647.215     5783.699
 55  JTT+G4        2723.817     42  5531.634     5556.892     5667.115
 56  JTT+I+G4      2723.922     43  5533.845     5560.493     5672.552
 57  JTT+R2        2723.875     43  5533.750     5560.398     5672.457
 68  JTT+F+G4      2719.021     61  5560.042     5621.042     5756.812
 69  JTT+F+I+G4    2719.127     62  5562.255     5625.767     5762.251
 70  JTT+F+R2      2719.403     62  5562.807     5626.319     5762.803
 81  JTTDCMut+G4   2724.993     42  5533.986     5559.245     5669.468
 82  JTTDCMut+I+G4 2725.099     43  5536.197     5562.845     5674.904
 83  JTTDCMut+R2   2725.053     43  5536.107     5562.755     5674.814
 94  JTTDCMut+F+G4 2720.579     61  5563.157     5624.157     5759.928
 95  JTTDCMut+F+I+G4 2720.685     62  5565.369     5628.882     5765.366
 96  JTTDCMut+F+R2 2720.982     62  5565.963     5629.475     5765.959
107  DCMut+G4      2737.607     42  5559.214     5584.472     5694.695
108  DCMut+I+G4    2737.717     43  5561.433     5588.081     5700.140
109  DCMut+R2      2737.085     43  5560.171     5586.818     5698.878
120  DCMut+F+G4    2730.007     61  5582.014     5643.014     5778.785
121  DCMut+F+I+G4  2730.119     62  5584.237     5647.750     5784.234
122  DCMut+F+R2    2730.024     62  5584.047     5647.559     5784.043
133  VT+G4         2729.114     42  5542.228     5567.486     5677.709
134  VT+I+G4       2729.210     43  5544.420     5571.068     5683.127
135  VT+R2         2729.060     43  5544.120     5570.768     5682.827
146  VT+F+G4       2729.323     61  5580.646     5641.646     5777.417
147  VT+F+I+G4     2729.376     62  5582.751     5646.263     5782.747
148  VT+F+R2       2729.402     62  5582.803     5646.315     5782.799
159  PMB+G4        2763.433     42  5610.867     5636.126     5746.348
160  PMB+I+G4      2763.536     43  5613.073     5639.721     5751.780
161  PMB+R2        2763.386     43  5612.771     5639.419     5751.478
172  PMB+F+G4      2753.275     61  5628.551     5689.551     5825.321
173  PMB+F+I+G4    2753.378     62  5630.756     5694.268     5830.752
174  PMB+F+R2      2753.375     62  5630.749     5694.262     5830.746
185  Blosum62+G4   2769.037     42  5622.074     5647.333     5757.556
186  Blosum62+I+G4 2769.083     43  5624.167     5650.815     5762.874
187  Blosum62+R2   2768.833     43  5623.667     5650.315     5762.374
198  Blosum62+F+G4 2759.164     61  5640.329     5701.329     5837.099
199  Blosum62+F+I+G4 2759.270     62  5642.540     5706.052     5842.536
200  Blosum62+F+R2 2759.038     62  5642.076     5705.589     5842.073
211  Dayhoff+G4    2737.577     42  5559.154     5584.413     5694.636
212  Dayhoff+I+G4  2737.687     43  5561.374     5588.022     5700.081
213  Dayhoff+R2    2737.053     43  5560.106     5586.754     5698.813
224  Dayhoff+F+G4  2730.030     61  5582.059     5643.059     5778.830
225  Dayhoff+F+I+G4 2730.141     62  5584.282     5647.794     5784.279
226  Dayhoff+F+R2  2730.049     62  5584.097     5647.610     5784.094
237  mtREV+G4      2860.178     42  5804.356     5829.614     5939.837
238  mtREV+I+G4    2860.301     43  5806.602     5833.250     5945.309
239  mtREV+R2      2858.552     43  5803.103     5829.751     5941.811
250  mtREV+F+G4    2756.450     61  5634.901     5695.901     5831.671
251  mtREV+F+I+G4  2756.568     62  5637.137     5700.649     5837.133
252  mtREV+F+R2    2756.189     62  5636.379     5699.891     5836.375
263  mtART+G4      2926.193     42  5936.386     5961.644     6071.867
264  mtART+I+G4    2926.317     43  5938.635     5965.283     6077.342
265  mtART+R2      2928.301     43  5942.602     5969.250     6081.310
276  mtART+F+G4    2790.146     61  5702.293     5763.293     5899.064
277  mtART+F+I+G4  2790.274     62  5704.547     5768.059     5904.544
278  mtART+F+R2    2791.790     62  5707.579     5771.092     5907.576
289  mtZOA+G4      2854.651     42  5793.302     5818.561     5928.783
290  mtZOA+I+G4    2854.773     43  5795.546     5822.194     5934.253
291  mtZOA+R2      2855.741     43  5797.482     5824.130     5936.190
302  mtZOA+F+G4    2752.583     61  5627.165     5688.165     5823.936
303  mtZOA+F+I+G4  2752.703     62  5629.405     5692.917     5829.402
304  mtZOA+F+R2    2753.887     62  5631.773     5695.285     5831.770
315  mtMet+G4      2873.653     42  5831.306     5856.565     5966.788
316  mtMet+I+G4    2873.770     43  5833.540     5860.188     5972.247
317  mtMet+R2      2873.654     43  5833.308     5859.956     5972.015
328  mtMet+F+G4    2738.830     61  5599.659     5660.659     5796.430
329  mtMet+F+I+G4  2738.947     62  5601.893     5665.406     5801.890
330  mtMet+F+R2    2739.973     62  5603.946     5667.458     5803.942
341  mtVer+G4      2866.851     42  5817.702     5842.960     5953.183
342  mtVer+I+G4    2866.974     43  5819.947     5846.595     5958.654
343  mtVer+R2      2867.957     43  5821.915     5848.563     5960.622
354  mtVer+F+G4    2759.522     61  5641.044     5702.044     5837.814
355  mtVer+F+I+G4  2759.642     62  5643.284     5706.796     5843.281
356  mtVer+F+R2    2760.901     62  5645.801     5709.314     5845.798
367  mtInv+G4      2909.113     42  5902.225     5927.484     6037.706
368  mtInv+I+G4    2909.177     43  5904.353     5931.001     6043.060
369  mtInv+R2      2909.247     43  5904.494     5931.142     6043.201
380  mtInv+F+G4    2724.801     61  5571.601     5632.601     5768.372
381  mtInv+F+I+G4  2724.865     62  5573.730     5637.242     5773.726
382  mtInv+F+R2    2725.667     62  5575.334     5638.846     5775.330
393  mtMAM+G4      2924.835     42  5933.670     5958.929     6069.152
394  mtMAM+I+G4    2924.961     43  5935.922     5962.570     6074.629
395  mtMAM+R2      2928.194     43  5942.387     5969.035     6081.094
406  mtMAM+F+G4    2809.300     61  5740.599     5801.599     5937.370
407  mtMAM+F+I+G4  2809.429     62  5742.858     5806.371     5942.855
408  mtMAM+F+R2    2811.310     62  5746.620     5810.132     5946.617
419  HIVb+G4       2773.832     42  5631.664     5656.922     5767.145
420  HIVb+I+G4     2773.891     43  5633.782     5660.430     5772.489
421  HIVb+R2       2773.555     43  5633.109     5659.757     5771.816
432  HIVb+F+G4     2749.065     61  5620.131     5681.131     5816.902
433  HIVb+F+I+G4   2749.172     62  5622.345     5685.857     5822.341
434  HIVb+F+R2     2749.293     62  5622.586     5686.098     5822.582
445  HIVw+G4       2858.338     42  5800.676     5825.935     5936.158
446  HIVw+I+G4     2858.398     43  5802.797     5829.445     5941.504
447  HIVw+R2       2858.439     43  5802.878     5829.526     5941.586
458  HIVw+F+G4     2817.046     61  5756.092     5817.092     5952.862
459  HIVw+F+I+G4   2817.107     62  5758.214     5821.726     5958.210
460  HIVw+F+R2     2816.766     62  5757.532     5821.044     5957.528
471  FLU+G4        2785.722     42  5655.443     5680.702     5790.925
472  FLU+I+G4      2785.836     43  5657.673     5684.321     5796.380
473  FLU+R2        2786.394     43  5658.788     5685.436     5797.495
484  FLU+F+G4      2762.183     61  5646.365     5707.365     5843.136
485  FLU+F+I+G4    2762.244     62  5648.488     5712.000     5848.484
486  FLU+F+R2      2762.855     62  5649.710     5713.222     5849.707
497  rtREV+G4      2754.319     42  5592.639     5617.898     5728.120
498  rtREV+I+G4    2754.439     43  5594.877     5621.525     5733.584
499  rtREV+R2      2754.526     43  5595.052     5621.700     5733.760
510  rtREV+F+G4    2743.943     61  5609.886     5670.886     5806.656
511  rtREV+F+I+G4  2744.060     62  5612.120     5675.632     5812.116
512  rtREV+F+R2    2744.093     62  5612.186     5675.698     5812.182
523  cpREV+G4      2758.193     42  5600.387     5625.646     5735.868
524  cpREV+I+G4    2758.280     43  5602.561     5629.208     5741.268
525  cpREV+R2      2757.771     43  5601.542     5628.190     5740.250
536  cpREV+F+G4    2751.625     61  5625.249     5686.249     5822.020
537  cpREV+F+I+G4  2751.670     62  5627.340     5690.852     5827.336
538  cpREV+F+R2    2751.129     62  5626.258     5689.770     5826.254
Akaike Information Criterion:           JTT+G4
Corrected Akaike Information Criterion: JTT+G4
Bayesian Information Criterion:         JTT+G4
Best-fit model: JTT+G4 chosen according to BIC

All model information printed to apo-fr10_alignments/ApoC-I_aligned.fa.model.gz
CPU time for ModelFinder: 17.921 seconds (0h:0m:17s)
Wall-clock time for ModelFinder: 17.979 seconds (0h:0m:17s)
Generating 1000 samples for ultrafast bootstrap (seed: 966345)...

NOTE: 3 MB RAM (0 GB) is required!
Estimate model parameters (epsilon = 0.100)
1. Initial log-likelihood: -2723.817
Optimal log-likelihood: -2723.816
Gamma shape alpha: 5.395
Parameters optimization took 1 rounds (0.035 sec)
Computing ML distances based on estimated model parameters... 0.042 sec
Computing BIONJ tree...
0.001 seconds
Log-likelihood of BIONJ tree: -2725.448
--------------------------------------------------------------------
|             INITIALIZING CANDIDATE TREE SET                      |
--------------------------------------------------------------------
Generating 98 parsimony trees... 0.149 second
Computing log-likelihood of 98 initial trees ... 1.034 seconds
Current best score: -2723.816

Do NNI search on 20 best initial trees
Estimate model parameters (epsilon = 0.100)
BETTER TREE FOUND at iteration 1: -2723.322
Estimate model parameters (epsilon = 0.100)
BETTER TREE FOUND at iteration 2: -2719.382
Iteration 10 / LogL: -2724.189 / Time: 0h:0m:2s
Iteration 20 / LogL: -2723.341 / Time: 0h:0m:3s
Finish initializing candidate tree set (7)
Current best tree score: -2719.382 / CPU time: 3.796
Number of iterations: 20
--------------------------------------------------------------------
|               OPTIMIZING CANDIDATE TREE SET                      |
--------------------------------------------------------------------
Estimate model parameters (epsilon = 0.100)
BETTER TREE FOUND at iteration 25: -2719.197
Iteration 30 / LogL: -2719.963 / Time: 0h:0m:5s (0h:0m:17s left)
Iteration 40 / LogL: -2720.219 / Time: 0h:0m:7s (0h:0m:16s left)
Iteration 50 / LogL: -2720.648 / Time: 0h:0m:9s (0h:0m:14s left)
Log-likelihood cutoff on original alignment: -2744.728
Iteration 60 / LogL: -2719.801 / Time: 0h:0m:11s (0h:0m:12s left)
UPDATE BEST LOG-LIKELIHOOD: -2719.197
Iteration 70 / LogL: -2720.028 / Time: 0h:0m:13s (0h:0m:10s left)
Iteration 80 / LogL: -2720.039 / Time: 0h:0m:15s (0h:0m:8s left)
Iteration 90 / LogL: -2719.519 / Time: 0h:0m:17s (0h:0m:6s left)
Iteration 100 / LogL: -2719.690 / Time: 0h:0m:19s (0h:0m:4s left)
Log-likelihood cutoff on original alignment: -2743.904
NOTE: Bootstrap correlation coefficient of split occurrence frequencies: 0.991
Iteration 110 / LogL: -2719.405 / Time: 0h:0m:21s (0h:0m:17s left)
Iteration 120 / LogL: -2727.270 / Time: 0h:0m:23s (0h:0m:15s left)
TREE SEARCH COMPLETED AFTER 126 ITERATIONS / Time: 0h:0m:24s

--------------------------------------------------------------------
|                    FINALIZING TREE SEARCH                        |
--------------------------------------------------------------------
Performs final model parameters optimization
Estimate model parameters (epsilon = 0.010)
1. Initial log-likelihood: -2719.197
Optimal log-likelihood: -2719.197
Gamma shape alpha: 5.912
Parameters optimization took 1 rounds (0.038 sec)
BEST SCORE FOUND : -2719.197
Creating bootstrap support values...
Split supports printed to NEXUS file apo-fr10_alignments/ApoC-I_aligned.fa.splits.nex
Total tree length: 9.518

Total number of iterations: 126
CPU time used for tree search: 24.323 sec (0h:0m:24s)
Wall-clock time used for tree search: 24.466 sec (0h:0m:24s)
Total CPU time used: 24.544 sec (0h:0m:24s)
Total wall-clock time used: 24.697 sec (0h:0m:24s)

Computing bootstrap consensus tree...
Reading input file apo-fr10_alignments/ApoC-I_aligned.fa.splits.nex...
22 taxa and 199 splits.
Consensus tree written to apo-fr10_alignments/ApoC-I_aligned.fa.contree
Reading input trees file apo-fr10_alignments/ApoC-I_aligned.fa.contree
Log-likelihood of consensus tree: -2721.261

Analysis results written to: 
  IQ-TREE report:                apo-fr10_alignments/ApoC-I_aligned.fa.iqtree
  Maximum-likelihood tree:       apo-fr10_alignments/ApoC-I_aligned.fa.treefile
  Likelihood distances:          apo-fr10_alignments/ApoC-I_aligned.fa.mldist

Ultrafast bootstrap approximation results written to:
  Split support values:          apo-fr10_alignments/ApoC-I_aligned.fa.splits.nex
  Consensus tree:                apo-fr10_alignments/ApoC-I_aligned.fa.contree
  Screen log file:               apo-fr10_alignments/ApoC-I_aligned.fa.log

Date and Time: Thu Feb  1 21:44:44 2024
